<?xml version="1.0" encoding="UTF-8"?>
<testsuite xmlns:xsi="http://www.w3.org/2001/XMLSchema-instance" xsi:schemaLocation="https://maven.apache.org/surefire/maven-surefire-plugin/xsd/surefire-test-report.xsd" name="com.salesforce.omakase.parser.SourceTest" time="0.013" tests="130" errors="0" skipped="0" failures="0">
  <properties>
    <property name="java.runtime.name" value="OpenJDK Runtime Environment"/>
    <property name="sun.boot.library.path" value="/usr/local/openjdk-8/jre/lib/amd64"/>
    <property name="java.vm.version" value="25.262-b10"/>
    <property name="animal.sniffer.skip" value="true"/>
    <property name="java.vm.vendor" value="Oracle Corporation"/>
    <property name="maven.multiModuleProjectDirectory" value="/tmp/tmp8_b3cdmb/omakase"/>
    <property name="maven.javadoc.skip" value="true"/>
    <property name="java.vendor.url" value="http://java.oracle.com/"/>
    <property name="path.separator" value=":"/>
    <property name="guice.disable.misplaced.annotation.check" value="true"/>
    <property name="java.vm.name" value="OpenJDK 64-Bit Server VM"/>
    <property name="file.encoding.pkg" value="sun.io"/>
    <property name="sun.java.launcher" value="SUN_STANDARD"/>
    <property name="sun.os.patch.level" value="unknown"/>
    <property name="source.skip" value="true"/>
    <property name="java.vm.specification.name" value="Java Virtual Machine Specification"/>
    <property name="user.dir" value="/tmp/tmp8_b3cdmb/omakase"/>
    <property name="java.runtime.version" value="1.8.0_262-b10"/>
    <property name="java.awt.graphicsenv" value="sun.awt.X11GraphicsEnvironment"/>
    <property name="java.endorsed.dirs" value="/usr/local/openjdk-8/jre/lib/endorsed"/>
    <property name="os.arch" value="amd64"/>
    <property name="java.io.tmpdir" value="/tmp"/>
    <property name="line.separator" value="&#10;"/>
    <property name="java.vm.specification.vendor" value="Oracle Corporation"/>
    <property name="os.name" value="Linux"/>
    <property name="classworlds.conf" value="/usr/share/maven/bin/m2.conf"/>
    <property name="sun.jnu.encoding" value="UTF-8"/>
    <property name="java.library.path" value="/usr/java/packages/lib/amd64:/usr/lib64:/lib64:/lib:/usr/lib"/>
    <property name="license.skip" value="true"/>
    <property name="maven.conf" value="/usr/share/maven/conf"/>
    <property name="java.specification.name" value="Java Platform API Specification"/>
    <property name="java.class.version" value="52.0"/>
    <property name="sun.management.compiler" value="HotSpot 64-Bit Tiered Compilers"/>
    <property name="maven.test.failure.ignore" value="true"/>
    <property name="os.version" value="4.15.0-109-generic"/>
    <property name="library.jansi.path" value="/usr/share/maven/lib/jansi-native"/>
    <property name="user.home" value="/home/jdbl"/>
    <property name="user.timezone" value="Etc/UTC"/>
    <property name="java.awt.printerjob" value="sun.print.PSPrinterJob"/>
    <property name="java.specification.version" value="1.8"/>
    <property name="file.encoding" value="UTF-8"/>
    <property name="user.name" value="jdbl"/>
    <property name="java.class.path" value="/usr/share/maven/boot/plexus-classworlds-2.6.0.jar"/>
    <property name="java.vm.specification.version" value="1.8"/>
    <property name="sun.arch.data.model" value="64"/>
    <property name="java.home" value="/usr/local/openjdk-8/jre"/>
    <property name="sun.java.command" value="org.codehaus.plexus.classworlds.launcher.Launcher test -e --fail-never -ntp -Dmaven.test.failure.ignore=true -B -Dmaven.javadoc.skip=true -Drat.skip=true -Danimal.sniffer.skip=true -Dmaven.javadoc.skip=true -Dlicense.skip=true -Dsource.skip=true"/>
    <property name="java.specification.vendor" value="Oracle Corporation"/>
    <property name="user.language" value="en"/>
    <property name="awt.toolkit" value="sun.awt.X11.XToolkit"/>
    <property name="java.vm.info" value="mixed mode"/>
    <property name="java.version" value="1.8.0_262"/>
    <property name="java.ext.dirs" value="/usr/local/openjdk-8/jre/lib/ext:/usr/java/packages/lib/ext"/>
    <property name="securerandom.source" value="file:/dev/./urandom"/>
    <property name="sun.boot.class.path" value="/usr/local/openjdk-8/jre/lib/resources.jar:/usr/local/openjdk-8/jre/lib/rt.jar:/usr/local/openjdk-8/jre/lib/sunrsasign.jar:/usr/local/openjdk-8/jre/lib/jsse.jar:/usr/local/openjdk-8/jre/lib/jce.jar:/usr/local/openjdk-8/jre/lib/charsets.jar:/usr/local/openjdk-8/jre/lib/jfr.jar:/usr/local/openjdk-8/jre/classes"/>
    <property name="java.vendor" value="Oracle Corporation"/>
    <property name="rat.skip" value="true"/>
    <property name="maven.home" value="/usr/share/maven"/>
    <property name="file.separator" value="/"/>
    <property name="java.vendor.url.bug" value="http://bugreport.sun.com/bugreport/"/>
    <property name="sun.cpu.endian" value="little"/>
    <property name="sun.io.unicode.encoding" value="UnicodeLittle"/>
    <property name="sun.cpu.isalist" value=""/>
  </properties>
  <testcase name="toStringContextualLong" classname="com.salesforce.omakase.parser.SourceTest" time="0.001"/>
  <testcase name="isEscaped" classname="com.salesforce.omakase.parser.SourceTest" time="0"/>
  <testcase name="untilWhenAtEof" classname="com.salesforce.omakase.parser.SourceTest" time="0"/>
  <testcase name="constantEnumCaseInsensitiveMatchesCase" classname="com.salesforce.omakase.parser.SourceTest" time="0"/>
  <testcase name="chompMatches" classname="com.salesforce.omakase.parser.SourceTest" time="0.001"/>
  <testcase name="chompEnclosedDoesntMatch" classname="com.salesforce.omakase.parser.SourceTest" time="0"/>
  <testcase name="readIdentLevel3HypenDigit" classname="com.salesforce.omakase.parser.SourceTest" time="0"/>
  <testcase name="peekFarther" classname="com.salesforce.omakase.parser.SourceTest" time="0.001"/>
  <testcase name="unclosedComment" classname="com.salesforce.omakase.parser.SourceTest" time="0.001"/>
  <testcase name="readStringAbsent" classname="com.salesforce.omakase.parser.SourceTest" time="0"/>
  <testcase name="readStringMissingClosingSingleQuote" classname="com.salesforce.omakase.parser.SourceTest" time="0"/>
  <testcase name="readConstantMatches" classname="com.salesforce.omakase.parser.SourceTest" time="0"/>
  <testcase name="toStringContextualLongAtBeginning" classname="com.salesforce.omakase.parser.SourceTest" time="0"/>
  <testcase name="readIdentDoubleHyphen" classname="com.salesforce.omakase.parser.SourceTest" time="0"/>
  <testcase name="optionalFromEnumMatches" classname="com.salesforce.omakase.parser.SourceTest" time="0.001"/>
  <testcase name="readStringMissingClosingDoubleQuote" classname="com.salesforce.omakase.parser.SourceTest" time="0"/>
  <testcase name="chompEnclosedWithEscaped" classname="com.salesforce.omakase.parser.SourceTest" time="0"/>
  <testcase name="untilSkipParens" classname="com.salesforce.omakase.parser.SourceTest" time="0"/>
  <testcase name="anchorColumn" classname="com.salesforce.omakase.parser.SourceTest" time="0"/>
  <testcase name="untilSkipString" classname="com.salesforce.omakase.parser.SourceTest" time="0"/>
  <testcase name="readStringStartingSingleQuoteIsEcaped" classname="com.salesforce.omakase.parser.SourceTest" time="0"/>
  <testcase name="column" classname="com.salesforce.omakase.parser.SourceTest" time="0"/>
  <testcase name="readConstantDoesntMatchInBounds" classname="com.salesforce.omakase.parser.SourceTest" time="0"/>
  <testcase name="anchorLine" classname="com.salesforce.omakase.parser.SourceTest" time="0"/>
  <testcase name="originalColumnAnchorColumnIs1ColumnMoreThan1" classname="com.salesforce.omakase.parser.SourceTest" time="0"/>
  <testcase name="readStringSingleQuoteWithInnerEscapes" classname="com.salesforce.omakase.parser.SourceTest" time="0.001"/>
  <testcase name="chompEnclosedInDoubleQuotes" classname="com.salesforce.omakase.parser.SourceTest" time="0"/>
  <testcase name="toStringContextualShort" classname="com.salesforce.omakase.parser.SourceTest" time="0"/>
  <testcase name="findCommentsTrueSkipWhitespaceTrueBecauseOfWhitespace" classname="com.salesforce.omakase.parser.SourceTest" time="0"/>
  <testcase name="readConstantDoesntMatchOutOfBounds" classname="com.salesforce.omakase.parser.SourceTest" time="0"/>
  <testcase name="length" classname="com.salesforce.omakase.parser.SourceTest" time="0"/>
  <testcase name="chompDoesntMatch" classname="com.salesforce.omakase.parser.SourceTest" time="0"/>
  <testcase name="readIdentMatches" classname="com.salesforce.omakase.parser.SourceTest" time="0"/>
  <testcase name="readIdentLevel3DoubleHyphenMatches" classname="com.salesforce.omakase.parser.SourceTest" time="0"/>
  <testcase name="skipWhitespaceMixed" classname="com.salesforce.omakase.parser.SourceTest" time="0"/>
  <testcase name="source" classname="com.salesforce.omakase.parser.SourceTest" time="0"/>
  <testcase name="constantEnumCaseSensitiveMatchesCase" classname="com.salesforce.omakase.parser.SourceTest" time="0.001"/>
  <testcase name="originalColumnAnchorColumn1ColumnIs1" classname="com.salesforce.omakase.parser.SourceTest" time="0"/>
  <testcase name="untilSkipEscaped" classname="com.salesforce.omakase.parser.SourceTest" time="0"/>
  <testcase name="readIdentMatchesUC" classname="com.salesforce.omakase.parser.SourceTest" time="0"/>
  <testcase name="collectComments" classname="com.salesforce.omakase.parser.SourceTest" time="0"/>
  <testcase name="skipWhitespaceNewlines" classname="com.salesforce.omakase.parser.SourceTest" time="0"/>
  <testcase name="forward" classname="com.salesforce.omakase.parser.SourceTest" time="0"/>
  <testcase name="chompEnclosedSameDelimiters" classname="com.salesforce.omakase.parser.SourceTest" time="0"/>
  <testcase name="readIdentMatchesStartsWithUnderscore" classname="com.salesforce.omakase.parser.SourceTest" time="0"/>
  <testcase name="expectDoesntMatch" classname="com.salesforce.omakase.parser.SourceTest" time="0"/>
  <testcase name="optionalFromEnumDoesntMatch" classname="com.salesforce.omakase.parser.SourceTest" time="0"/>
  <testcase name="collectCommentsNoSkipWhitespace" classname="com.salesforce.omakase.parser.SourceTest" time="0.001"/>
  <testcase name="optionallyMatchesPresent" classname="com.salesforce.omakase.parser.SourceTest" time="0"/>
  <testcase name="readIdentMatchesStartsWithHyphen" classname="com.salesforce.omakase.parser.SourceTest" time="0"/>
  <testcase name="nextAdvancesColumnAndLine" classname="com.salesforce.omakase.parser.SourceTest" time="0"/>
  <testcase name="originalColumnAnchorColumnMoreThan1ColumnMoreThan1" classname="com.salesforce.omakase.parser.SourceTest" time="0"/>
  <testcase name="chompEnclosedInSingleQuotes" classname="com.salesforce.omakase.parser.SourceTest" time="0"/>
  <testcase name="chompUnclosedUnmatchedNested" classname="com.salesforce.omakase.parser.SourceTest" time="0"/>
  <testcase name="readConstantCaseInsensitiveDoesntMatch" classname="com.salesforce.omakase.parser.SourceTest" time="0"/>
  <testcase name="readIdentLevel3MatchesStartsWithUnderscore" classname="com.salesforce.omakase.parser.SourceTest" time="0"/>
  <testcase name="rollback" classname="com.salesforce.omakase.parser.SourceTest" time="0"/>
  <testcase name="readIdentDoesntMatch" classname="com.salesforce.omakase.parser.SourceTest" time="0"/>
  <testcase name="multilineComment" classname="com.salesforce.omakase.parser.SourceTest" time="0"/>
  <testcase name="chompEnclosedDifferentDelimiters" classname="com.salesforce.omakase.parser.SourceTest" time="0"/>
  <testcase name="readIdentHyphenOnly" classname="com.salesforce.omakase.parser.SourceTest" time="0"/>
  <testcase name="collectCommentsMultiple" classname="com.salesforce.omakase.parser.SourceTest" time="0.003"/>
  <testcase name="correctIndexPositionWhenCommentFound" classname="com.salesforce.omakase.parser.SourceTest" time="0"/>
  <testcase name="originalLineAnchorLineMoreThan1LineMoreThan1" classname="com.salesforce.omakase.parser.SourceTest" time="0"/>
  <testcase name="streamFromRaw" classname="com.salesforce.omakase.parser.SourceTest" time="0"/>
  <testcase name="readIdentDoesntMatchOther" classname="com.salesforce.omakase.parser.SourceTest" time="0"/>
  <testcase name="eof" classname="com.salesforce.omakase.parser.SourceTest" time="0"/>
  <testcase name="line" classname="com.salesforce.omakase.parser.SourceTest" time="0"/>
  <testcase name="peek" classname="com.salesforce.omakase.parser.SourceTest" time="0"/>
  <testcase name="skip" classname="com.salesforce.omakase.parser.SourceTest" time="0"/>
  <testcase name="constantEnumCaseSensitiveMatchesUpperCase" classname="com.salesforce.omakase.parser.SourceTest" time="0"/>
  <testcase name="optionalFromConstantEnumCaseInsensitiveDoesntMatch" classname="com.salesforce.omakase.parser.SourceTest" time="0"/>
  <testcase name="index" classname="com.salesforce.omakase.parser.SourceTest" time="0"/>
  <testcase name="until" classname="com.salesforce.omakase.parser.SourceTest" time="0"/>
  <testcase name="optionallyMatchesDoesntMatch" classname="com.salesforce.omakase.parser.SourceTest" time="0"/>
  <testcase name="readIdentLevel3DoubleHyphenOnlyMatches" classname="com.salesforce.omakase.parser.SourceTest" time="0"/>
  <testcase name="optionalDoesntMatch" classname="com.salesforce.omakase.parser.SourceTest" time="0"/>
  <testcase name="readIdentLevel3DoesntMatchOther" classname="com.salesforce.omakase.parser.SourceTest" time="0"/>
  <testcase name="originalColumnAnchorColumnMoreThan1ColumnIs1" classname="com.salesforce.omakase.parser.SourceTest" time="0"/>
  <testcase name="singleQuoteDoesntOpenStringInsideComments" classname="com.salesforce.omakase.parser.SourceTest" time="0"/>
  <testcase name="constantEnumCaseInsensitiveMatchesUpperCase" classname="com.salesforce.omakase.parser.SourceTest" time="0"/>
  <testcase name="nestedStringsDoubleQuotes" classname="com.salesforce.omakase.parser.SourceTest" time="0"/>
  <testcase name="readIdentLevel3MatchesUC" classname="com.salesforce.omakase.parser.SourceTest" time="0"/>
  <testcase name="snapshot" classname="com.salesforce.omakase.parser.SourceTest" time="0"/>
  <testcase name="readStringStartingDoubleQuoteIsEscaped" classname="com.salesforce.omakase.parser.SourceTest" time="0"/>
  <testcase name="testInString" classname="com.salesforce.omakase.parser.SourceTest" time="0"/>
  <testcase name="readConstantMatchesEnd" classname="com.salesforce.omakase.parser.SourceTest" time="0"/>
  <testcase name="readStringDoubleQuoteWithInnerEscapes" classname="com.salesforce.omakase.parser.SourceTest" time="0"/>
  <testcase name="findCommentsTrueSkipWhitespaceOnlyWhitespace" classname="com.salesforce.omakase.parser.SourceTest" time="0"/>
  <testcase name="originalLineAnchorLineMoreThan1LineIs1" classname="com.salesforce.omakase.parser.SourceTest" time="0"/>
  <testcase name="optionalMatches" classname="com.salesforce.omakase.parser.SourceTest" time="0"/>
  <testcase name="readIdentLevel3HyphenOnly" classname="com.salesforce.omakase.parser.SourceTest" time="0"/>
  <testcase name="readIdentLevel3MatchesStartsWithHyphen" classname="com.salesforce.omakase.parser.SourceTest" time="0"/>
  <testcase name="originalLineAnchorLineIs1LineMoreThan1" classname="com.salesforce.omakase.parser.SourceTest" time="0"/>
  <testcase name="forwardOutOfRange" classname="com.salesforce.omakase.parser.SourceTest" time="0"/>
  <testcase name="originalColumnWhenLineGreaterThan1" classname="com.salesforce.omakase.parser.SourceTest" time="0"/>
  <testcase name="collectCommentsPrecedingWhitespace" classname="com.salesforce.omakase.parser.SourceTest" time="0"/>
  <testcase name="readIdentLevel3Matches" classname="com.salesforce.omakase.parser.SourceTest" time="0"/>
  <testcase name="peekPrevious" classname="com.salesforce.omakase.parser.SourceTest" time="0"/>
  <testcase name="findCommentsTrueSkipWhitespaceFalse" classname="com.salesforce.omakase.parser.SourceTest" time="0"/>
  <testcase name="findCommentsTrueSkipWhitespaceTrue" classname="com.salesforce.omakase.parser.SourceTest" time="0"/>
  <testcase name="findCommentsFalseSkipWhitespaceTrue" classname="com.salesforce.omakase.parser.SourceTest" time="0"/>
  <testcase name="remaining" classname="com.salesforce.omakase.parser.SourceTest" time="0"/>
  <testcase name="expectMatches" classname="com.salesforce.omakase.parser.SourceTest" time="0"/>
  <testcase name="nestedStringsSingleQuotes" classname="com.salesforce.omakase.parser.SourceTest" time="0"/>
  <testcase name="rollbackWithMessage" classname="com.salesforce.omakase.parser.SourceTest" time="0"/>
  <testcase name="findCommentsFalseSkipWhitespaceFalse" classname="com.salesforce.omakase.parser.SourceTest" time="0"/>
  <testcase name="current" classname="com.salesforce.omakase.parser.SourceTest" time="0"/>
  <testcase name="untilNotPresent" classname="com.salesforce.omakase.parser.SourceTest" time="0"/>
  <testcase name="readStringSingleQuote" classname="com.salesforce.omakase.parser.SourceTest" time="0"/>
  <testcase name="peekPreviousWhenAtBeginning" classname="com.salesforce.omakase.parser.SourceTest" time="0"/>
  <testcase name="readStringDoubleQuote" classname="com.salesforce.omakase.parser.SourceTest" time="0"/>
  <testcase name="readIdentLevel3DoesntMatch" classname="com.salesforce.omakase.parser.SourceTest" time="0"/>
  <testcase name="readConstantCaseInsensitiveMatches" classname="com.salesforce.omakase.parser.SourceTest" time="0"/>
  <testcase name="toStringPositioning" classname="com.salesforce.omakase.parser.SourceTest" time="0"/>
  <testcase name="readIdentHypenDigit" classname="com.salesforce.omakase.parser.SourceTest" time="0"/>
  <testcase name="isSubstream" classname="com.salesforce.omakase.parser.SourceTest" time="0"/>
  <testcase name="skipWhitespaceSpaces" classname="com.salesforce.omakase.parser.SourceTest" time="0"/>
  <testcase name="readConstantEof" classname="com.salesforce.omakase.parser.SourceTest" time="0"/>
  <testcase name="chompEnclosedWithNesting" classname="com.salesforce.omakase.parser.SourceTest" time="0"/>
  <testcase name="commentsWithEscapes" classname="com.salesforce.omakase.parser.SourceTest" time="0"/>
  <testcase name="peekOutOfRange" classname="com.salesforce.omakase.parser.SourceTest" time="0.001"/>
  <testcase name="chompEof" classname="com.salesforce.omakase.parser.SourceTest" time="0"/>
  <testcase name="doubleQuoteDoesntOpenStringInsideComments" classname="com.salesforce.omakase.parser.SourceTest" time="0"/>
  <testcase name="readConstantMatchesMiddle" classname="com.salesforce.omakase.parser.SourceTest" time="0"/>
  <testcase name="originalLineAnchorLineIs1LineIs1" classname="com.salesforce.omakase.parser.SourceTest" time="0"/>
  <testcase name="toStringContextualLongAtEnd" classname="com.salesforce.omakase.parser.SourceTest" time="0"/>
  <testcase name="skipAtEnd" classname="com.salesforce.omakase.parser.SourceTest" time="0"/>
  <testcase name="optionalFromConstantEnumCaseSensitiveDoesntMatch" classname="com.salesforce.omakase.parser.SourceTest" time="0"/>
  <testcase name="collectCommentsWhitespaceInBetween" classname="com.salesforce.omakase.parser.SourceTest" time="0"/>
</testsuite>