<?xml version="1.0" encoding="UTF-8" ?>
<testsuite 
errors="0" failures="0" hostname="72586c47602d" name="org.scalatest.tools.DiscoverySuite" tests="0" time="47.282" timestamp="2020-07-31T05:00:54">
  <properties>
    <property name="java.runtime.name" value="OpenJDK Runtime Environment"/>
    <property 
    name="sun.boot.library.path" value="/usr/local/openjdk-8/jre/lib/amd64">
</property>
    <property name="java.vm.version" value="25.262-b10"/>
    <property name="java.vm.vendor" value="Oracle Corporation"/>
    <property name="java.vendor.url" value="http://java.oracle.com/"/>
    <property name="path.separator" value=":"/>
    <property name="java.vm.name" value="OpenJDK 64-Bit Server VM"/>
    <property name="file.encoding.pkg" value="sun.io"/>
    <property name="sun.java.launcher" value="SUN_STANDARD"/>
    <property name="sun.os.patch.level" value="unknown"/>
    <property 
    name="java.vm.specification.name" value="Java Virtual Machine Specification">
</property>
    <property name="user.dir" value="/tmp/tmpwxy6kkrw/ldbc_snb_datagen"/>
    <property name="java.runtime.version" value="1.8.0_262-b10"/>
    <property 
    name="java.awt.graphicsenv" value="sun.awt.X11GraphicsEnvironment">
</property>
    <property name="basedir" value="/tmp/tmpwxy6kkrw/ldbc_snb_datagen"/>
    <property 
    name="java.endorsed.dirs" value="/usr/local/openjdk-8/jre/lib/endorsed">
</property>
    <property name="os.arch" value="amd64"/>
    <property name="java.io.tmpdir" value="/tmp"/>
    <property name="line.separator" value=" "/>
    <property name="java.vm.specification.vendor" value="Oracle Corporation"/>
    <property name="os.name" value="Linux"/>
    <property name="sun.jnu.encoding" value="UTF-8"/>
    <property 
    name="java.library.path" value="/usr/java/packages/lib/amd64:/usr/lib64:/lib64:/lib:/usr/lib">
</property>
    <property 
    name="java.specification.name" value="Java Platform API Specification">
</property>
    <property name="java.class.version" value="52.0"/>
    <property 
    name="sun.management.compiler" value="HotSpot 64-Bit Tiered Compilers">
</property>
    <property name="os.version" value="4.15.0-109-generic"/>
    <property name="user.home" value="/home/jdbl"/>
    <property name="user.timezone" value=""/>
    <property name="java.awt.printerjob" value="sun.print.PSPrinterJob"/>
    <property name="file.encoding" value="UTF-8"/>
    <property name="java.specification.version" value="1.8"/>
    <property name="user.name" value="jdbl"/>
    <property 
    name="java.class.path" value="/tmp/tmpwxy6kkrw/ldbc_snb_datagen/target/test-classes:/tmp/tmpwxy6kkrw/ldbc_snb_datagen/target/classes:/home/jdbl/.m2/repository/org/scala-lang/scala-library/2.11.12/scala-library-2.11.12.jar:/home/jdbl/.m2/repository/org/apache/spark/spark-sql_2.11/2.4.5/spark-sql_2.11-2.4.5.jar:/home/jdbl/.m2/repository/com/univocity/univocity-parsers/2.7.3/univocity-parsers-2.7.3.jar:/home/jdbl/.m2/repository/org/apache/spark/spark-sketch_2.11/2.4.5/spark-sketch_2.11-2.4.5.jar:/home/jdbl/.m2/repository/org/apache/spark/spark-catalyst_2.11/2.4.5/spark-catalyst_2.11-2.4.5.jar:/home/jdbl/.m2/repository/org/scala-lang/modules/scala-parser-combinators_2.11/1.1.0/scala-parser-combinators_2.11-1.1.0.jar:/home/jdbl/.m2/repository/org/codehaus/janino/janino/3.0.9/janino-3.0.9.jar:/home/jdbl/.m2/repository/org/codehaus/janino/commons-compiler/3.0.9/commons-compiler-3.0.9.jar:/home/jdbl/.m2/repository/org/antlr/antlr4-runtime/4.7/antlr4-runtime-4.7.jar:/home/jdbl/.m2/repository/commons-codec/commons-codec/1.10/commons-codec-1.10.jar:/home/jdbl/.m2/repository/org/apache/spark/spark-tags_2.11/2.4.5/spark-tags_2.11-2.4.5.jar:/home/jdbl/.m2/repository/org/apache/orc/orc-core/1.5.5/orc-core-1.5.5-nohive.jar:/home/jdbl/.m2/repository/org/apache/orc/orc-shims/1.5.5/orc-shims-1.5.5.jar:/home/jdbl/.m2/repository/com/google/protobuf/protobuf-java/2.5.0/protobuf-java-2.5.0.jar:/home/jdbl/.m2/repository/commons-lang/commons-lang/2.6/commons-lang-2.6.jar:/home/jdbl/.m2/repository/io/airlift/aircompressor/0.10/aircompressor-0.10.jar:/home/jdbl/.m2/repository/org/apache/orc/orc-mapreduce/1.5.5/orc-mapreduce-1.5.5-nohive.jar:/home/jdbl/.m2/repository/org/apache/parquet/parquet-column/1.10.1/parquet-column-1.10.1.jar:/home/jdbl/.m2/repository/org/apache/parquet/parquet-common/1.10.1/parquet-common-1.10.1.jar:/home/jdbl/.m2/repository/org/apache/parquet/parquet-encoding/1.10.1/parquet-encoding-1.10.1.jar:/home/jdbl/.m2/repository/org/apache/parquet/parquet-hadoop/1.10.1/parquet-hadoop-1.10.1.jar:/home/jdbl/.m2/repository/org/apache/parquet/parquet-format/2.4.0/parquet-format-2.4.0.jar:/home/jdbl/.m2/repository/org/apache/parquet/parquet-jackson/1.10.1/parquet-jackson-1.10.1.jar:/home/jdbl/.m2/repository/org/codehaus/jackson/jackson-mapper-asl/1.9.13/jackson-mapper-asl-1.9.13.jar:/home/jdbl/.m2/repository/org/codehaus/jackson/jackson-core-asl/1.9.13/jackson-core-asl-1.9.13.jar:/home/jdbl/.m2/repository/com/fasterxml/jackson/core/jackson-databind/2.6.7.3/jackson-databind-2.6.7.3.jar:/home/jdbl/.m2/repository/com/fasterxml/jackson/core/jackson-annotations/2.6.0/jackson-annotations-2.6.0.jar:/home/jdbl/.m2/repository/com/fasterxml/jackson/core/jackson-core/2.6.7/jackson-core-2.6.7.jar:/home/jdbl/.m2/repository/org/apache/arrow/arrow-vector/0.10.0/arrow-vector-0.10.0.jar:/home/jdbl/.m2/repository/org/apache/arrow/arrow-format/0.10.0/arrow-format-0.10.0.jar:/home/jdbl/.m2/repository/org/apache/arrow/arrow-memory/0.10.0/arrow-memory-0.10.0.jar:/home/jdbl/.m2/repository/joda-time/joda-time/2.9.9/joda-time-2.9.9.jar:/home/jdbl/.m2/repository/com/carrotsearch/hppc/0.7.2/hppc-0.7.2.jar:/home/jdbl/.m2/repository/com/vlkan/flatbuffers/1.2.0-3f79e055/flatbuffers-1.2.0-3f79e055.jar:/home/jdbl/.m2/repository/org/apache/xbean/xbean-asm6-shaded/4.8/xbean-asm6-shaded-4.8.jar:/home/jdbl/.m2/repository/org/spark-project/spark/unused/1.0.0/unused-1.0.0.jar:/home/jdbl/.m2/repository/org/apache/spark/spark-core_2.11/2.4.5/spark-core_2.11-2.4.5.jar:/home/jdbl/.m2/repository/com/thoughtworks/paranamer/paranamer/2.8/paranamer-2.8.jar:/home/jdbl/.m2/repository/org/apache/avro/avro/1.8.2/avro-1.8.2.jar:/home/jdbl/.m2/repository/org/apache/commons/commons-compress/1.8.1/commons-compress-1.8.1.jar:/home/jdbl/.m2/repository/org/tukaani/xz/1.5/xz-1.5.jar:/home/jdbl/.m2/repository/org/apache/avro/avro-mapred/1.8.2/avro-mapred-1.8.2-hadoop2.jar:/home/jdbl/.m2/repository/org/apache/avro/avro-ipc/1.8.2/avro-ipc-1.8.2.jar:/home/jdbl/.m2/repository/com/twitter/chill_2.11/0.9.3/chill_2.11-0.9.3.jar:/home/jdbl/.m2/repository/com/esotericsoftware/kryo-shaded/4.0.2/kryo-shaded-4.0.2.jar:/home/jdbl/.m2/repository/com/esotericsoftware/minlog/1.3.0/minlog-1.3.0.jar:/home/jdbl/.m2/repository/com/twitter/chill-java/0.9.3/chill-java-0.9.3.jar:/home/jdbl/.m2/repository/org/apache/spark/spark-launcher_2.11/2.4.5/spark-launcher_2.11-2.4.5.jar:/home/jdbl/.m2/repository/org/apache/spark/spark-kvstore_2.11/2.4.5/spark-kvstore_2.11-2.4.5.jar:/home/jdbl/.m2/repository/org/fusesource/leveldbjni/leveldbjni-all/1.8/leveldbjni-all-1.8.jar:/home/jdbl/.m2/repository/org/apache/spark/spark-network-common_2.11/2.4.5/spark-network-common_2.11-2.4.5.jar:/home/jdbl/.m2/repository/org/apache/spark/spark-network-shuffle_2.11/2.4.5/spark-network-shuffle_2.11-2.4.5.jar:/home/jdbl/.m2/repository/org/apache/spark/spark-unsafe_2.11/2.4.5/spark-unsafe_2.11-2.4.5.jar:/home/jdbl/.m2/repository/javax/activation/activation/1.1.1/activation-1.1.1.jar:/home/jdbl/.m2/repository/org/apache/curator/curator-recipes/2.6.0/curator-recipes-2.6.0.jar:/home/jdbl/.m2/repository/org/apache/curator/curator-framework/2.6.0/curator-framework-2.6.0.jar:/home/jdbl/.m2/repository/org/apache/zookeeper/zookeeper/3.4.6/zookeeper-3.4.6.jar:/home/jdbl/.m2/repository/javax/servlet/javax.servlet-api/3.1.0/javax.servlet-api-3.1.0.jar:/home/jdbl/.m2/repository/org/apache/commons/commons-lang3/3.5/commons-lang3-3.5.jar:/home/jdbl/.m2/repository/com/google/code/findbugs/jsr305/1.3.9/jsr305-1.3.9.jar:/home/jdbl/.m2/repository/org/slf4j/slf4j-api/1.7.16/slf4j-api-1.7.16.jar:/home/jdbl/.m2/repository/org/slf4j/jul-to-slf4j/1.7.16/jul-to-slf4j-1.7.16.jar:/home/jdbl/.m2/repository/org/slf4j/jcl-over-slf4j/1.7.16/jcl-over-slf4j-1.7.16.jar:/home/jdbl/.m2/repository/log4j/log4j/1.2.17/log4j-1.2.17.jar:/home/jdbl/.m2/repository/com/ning/compress-lzf/1.0.3/compress-lzf-1.0.3.jar:/home/jdbl/.m2/repository/org/xerial/snappy/snappy-java/1.1.7.3/snappy-java-1.1.7.3.jar:/home/jdbl/.m2/repository/org/lz4/lz4-java/1.4.0/lz4-java-1.4.0.jar:/home/jdbl/.m2/repository/com/github/luben/zstd-jni/1.3.2-2/zstd-jni-1.3.2-2.jar:/home/jdbl/.m2/repository/commons-net/commons-net/3.1/commons-net-3.1.jar:/home/jdbl/.m2/repository/org/json4s/json4s-jackson_2.11/3.5.3/json4s-jackson_2.11-3.5.3.jar:/home/jdbl/.m2/repository/org/json4s/json4s-core_2.11/3.5.3/json4s-core_2.11-3.5.3.jar:/home/jdbl/.m2/repository/org/json4s/json4s-ast_2.11/3.5.3/json4s-ast_2.11-3.5.3.jar:/home/jdbl/.m2/repository/org/json4s/json4s-scalap_2.11/3.5.3/json4s-scalap_2.11-3.5.3.jar:/home/jdbl/.m2/repository/org/glassfish/jersey/core/jersey-client/2.22.2/jersey-client-2.22.2.jar:/home/jdbl/.m2/repository/javax/ws/rs/javax.ws.rs-api/2.0.1/javax.ws.rs-api-2.0.1.jar:/home/jdbl/.m2/repository/org/glassfish/hk2/hk2-api/2.4.0-b34/hk2-api-2.4.0-b34.jar:/home/jdbl/.m2/repository/org/glassfish/hk2/hk2-utils/2.4.0-b34/hk2-utils-2.4.0-b34.jar:/home/jdbl/.m2/repository/org/glassfish/hk2/external/aopalliance-repackaged/2.4.0-b34/aopalliance-repackaged-2.4.0-b34.jar:/home/jdbl/.m2/repository/org/glassfish/hk2/external/javax.inject/2.4.0-b34/javax.inject-2.4.0-b34.jar:/home/jdbl/.m2/repository/org/glassfish/hk2/hk2-locator/2.4.0-b34/hk2-locator-2.4.0-b34.jar:/home/jdbl/.m2/repository/org/javassist/javassist/3.18.1-GA/javassist-3.18.1-GA.jar:/home/jdbl/.m2/repository/org/glassfish/jersey/core/jersey-common/2.22.2/jersey-common-2.22.2.jar:/home/jdbl/.m2/repository/javax/annotation/javax.annotation-api/1.2/javax.annotation-api-1.2.jar:/home/jdbl/.m2/repository/org/glassfish/jersey/bundles/repackaged/jersey-guava/2.22.2/jersey-guava-2.22.2.jar:/home/jdbl/.m2/repository/org/glassfish/hk2/osgi-resource-locator/1.0.1/osgi-resource-locator-1.0.1.jar:/home/jdbl/.m2/repository/org/glassfish/jersey/core/jersey-server/2.22.2/jersey-server-2.22.2.jar:/home/jdbl/.m2/repository/org/glassfish/jersey/media/jersey-media-jaxb/2.22.2/jersey-media-jaxb-2.22.2.jar:/home/jdbl/.m2/repository/javax/validation/validation-api/1.1.0.Final/validation-api-1.1.0.Final.jar:/home/jdbl/.m2/repository/org/glassfish/jersey/containers/jersey-container-servlet/2.22.2/jersey-container-servlet-2.22.2.jar:/home/jdbl/.m2/repository/org/glassfish/jersey/containers/jersey-container-servlet-core/2.22.2/jersey-container-servlet-core-2.22.2.jar:/home/jdbl/.m2/repository/io/netty/netty-all/4.1.42.Final/netty-all-4.1.42.Final.jar:/home/jdbl/.m2/repository/io/netty/netty/3.9.9.Final/netty-3.9.9.Final.jar:/home/jdbl/.m2/repository/com/clearspring/analytics/stream/2.7.0/stream-2.7.0.jar:/home/jdbl/.m2/repository/io/dropwizard/metrics/metrics-core/3.1.5/metrics-core-3.1.5.jar:/home/jdbl/.m2/repository/io/dropwizard/metrics/metrics-jvm/3.1.5/metrics-jvm-3.1.5.jar:/home/jdbl/.m2/repository/io/dropwizard/metrics/metrics-json/3.1.5/metrics-json-3.1.5.jar:/home/jdbl/.m2/repository/io/dropwizard/metrics/metrics-graphite/3.1.5/metrics-graphite-3.1.5.jar:/home/jdbl/.m2/repository/com/fasterxml/jackson/module/jackson-module-scala_2.11/2.6.7.1/jackson-module-scala_2.11-2.6.7.1.jar:/home/jdbl/.m2/repository/com/fasterxml/jackson/module/jackson-module-paranamer/2.7.9/jackson-module-paranamer-2.7.9.jar:/home/jdbl/.m2/repository/org/apache/ivy/ivy/2.4.0/ivy-2.4.0.jar:/home/jdbl/.m2/repository/oro/oro/2.0.8/oro-2.0.8.jar:/home/jdbl/.m2/repository/net/razorvine/pyrolite/4.13/pyrolite-4.13.jar:/home/jdbl/.m2/repository/net/sf/py4j/py4j/0.10.7/py4j-0.10.7.jar:/home/jdbl/.m2/repository/org/apache/commons/commons-crypto/1.0.0/commons-crypto-1.0.0.jar:/home/jdbl/.m2/repository/junit/junit/4.12/junit-4.12.jar:/home/jdbl/.m2/repository/org/hamcrest/hamcrest-core/1.3/hamcrest-core-1.3.jar:/home/jdbl/.m2/repository/org/scalatest/scalatest_2.11/3.0.5/scalatest_2.11-3.0.5.jar:/home/jdbl/.m2/repository/org/scalactic/scalactic_2.11/3.0.5/scalactic_2.11-3.0.5.jar:/home/jdbl/.m2/repository/org/scala-lang/scala-reflect/2.11.12/scala-reflect-2.11.12.jar:/home/jdbl/.m2/repository/org/scala-lang/modules/scala-xml_2.11/1.0.6/scala-xml_2.11-1.0.6.jar:/home/jdbl/.m2/repository/org/specs2/specs2-core_2.11/4.2.0/specs2-core_2.11-4.2.0.jar:/home/jdbl/.m2/repository/org/specs2/specs2-matcher_2.11/4.2.0/specs2-matcher_2.11-4.2.0.jar:/home/jdbl/.m2/repository/org/specs2/specs2-common_2.11/4.2.0/specs2-common_2.11-4.2.0.jar:/home/jdbl/.m2/repository/org/specs2/specs2-fp_2.11/4.2.0/specs2-fp_2.11-4.2.0.jar:/home/jdbl/.m2/repository/org/scala-sbt/test-interface/1.0/test-interface-1.0.jar:/home/jdbl/.m2/repository/org/specs2/specs2-junit_2.11/4.2.0/specs2-junit_2.11-4.2.0.jar:/home/jdbl/.m2/repository/com/github/pathikrit/better-files_2.11/3.8.0/better-files_2.11-3.8.0.jar:/home/jdbl/.m2/repository/com/github/scopt/scopt_2.11/3.7.1/scopt_2.11-3.7.1.jar:/home/jdbl/.m2/repository/com/google/guava/guava/25.1-jre/guava-25.1-jre.jar:/home/jdbl/.m2/repository/org/checkerframework/checker-qual/2.0.0/checker-qual-2.0.0.jar:/home/jdbl/.m2/repository/com/google/errorprone/error_prone_annotations/2.1.3/error_prone_annotations-2.1.3.jar:/home/jdbl/.m2/repository/com/google/j2objc/j2objc-annotations/1.1/j2objc-annotations-1.1.jar:/home/jdbl/.m2/repository/org/codehaus/mojo/animal-sniffer-annotations/1.14/animal-sniffer-annotations-1.14.jar:/home/jdbl/.m2/repository/xerces/xercesImpl/2.9.1/xercesImpl-2.9.1.jar:/home/jdbl/.m2/repository/xml-apis/xml-apis/1.3.04/xml-apis-1.3.04.jar:/home/jdbl/.m2/repository/xalan/xalan/2.7.1/xalan-2.7.1.jar:/home/jdbl/.m2/repository/xalan/serializer/2.7.1/serializer-2.7.1.jar:/home/jdbl/.m2/repository/org/javatuples/javatuples/1.2/javatuples-1.2.jar:/home/jdbl/.m2/repository/org/mockito/mockito-core/3.3.3/mockito-core-3.3.3.jar:/home/jdbl/.m2/repository/net/bytebuddy/byte-buddy/1.10.5/byte-buddy-1.10.5.jar:/home/jdbl/.m2/repository/net/bytebuddy/byte-buddy-agent/1.10.5/byte-buddy-agent-1.10.5.jar:/home/jdbl/.m2/repository/org/objenesis/objenesis/2.6/objenesis-2.6.jar:/home/jdbl/.m2/repository/org/jdom/jdom/1.1.3/jdom-1.1.3.jar:/home/jdbl/.m2/repository/org/apache/hadoop/hadoop-client/3.2.1/hadoop-client-3.2.1.jar:/home/jdbl/.m2/repository/org/apache/hadoop/hadoop-common/3.2.1/hadoop-common-3.2.1.jar:/home/jdbl/.m2/repository/commons-cli/commons-cli/1.2/commons-cli-1.2.jar:/home/jdbl/.m2/repository/org/apache/httpcomponents/httpclient/4.5.6/httpclient-4.5.6.jar:/home/jdbl/.m2/repository/org/apache/httpcomponents/httpcore/4.4.10/httpcore-4.4.10.jar:/home/jdbl/.m2/repository/commons-io/commons-io/2.5/commons-io-2.5.jar:/home/jdbl/.m2/repository/commons-collections/commons-collections/3.2.2/commons-collections-3.2.2.jar:/home/jdbl/.m2/repository/org/eclipse/jetty/jetty-servlet/9.3.24.v20180605/jetty-servlet-9.3.24.v20180605.jar:/home/jdbl/.m2/repository/org/eclipse/jetty/jetty-security/9.3.24.v20180605/jetty-security-9.3.24.v20180605.jar:/home/jdbl/.m2/repository/org/eclipse/jetty/jetty-webapp/9.3.24.v20180605/jetty-webapp-9.3.24.v20180605.jar:/home/jdbl/.m2/repository/org/eclipse/jetty/jetty-xml/9.3.24.v20180605/jetty-xml-9.3.24.v20180605.jar:/home/jdbl/.m2/repository/javax/servlet/jsp/jsp-api/2.1/jsp-api-2.1.jar:/home/jdbl/.m2/repository/com/sun/jersey/jersey-servlet/1.19/jersey-servlet-1.19.jar:/home/jdbl/.m2/repository/commons-logging/commons-logging/1.1.3/commons-logging-1.1.3.jar:/home/jdbl/.m2/repository/commons-beanutils/commons-beanutils/1.9.3/commons-beanutils-1.9.3.jar:/home/jdbl/.m2/repository/org/apache/commons/commons-configuration2/2.1.1/commons-configuration2-2.1.1.jar:/home/jdbl/.m2/repository/org/apache/commons/commons-text/1.4/commons-text-1.4.jar:/home/jdbl/.m2/repository/com/google/re2j/re2j/1.1/re2j-1.1.jar:/home/jdbl/.m2/repository/org/apache/hadoop/hadoop-auth/3.2.1/hadoop-auth-3.2.1.jar:/home/jdbl/.m2/repository/com/nimbusds/nimbus-jose-jwt/4.41.1/nimbus-jose-jwt-4.41.1.jar:/home/jdbl/.m2/repository/com/github/stephenc/jcip/jcip-annotations/1.0-1/jcip-annotations-1.0-1.jar:/home/jdbl/.m2/repository/net/minidev/json-smart/2.3/json-smart-2.3.jar:/home/jdbl/.m2/repository/net/minidev/accessors-smart/1.2/accessors-smart-1.2.jar:/home/jdbl/.m2/repository/org/apache/curator/curator-client/2.13.0/curator-client-2.13.0.jar:/home/jdbl/.m2/repository/org/apache/htrace/htrace-core4/4.1.0-incubating/htrace-core4-4.1.0-incubating.jar:/home/jdbl/.m2/repository/org/apache/kerby/kerb-simplekdc/1.0.1/kerb-simplekdc-1.0.1.jar:/home/jdbl/.m2/repository/org/apache/kerby/kerb-client/1.0.1/kerb-client-1.0.1.jar:/home/jdbl/.m2/repository/org/apache/kerby/kerby-config/1.0.1/kerby-config-1.0.1.jar:/home/jdbl/.m2/repository/org/apache/kerby/kerb-core/1.0.1/kerb-core-1.0.1.jar:/home/jdbl/.m2/repository/org/apache/kerby/kerby-pkix/1.0.1/kerby-pkix-1.0.1.jar:/home/jdbl/.m2/repository/org/apache/kerby/kerby-asn1/1.0.1/kerby-asn1-1.0.1.jar:/home/jdbl/.m2/repository/org/apache/kerby/kerby-util/1.0.1/kerby-util-1.0.1.jar:/home/jdbl/.m2/repository/org/apache/kerby/kerb-common/1.0.1/kerb-common-1.0.1.jar:/home/jdbl/.m2/repository/org/apache/kerby/kerb-crypto/1.0.1/kerb-crypto-1.0.1.jar:/home/jdbl/.m2/repository/org/apache/kerby/kerb-util/1.0.1/kerb-util-1.0.1.jar:/home/jdbl/.m2/repository/org/apache/kerby/token-provider/1.0.1/token-provider-1.0.1.jar:/home/jdbl/.m2/repository/org/apache/kerby/kerb-admin/1.0.1/kerb-admin-1.0.1.jar:/home/jdbl/.m2/repository/org/apache/kerby/kerb-server/1.0.1/kerb-server-1.0.1.jar:/home/jdbl/.m2/repository/org/apache/kerby/kerb-identity/1.0.1/kerb-identity-1.0.1.jar:/home/jdbl/.m2/repository/org/apache/kerby/kerby-xdr/1.0.1/kerby-xdr-1.0.1.jar:/home/jdbl/.m2/repository/org/codehaus/woodstox/stax2-api/3.1.4/stax2-api-3.1.4.jar:/home/jdbl/.m2/repository/com/fasterxml/woodstox/woodstox-core/5.0.3/woodstox-core-5.0.3.jar:/home/jdbl/.m2/repository/dnsjava/dnsjava/2.1.7/dnsjava-2.1.7.jar:/home/jdbl/.m2/repository/org/apache/hadoop/hadoop-hdfs-client/3.2.1/hadoop-hdfs-client-3.2.1.jar:/home/jdbl/.m2/repository/com/squareup/okhttp/okhttp/2.7.5/okhttp-2.7.5.jar:/home/jdbl/.m2/repository/com/squareup/okio/okio/1.6.0/okio-1.6.0.jar:/home/jdbl/.m2/repository/org/apache/hadoop/hadoop-yarn-api/3.2.1/hadoop-yarn-api-3.2.1.jar:/home/jdbl/.m2/repository/javax/xml/bind/jaxb-api/2.2.11/jaxb-api-2.2.11.jar:/home/jdbl/.m2/repository/org/apache/hadoop/hadoop-yarn-client/3.2.1/hadoop-yarn-client-3.2.1.jar:/home/jdbl/.m2/repository/org/apache/hadoop/hadoop-mapreduce-client-core/3.2.1/hadoop-mapreduce-client-core-3.2.1.jar:/home/jdbl/.m2/repository/org/apache/hadoop/hadoop-yarn-common/3.2.1/hadoop-yarn-common-3.2.1.jar:/home/jdbl/.m2/repository/org/eclipse/jetty/jetty-util/9.3.24.v20180605/jetty-util-9.3.24.v20180605.jar:/home/jdbl/.m2/repository/com/sun/jersey/jersey-core/1.19/jersey-core-1.19.jar:/home/jdbl/.m2/repository/javax/ws/rs/jsr311-api/1.1.1/jsr311-api-1.1.1.jar:/home/jdbl/.m2/repository/com/sun/jersey/jersey-client/1.19/jersey-client-1.19.jar:/home/jdbl/.m2/repository/com/fasterxml/jackson/module/jackson-module-jaxb-annotations/2.9.8/jackson-module-jaxb-annotations-2.9.8.jar:/home/jdbl/.m2/repository/com/fasterxml/jackson/jaxrs/jackson-jaxrs-json-provider/2.9.8/jackson-jaxrs-json-provider-2.9.8.jar:/home/jdbl/.m2/repository/com/fasterxml/jackson/jaxrs/jackson-jaxrs-base/2.9.8/jackson-jaxrs-base-2.9.8.jar:/home/jdbl/.m2/repository/org/apache/hadoop/hadoop-mapreduce-client-jobclient/3.2.1/hadoop-mapreduce-client-jobclient-3.2.1.jar:/home/jdbl/.m2/repository/org/apache/hadoop/hadoop-mapreduce-client-common/3.2.1/hadoop-mapreduce-client-common-3.2.1.jar:/home/jdbl/.m2/repository/org/apache/hadoop/hadoop-annotations/3.2.1/hadoop-annotations-3.2.1.jar:/home/jdbl/.m2/repository/ca/umontreal/iro/ssj/2.5/ssj-2.5.jar:/home/jdbl/.m2/repository/jfree/jfreechart/1.0.13/jfreechart-1.0.13.jar:/home/jdbl/.m2/repository/org/apache/mahout/mahout-collections/1.0/mahout-collections-1.0.jar:/home/jdbl/.m2/repository/jfree/jcommon/1.0.16/jcommon-1.0.16.jar:/home/jdbl/.m2/repository/colt/colt/1.2.0/colt-1.2.0.jar:/home/jdbl/.m2/repository/concurrent/concurrent/1.3.4/concurrent-1.3.4.jar:/home/jdbl/.m2/repository/com/github/rwl/optimization/1.3/optimization-1.3.jar:/home/jdbl/.m2/repository/dsol/dsol-xml/1.6.9/dsol-xml-1.6.9.jar:/home/jdbl/.m2/repository/dsol/logger/1.6.9/logger-1.6.9.jar:/home/jdbl/.m2/repository/dsol/event/1.6.9/event-1.6.9.jar:/home/jdbl/.m2/repository/dsol/language/1.6.9/language-1.6.9.jar:/home/jdbl/.m2/repository/java3d/j3d-core-utils/1.3.1/j3d-core-utils-1.3.1.jar:/home/jdbl/.m2/repository/java3d/vecmath/1.3.1/vecmath-1.3.1.jar:/home/jdbl/.m2/repository/java3d/j3d-core/1.3.1/j3d-core-1.3.1.jar:/home/jdbl/.m2/repository/dsol/jstats/1.6.9/jstats-1.6.9.jar:/home/jdbl/.m2/repository/jcommon/jcommon/0.9.5/jcommon-0.9.5.jar:/home/jdbl/.m2/repository/jfreechart/jfreechart/0.9.20/jfreechart-0.9.20.jar:/home/jdbl/.m2/repository/math/math/1.0.0/math-1.0.0.jar:/home/jdbl/.m2/repository/dsol/dsol/1.6.9/dsol-1.6.9.jar:/home/jdbl/.m2/repository/dsol/naming/1.6.9/naming-1.6.9.jar:/home/jdbl/.m2/repository/dsol/interpreter/1.6.9/interpreter-1.6.9.jar:/home/jdbl/.m2/repository/gisbeans/gisbeans/1.0.0-beta4/gisbeans-1.0.0-beta4.jar:/home/jdbl/.m2/repository/sax/sax/2.0.1/sax-2.0.1.jar:/home/jdbl/.m2/repository/dom4j/dom4j/1.5/dom4j-1.5.jar:/home/jdbl/.m2/repository/jaxme/jaxme-api/0.3/jaxme-api-0.3.jar:/home/jdbl/.m2/repository/jaxen/jaxen/1.1-beta-4/jaxen-1.1-beta-4.jar:/home/jdbl/.m2/repository/xerces/xmlParserAPIs/2.6.2/xmlParserAPIs-2.6.2.jar:/home/jdbl/.m2/repository/xom/xom/1.0b3/xom-1.0b3.jar:/home/jdbl/.m2/repository/com/ibm/icu/icu4j/2.6.1/icu4j-2.6.1.jar:/home/jdbl/.m2/repository/org/ccil/cowan/tagsoup/tagsoup/0.9.7/tagsoup-0.9.7.jar:/home/jdbl/.m2/repository/msv/xsdlib/20030807/xsdlib-20030807.jar:/home/jdbl/.m2/repository/msv/relaxngDatatype/20030807/relaxngDatatype-20030807.jar:/home/jdbl/.m2/repository/pull-parser/pull-parser/2/pull-parser-2.jar:/home/jdbl/.m2/repository/jdom/jdom/1.0/jdom-1.0.jar:/home/jdbl/.m2/repository/com/google/code/gson/gson/2.2.4/gson-2.2.4.jar:/home/jdbl/.m2/repository/org/codehaus/groovy/groovy/2.1.6/groovy-2.1.6.jar:/home/jdbl/.m2/repository/antlr/antlr/2.7.7/antlr-2.7.7.jar:/home/jdbl/.m2/repository/org/ow2/asm/asm-tree/4.0/asm-tree-4.0.jar:/home/jdbl/.m2/repository/org/ow2/asm/asm-commons/4.0/asm-commons-4.0.jar:/home/jdbl/.m2/repository/org/ow2/asm/asm/4.0/asm-4.0.jar:/home/jdbl/.m2/repository/org/ow2/asm/asm-util/4.0/asm-util-4.0.jar:/home/jdbl/.m2/repository/org/ow2/asm/asm-analysis/4.0/asm-analysis-4.0.jar:/home/jdbl/.m2/repository/org/codehaus/groovy/groovy-templates/2.1.6/groovy-templates-2.1.6.jar:/home/jdbl/.m2/repository/org/codehaus/groovy/groovy-xml/2.1.6/groovy-xml-2.1.6.jar:/home/jdbl/.m2/repository/org/codehaus/groovy/groovy-jsr223/2.1.6/groovy-jsr223-2.1.6.jar:/home/jdbl/.m2/repository/org/apache/commons/commons-math3/3.4.1/commons-math3-3.4.1.jar:/home/jdbl/.m2/repository/org/python/jython/2.7.0/jython-2.7.0.jar:/home/jdbl/.m2/repository/org/roaringbitmap/RoaringBitmap/0.6.18/RoaringBitmap-0.6.18.jar:/home/jdbl/.m2/repository/org/slf4j/slf4j-log4j12/1.7.30/slf4j-log4j12-1.7.30.jar">
</property>
    <property name="java.vm.specification.version" value="1.8"/>
    <property name="sun.arch.data.model" value="64"/>
    <property name="java.home" value="/usr/local/openjdk-8/jre"/>
    <property 
    name="sun.java.command" value="org.scalatest.tools.Runner -R /tmp/tmpwxy6kkrw/ldbc_snb_datagen/target/classes /tmp/tmpwxy6kkrw/ldbc_snb_datagen/target/test-classes -o -f /tmp/tmpwxy6kkrw/ldbc_snb_datagen/target/surefire-reports/SparkTestSuite.txt -u /tmp/tmpwxy6kkrw/ldbc_snb_datagen/target/surefire-reports/.">
</property>
    <property name="java.specification.vendor" value="Oracle Corporation"/>
    <property name="user.language" value="en"/>
    <property name="awt.toolkit" value="sun.awt.X11.XToolkit"/>
    <property name="java.vm.info" value="mixed mode"/>
    <property name="java.version" value="1.8.0_262"/>
    <property 
    name="java.ext.dirs" value="/usr/local/openjdk-8/jre/lib/ext:/usr/java/packages/lib/ext">
</property>
    <property 
    name="sun.boot.class.path" value="/usr/local/openjdk-8/jre/lib/resources.jar:/usr/local/openjdk-8/jre/lib/rt.jar:/usr/local/openjdk-8/jre/lib/sunrsasign.jar:/usr/local/openjdk-8/jre/lib/jsse.jar:/usr/local/openjdk-8/jre/lib/jce.jar:/usr/local/openjdk-8/jre/lib/charsets.jar:/usr/local/openjdk-8/jre/lib/jfr.jar:/usr/local/openjdk-8/jre/classes">
</property>
    <property name="java.vendor" value="Oracle Corporation"/>
    <property name="file.separator" value="/"/>
    <property 
    name="java.vendor.url.bug" value="http://bugreport.sun.com/bugreport/">
</property>
    <property name="sun.cpu.endian" value="little"/>
    <property name="sun.io.unicode.encoding" value="UnicodeLittle"/>
    <property name="sun.cpu.isalist" value=""/>
  </properties>
  <system-out><![CDATA[]]></system-out>
  <system-err><![CDATA[]]></system-err>
</testsuite>
