<?xml version="1.0" encoding="UTF-8"?>
<testsuite xmlns:xsi="http://www.w3.org/2001/XMLSchema-instance" xsi:schemaLocation="https://maven.apache.org/surefire/maven-surefire-plugin/xsd/surefire-test-report.xsd" name="InjectedTest" time="10.307" tests="53" errors="0" skipped="0" failures="0">
  <properties>
    <property name="java.runtime.name" value="OpenJDK Runtime Environment"/>
    <property name="sun.boot.library.path" value="/usr/local/openjdk-8/jre/lib/amd64"/>
    <property name="java.vm.version" value="25.262-b10"/>
    <property name="animal.sniffer.skip" value="true"/>
    <property name="java.vm.vendor" value="Oracle Corporation"/>
    <property name="maven.multiModuleProjectDirectory" value="/tmp/tmp5wzsuay4/jira-steps-plugin"/>
    <property name="maven.javadoc.skip" value="true"/>
    <property name="java.vendor.url" value="http://java.oracle.com/"/>
    <property name="path.separator" value=":"/>
    <property name="guice.disable.misplaced.annotation.check" value="true"/>
    <property name="java.vm.name" value="OpenJDK 64-Bit Server VM"/>
    <property name="file.encoding.pkg" value="sun.io"/>
    <property name="sun.java.launcher" value="SUN_STANDARD"/>
    <property name="sun.os.patch.level" value="unknown"/>
    <property name="source.skip" value="true"/>
    <property name="java.vm.specification.name" value="Java Virtual Machine Specification"/>
    <property name="user.dir" value="/tmp/tmp5wzsuay4/jira-steps-plugin"/>
    <property name="java.runtime.version" value="1.8.0_262-b10"/>
    <property name="java.awt.graphicsenv" value="sun.awt.X11GraphicsEnvironment"/>
    <property name="java.endorsed.dirs" value="/usr/local/openjdk-8/jre/lib/endorsed"/>
    <property name="os.arch" value="amd64"/>
    <property name="java.io.tmpdir" value="/tmp"/>
    <property name="line.separator" value="&#10;"/>
    <property name="java.vm.specification.vendor" value="Oracle Corporation"/>
    <property name="os.name" value="Linux"/>
    <property name="classworlds.conf" value="/usr/share/maven/bin/m2.conf"/>
    <property name="sun.jnu.encoding" value="UTF-8"/>
    <property name="java.library.path" value="/usr/java/packages/lib/amd64:/usr/lib64:/lib64:/lib:/usr/lib"/>
    <property name="license.skip" value="true"/>
    <property name="maven.conf" value="/usr/share/maven/conf"/>
    <property name="java.specification.name" value="Java Platform API Specification"/>
    <property name="java.class.version" value="52.0"/>
    <property name="sun.management.compiler" value="HotSpot 64-Bit Tiered Compilers"/>
    <property name="maven.test.failure.ignore" value="true"/>
    <property name="os.version" value="4.15.0-109-generic"/>
    <property name="library.jansi.path" value="/usr/share/maven/lib/jansi-native"/>
    <property name="user.home" value="/home/jdbl"/>
    <property name="user.timezone" value="Etc/UTC"/>
    <property name="java.awt.printerjob" value="sun.print.PSPrinterJob"/>
    <property name="java.specification.version" value="1.8"/>
    <property name="file.encoding" value="UTF-8"/>
    <property name="user.name" value="jdbl"/>
    <property name="java.class.path" value="/usr/share/maven/boot/plexus-classworlds-2.6.0.jar"/>
    <property name="java.vm.specification.version" value="1.8"/>
    <property name="sun.arch.data.model" value="64"/>
    <property name="java.home" value="/usr/local/openjdk-8/jre"/>
    <property name="sun.java.command" value="org.codehaus.plexus.classworlds.launcher.Launcher test -e --fail-never -ntp -Dmaven.test.failure.ignore=true -B -Dmaven.javadoc.skip=true -Drat.skip=true -Danimal.sniffer.skip=true -Dmaven.javadoc.skip=true -Dlicense.skip=true -Dsource.skip=true"/>
    <property name="java.specification.vendor" value="Oracle Corporation"/>
    <property name="user.language" value="en"/>
    <property name="awt.toolkit" value="sun.awt.X11.XToolkit"/>
    <property name="java.vm.info" value="mixed mode"/>
    <property name="java.version" value="1.8.0_262"/>
    <property name="java.ext.dirs" value="/usr/local/openjdk-8/jre/lib/ext:/usr/java/packages/lib/ext"/>
    <property name="securerandom.source" value="file:/dev/./urandom"/>
    <property name="sun.boot.class.path" value="/usr/local/openjdk-8/jre/lib/resources.jar:/usr/local/openjdk-8/jre/lib/rt.jar:/usr/local/openjdk-8/jre/lib/sunrsasign.jar:/usr/local/openjdk-8/jre/lib/jsse.jar:/usr/local/openjdk-8/jre/lib/jce.jar:/usr/local/openjdk-8/jre/lib/charsets.jar:/usr/local/openjdk-8/jre/lib/jfr.jar:/usr/local/openjdk-8/jre/classes"/>
    <property name="java.vendor" value="Oracle Corporation"/>
    <property name="rat.skip" value="true"/>
    <property name="maven.home" value="/usr/share/maven"/>
    <property name="file.separator" value="/"/>
    <property name="java.vendor.url.bug" value="http://bugreport.sun.com/bugreport/"/>
    <property name="sun.cpu.endian" value="little"/>
    <property name="sun.io.unicode.encoding" value="UnicodeLittle"/>
    <property name="sun.cpu.isalist" value=""/>
  </properties>
  <testcase name="org/thoughtslive/jenkins/plugins/jira/steps/GetProjectStep/config.jelly" classname="org.jvnet.hudson.test.JellyTestSuiteBuilder$JellyCheck" time="0.185"/>
  <testcase name="org/thoughtslive/jenkins/plugins/jira/steps/DeleteIssueRemoteLinkStep/config.jelly" classname="org.jvnet.hudson.test.JellyTestSuiteBuilder$JellyCheck" time="0.037"/>
  <testcase name="org/thoughtslive/jenkins/plugins/jira/steps/GetProjectStatusesStep/config.jelly" classname="org.jvnet.hudson.test.JellyTestSuiteBuilder$JellyCheck" time="0.025"/>
  <testcase name="org/thoughtslive/jenkins/plugins/jira/steps/DeleteIssueLinkStep/config.jelly" classname="org.jvnet.hudson.test.JellyTestSuiteBuilder$JellyCheck" time="0.022"/>
  <testcase name="org/thoughtslive/jenkins/plugins/jira/steps/UploadAttachmentStep/config.jelly" classname="org.jvnet.hudson.test.JellyTestSuiteBuilder$JellyCheck" time="0.025"/>
  <testcase name="org/thoughtslive/jenkins/plugins/jira/steps/DeleteAttachmentStep/config.jelly" classname="org.jvnet.hudson.test.JellyTestSuiteBuilder$JellyCheck" time="0.02"/>
  <testcase name="org/thoughtslive/jenkins/plugins/jira/steps/GetComponentIssueCountStep/config.jelly" classname="org.jvnet.hudson.test.JellyTestSuiteBuilder$JellyCheck" time="0.018"/>
  <testcase name="org/thoughtslive/jenkins/plugins/jira/steps/NewComponentStep/config.jelly" classname="org.jvnet.hudson.test.JellyTestSuiteBuilder$JellyCheck" time="0.014"/>
  <testcase name="org/thoughtslive/jenkins/plugins/jira/steps/AddWatcherStep/config.jelly" classname="org.jvnet.hudson.test.JellyTestSuiteBuilder$JellyCheck" time="0.022"/>
  <testcase name="org/thoughtslive/jenkins/plugins/jira/steps/GetCommentsStep/config.jelly" classname="org.jvnet.hudson.test.JellyTestSuiteBuilder$JellyCheck" time="0.018"/>
  <testcase name="org/thoughtslive/jenkins/plugins/jira/steps/GetIssueWatchesStep/config.jelly" classname="org.jvnet.hudson.test.JellyTestSuiteBuilder$JellyCheck" time="0.017"/>
  <testcase name="org/thoughtslive/jenkins/plugins/jira/steps/GetIssueLinkTypesStep/config.jelly" classname="org.jvnet.hudson.test.JellyTestSuiteBuilder$JellyCheck" time="0.013"/>
  <testcase name="org/thoughtslive/jenkins/plugins/jira/steps/GetFieldsStep/config.jelly" classname="org.jvnet.hudson.test.JellyTestSuiteBuilder$JellyCheck" time="0.013"/>
  <testcase name="org/thoughtslive/jenkins/plugins/jira/steps/JqlSearchStep/config.jelly" classname="org.jvnet.hudson.test.JellyTestSuiteBuilder$JellyCheck" time="0.026"/>
  <testcase name="org/thoughtslive/jenkins/plugins/jira/steps/GetIssueRemoteLinkStep/config.jelly" classname="org.jvnet.hudson.test.JellyTestSuiteBuilder$JellyCheck" time="0.021"/>
  <testcase name="org/thoughtslive/jenkins/plugins/jira/steps/NewIssueRemoteLinkStep/config.jelly" classname="org.jvnet.hudson.test.JellyTestSuiteBuilder$JellyCheck" time="0.013"/>
  <testcase name="org/thoughtslive/jenkins/plugins/jira/steps/GetIssueTransitionsStep/config.jelly" classname="org.jvnet.hudson.test.JellyTestSuiteBuilder$JellyCheck" time="0.016"/>
  <testcase name="org/thoughtslive/jenkins/plugins/jira/steps/GetVersionStep/config.jelly" classname="org.jvnet.hudson.test.JellyTestSuiteBuilder$JellyCheck" time="0.032"/>
  <testcase name="org/thoughtslive/jenkins/plugins/jira/steps/GetIssueStep/config.jelly" classname="org.jvnet.hudson.test.JellyTestSuiteBuilder$JellyCheck" time="0.018"/>
  <testcase name="org/thoughtslive/jenkins/plugins/jira/steps/GetProjectVersionsStep/config.jelly" classname="org.jvnet.hudson.test.JellyTestSuiteBuilder$JellyCheck" time="0.018"/>
  <testcase name="org/thoughtslive/jenkins/plugins/jira/steps/TransitionIssueStep/config.jelly" classname="org.jvnet.hudson.test.JellyTestSuiteBuilder$JellyCheck" time="0.012"/>
  <testcase name="org/thoughtslive/jenkins/plugins/jira/steps/GetProjectComponentsStep/config.jelly" classname="org.jvnet.hudson.test.JellyTestSuiteBuilder$JellyCheck" time="0.016"/>
  <testcase name="org/thoughtslive/jenkins/plugins/jira/steps/EditComponentStep/config.jelly" classname="org.jvnet.hudson.test.JellyTestSuiteBuilder$JellyCheck" time="0.013"/>
  <testcase name="org/thoughtslive/jenkins/plugins/jira/Site/config.jelly" classname="org.jvnet.hudson.test.JellyTestSuiteBuilder$JellyCheck" time="0.096"/>
  <testcase name="org/thoughtslive/jenkins/plugins/jira/steps/AssignIssueStep/config.jelly" classname="org.jvnet.hudson.test.JellyTestSuiteBuilder$JellyCheck" time="0.029"/>
  <testcase name="org/thoughtslive/jenkins/plugins/jira/steps/AddCommentStep/config.jelly" classname="org.jvnet.hudson.test.JellyTestSuiteBuilder$JellyCheck" time="0.028"/>
  <testcase name="org/thoughtslive/jenkins/plugins/jira/steps/GetComponentStep/config.jelly" classname="org.jvnet.hudson.test.JellyTestSuiteBuilder$JellyCheck" time="0.016"/>
  <testcase name="org/thoughtslive/jenkins/plugins/jira/steps/AssignableUserSearchStep/config.jelly" classname="org.jvnet.hudson.test.JellyTestSuiteBuilder$JellyCheck" time="0.032"/>
  <testcase name="org/thoughtslive/jenkins/plugins/jira/steps/DownloadAttachmentStep/config.jelly" classname="org.jvnet.hudson.test.JellyTestSuiteBuilder$JellyCheck" time="0.025"/>
  <testcase name="org/thoughtslive/jenkins/plugins/jira/steps/UserSearchStep/config.jelly" classname="org.jvnet.hudson.test.JellyTestSuiteBuilder$JellyCheck" time="0.024"/>
  <testcase name="org/thoughtslive/jenkins/plugins/jira/steps/GetServerInfoStep/config.jelly" classname="org.jvnet.hudson.test.JellyTestSuiteBuilder$JellyCheck" time="0.011"/>
  <testcase name="org/thoughtslive/jenkins/plugins/jira/steps/EditVersionStep/config.jelly" classname="org.jvnet.hudson.test.JellyTestSuiteBuilder$JellyCheck" time="0.01"/>
  <testcase name="org/thoughtslive/jenkins/plugins/jira/steps/NewIssuesStep/config.jelly" classname="org.jvnet.hudson.test.JellyTestSuiteBuilder$JellyCheck" time="0.011"/>
  <testcase name="org/thoughtslive/jenkins/plugins/jira/steps/GetCommentStep/config.jelly" classname="org.jvnet.hudson.test.JellyTestSuiteBuilder$JellyCheck" time="0.019"/>
  <testcase name="org/thoughtslive/jenkins/plugins/jira/steps/NewVersionStep/config.jelly" classname="org.jvnet.hudson.test.JellyTestSuiteBuilder$JellyCheck" time="0.01"/>
  <testcase name="org/thoughtslive/jenkins/plugins/jira/steps/GetProjectsStep/config.jelly" classname="org.jvnet.hudson.test.JellyTestSuiteBuilder$JellyCheck" time="0.011"/>
  <testcase name="org/thoughtslive/jenkins/plugins/jira/steps/GetIssueLinkStep/config.jelly" classname="org.jvnet.hudson.test.JellyTestSuiteBuilder$JellyCheck" time="0.014"/>
  <testcase name="org/thoughtslive/jenkins/plugins/jira/steps/GetAttachmentInfoStep/config.jelly" classname="org.jvnet.hudson.test.JellyTestSuiteBuilder$JellyCheck" time="0.015"/>
  <testcase name="org/thoughtslive/jenkins/plugins/jira/steps/EditIssueStep/config.jelly" classname="org.jvnet.hudson.test.JellyTestSuiteBuilder$JellyCheck" time="0.011"/>
  <testcase name="org/thoughtslive/jenkins/plugins/jira/steps/DeleteIssueRemoteLinksStep/config.jelly" classname="org.jvnet.hudson.test.JellyTestSuiteBuilder$JellyCheck" time="0.017"/>
  <testcase name="org/thoughtslive/jenkins/plugins/jira/steps/LinkIssuesStep/config.jelly" classname="org.jvnet.hudson.test.JellyTestSuiteBuilder$JellyCheck" time="0.022"/>
  <testcase name="org/thoughtslive/jenkins/plugins/jira/steps/NotifyIssueStep/config.jelly" classname="org.jvnet.hudson.test.JellyTestSuiteBuilder$JellyCheck" time="0.01"/>
  <testcase name="org/thoughtslive/jenkins/plugins/jira/steps/EditCommentStep/config.jelly" classname="org.jvnet.hudson.test.JellyTestSuiteBuilder$JellyCheck" time="0.023"/>
  <testcase name="org/thoughtslive/jenkins/plugins/jira/steps/GetIssueRemoteLinksStep/config.jelly" classname="org.jvnet.hudson.test.JellyTestSuiteBuilder$JellyCheck" time="0.018"/>
  <testcase name="org/thoughtslive/jenkins/plugins/jira/JiraStepsConfig/global.jelly" classname="org.jvnet.hudson.test.JellyTestSuiteBuilder$JellyCheck" time="0.008"/>
  <testcase name="org/thoughtslive/jenkins/plugins/jira/steps/NewIssueStep/config.jelly" classname="org.jvnet.hudson.test.JellyTestSuiteBuilder$JellyCheck" time="0.011"/>
  <testcase name="testCliSanity" classname="org.jvnet.hudson.test.PluginAutomaticTestBuilder$OtherTests" time="0.016"/>
  <testcase name="testPluginActive" classname="org.jvnet.hudson.test.PluginAutomaticTestBuilder$OtherTests" time="0"/>
  <testcase name="org.jvnet.hudson.test.JellyTestSuiteBuilder$JellyTestSuite" classname="org.jvnet.hudson.test.junit.FailedTest" time="0.001"/>
  <testcase name="org/thoughtslive/jenkins/plugins/jira/Messages.properties" classname="org.jvnet.hudson.test.PropertiesTestSuite$PropertiesTest" time="0"/>
  <testcase name="META-INF/maven/cglib/cglib/pom.properties" classname="org.jvnet.hudson.test.PropertiesTestSuite$PropertiesTest" time="0.001"/>
  <testcase name="META-INF/maven/org.assertj/assertj-core/pom.properties" classname="org.jvnet.hudson.test.PropertiesTestSuite$PropertiesTest" time="0"/>
  <testcase name="META-INF/maven/cglib/cglib-nodep/pom.properties" classname="org.jvnet.hudson.test.PropertiesTestSuite$PropertiesTest" time="0"/>
</testsuite>