<?xml version="1.0" encoding="UTF-8"?>
<testsuite xmlns:xsi="http://www.w3.org/2001/XMLSchema-instance" xsi:schemaLocation="https://maven.apache.org/surefire/maven-surefire-plugin/xsd/surefire-test-report.xsd" name="org.jitsi.dnssec.unbound.rpl.UnboundTests" time="4.46" tests="155" errors="0" skipped="22" failures="0">
  <properties>
    <property name="java.runtime.name" value="OpenJDK Runtime Environment"/>
    <property name="sun.boot.library.path" value="/usr/local/openjdk-8/jre/lib/amd64"/>
    <property name="java.vm.version" value="25.262-b10"/>
    <property name="animal.sniffer.skip" value="true"/>
    <property name="java.vm.vendor" value="Oracle Corporation"/>
    <property name="maven.multiModuleProjectDirectory" value="/tmp/tmp_ek8f_bk/dnssecjava"/>
    <property name="maven.javadoc.skip" value="true"/>
    <property name="java.vendor.url" value="http://java.oracle.com/"/>
    <property name="path.separator" value=":"/>
    <property name="guice.disable.misplaced.annotation.check" value="true"/>
    <property name="java.vm.name" value="OpenJDK 64-Bit Server VM"/>
    <property name="file.encoding.pkg" value="sun.io"/>
    <property name="sun.java.launcher" value="SUN_STANDARD"/>
    <property name="sun.os.patch.level" value="unknown"/>
    <property name="source.skip" value="true"/>
    <property name="java.vm.specification.name" value="Java Virtual Machine Specification"/>
    <property name="user.dir" value="/tmp/tmp_ek8f_bk/dnssecjava"/>
    <property name="java.runtime.version" value="1.8.0_262-b10"/>
    <property name="java.awt.graphicsenv" value="sun.awt.X11GraphicsEnvironment"/>
    <property name="java.endorsed.dirs" value="/usr/local/openjdk-8/jre/lib/endorsed"/>
    <property name="os.arch" value="amd64"/>
    <property name="java.io.tmpdir" value="/tmp"/>
    <property name="line.separator" value="&#10;"/>
    <property name="java.vm.specification.vendor" value="Oracle Corporation"/>
    <property name="os.name" value="Linux"/>
    <property name="classworlds.conf" value="/usr/share/maven/bin/m2.conf"/>
    <property name="sun.jnu.encoding" value="UTF-8"/>
    <property name="java.library.path" value="/usr/java/packages/lib/amd64:/usr/lib64:/lib64:/lib:/usr/lib"/>
    <property name="license.skip" value="true"/>
    <property name="maven.conf" value="/usr/share/maven/conf"/>
    <property name="java.specification.name" value="Java Platform API Specification"/>
    <property name="java.class.version" value="52.0"/>
    <property name="sun.management.compiler" value="HotSpot 64-Bit Tiered Compilers"/>
    <property name="maven.test.failure.ignore" value="true"/>
    <property name="os.version" value="4.15.0-109-generic"/>
    <property name="library.jansi.path" value="/usr/share/maven/lib/jansi-native"/>
    <property name="user.home" value="/home/jdbl"/>
    <property name="user.timezone" value="Etc/UTC"/>
    <property name="java.awt.printerjob" value="sun.print.PSPrinterJob"/>
    <property name="java.specification.version" value="1.8"/>
    <property name="file.encoding" value="UTF-8"/>
    <property name="user.name" value="jdbl"/>
    <property name="java.class.path" value="/usr/share/maven/boot/plexus-classworlds-2.6.0.jar"/>
    <property name="java.vm.specification.version" value="1.8"/>
    <property name="sun.arch.data.model" value="64"/>
    <property name="java.home" value="/usr/local/openjdk-8/jre"/>
    <property name="sun.java.command" value="org.codehaus.plexus.classworlds.launcher.Launcher test -e --fail-never -ntp -Dmaven.test.failure.ignore=true -B -Dmaven.javadoc.skip=true -Drat.skip=true -Danimal.sniffer.skip=true -Dmaven.javadoc.skip=true -Dlicense.skip=true -Dsource.skip=true"/>
    <property name="java.specification.vendor" value="Oracle Corporation"/>
    <property name="user.language" value="en"/>
    <property name="awt.toolkit" value="sun.awt.X11.XToolkit"/>
    <property name="java.vm.info" value="mixed mode"/>
    <property name="java.version" value="1.8.0_262"/>
    <property name="java.ext.dirs" value="/usr/local/openjdk-8/jre/lib/ext:/usr/java/packages/lib/ext"/>
    <property name="securerandom.source" value="file:/dev/./urandom"/>
    <property name="sun.boot.class.path" value="/usr/local/openjdk-8/jre/lib/resources.jar:/usr/local/openjdk-8/jre/lib/rt.jar:/usr/local/openjdk-8/jre/lib/sunrsasign.jar:/usr/local/openjdk-8/jre/lib/jsse.jar:/usr/local/openjdk-8/jre/lib/jce.jar:/usr/local/openjdk-8/jre/lib/charsets.jar:/usr/local/openjdk-8/jre/lib/jfr.jar:/usr/local/openjdk-8/jre/classes"/>
    <property name="java.vendor" value="Oracle Corporation"/>
    <property name="rat.skip" value="true"/>
    <property name="maven.home" value="/usr/share/maven"/>
    <property name="file.separator" value="/"/>
    <property name="java.vendor.url.bug" value="http://bugreport.sun.com/bugreport/"/>
    <property name="sun.cpu.endian" value="little"/>
    <property name="sun.io.unicode.encoding" value="UnicodeLittle"/>
    <property name="sun.cpu.isalist" value=""/>
  </properties>
  <testcase name="val_adcopy" classname="org.jitsi.dnssec.unbound.rpl.UnboundTests" time="0.78"/>
  <testcase name="val_anchor_nx" classname="org.jitsi.dnssec.unbound.rpl.UnboundTests" time="0">
    <skipped message="tests caching of NX from a parent resolver"/>
  </testcase>
  <testcase name="val_anchor_nx_nosig" classname="org.jitsi.dnssec.unbound.rpl.UnboundTests" time="0">
    <skipped message="tests caching of NX from a parent resolver"/>
  </testcase>
  <testcase name="val_ans_dsent" classname="org.jitsi.dnssec.unbound.rpl.UnboundTests" time="0.055"/>
  <testcase name="val_ans_nx" classname="org.jitsi.dnssec.unbound.rpl.UnboundTests" time="0.042"/>
  <testcase name="val_any" classname="org.jitsi.dnssec.unbound.rpl.UnboundTests" time="0.087"/>
  <testcase name="val_any_cname" classname="org.jitsi.dnssec.unbound.rpl.UnboundTests" time="0.022"/>
  <testcase name="val_any_dname" classname="org.jitsi.dnssec.unbound.rpl.UnboundTests" time="0.032"/>
  <testcase name="val_cnameinsectopos" classname="org.jitsi.dnssec.unbound.rpl.UnboundTests" time="0.027"/>
  <testcase name="val_cnamenx_dblnsec" classname="org.jitsi.dnssec.unbound.rpl.UnboundTests" time="0.021"/>
  <testcase name="val_cnamenx_rcodenx" classname="org.jitsi.dnssec.unbound.rpl.UnboundTests" time="0.026"/>
  <testcase name="val_cnameqtype" classname="org.jitsi.dnssec.unbound.rpl.UnboundTests" time="0.083"/>
  <testcase name="val_cnametocloser" classname="org.jitsi.dnssec.unbound.rpl.UnboundTests" time="0.018"/>
  <testcase name="val_cnametocloser_nosig" classname="org.jitsi.dnssec.unbound.rpl.UnboundTests" time="0.012"/>
  <testcase name="val_cnametocnamewctoposwc" classname="org.jitsi.dnssec.unbound.rpl.UnboundTests" time="0.02"/>
  <testcase name="val_cnametodname" classname="org.jitsi.dnssec.unbound.rpl.UnboundTests" time="0.019"/>
  <testcase name="val_cnametodnametocnametopos" classname="org.jitsi.dnssec.unbound.rpl.UnboundTests" time="0.038"/>
  <testcase name="val_cnametoinsecure" classname="org.jitsi.dnssec.unbound.rpl.UnboundTests" time="0">
    <skipped message="incomplete CNAME answer"/>
  </testcase>
  <testcase name="val_cnametonodata" classname="org.jitsi.dnssec.unbound.rpl.UnboundTests" time="0.023"/>
  <testcase name="val_cnametonodata_nonsec" classname="org.jitsi.dnssec.unbound.rpl.UnboundTests" time="0.032"/>
  <testcase name="val_cnametonsec" classname="org.jitsi.dnssec.unbound.rpl.UnboundTests" time="0">
    <skipped message="incomplete CNAME answer"/>
  </testcase>
  <testcase name="val_cnametonx" classname="org.jitsi.dnssec.unbound.rpl.UnboundTests" time="0.017"/>
  <testcase name="val_cnametooptin" classname="org.jitsi.dnssec.unbound.rpl.UnboundTests" time="0">
    <skipped message="incomplete CNAME answer"/>
  </testcase>
  <testcase name="val_cnametooptout" classname="org.jitsi.dnssec.unbound.rpl.UnboundTests" time="0.009"/>
  <testcase name="val_cnametopos" classname="org.jitsi.dnssec.unbound.rpl.UnboundTests" time="0.024"/>
  <testcase name="val_cnametoposnowc" classname="org.jitsi.dnssec.unbound.rpl.UnboundTests" time="0.019"/>
  <testcase name="val_cnametoposwc" classname="org.jitsi.dnssec.unbound.rpl.UnboundTests" time="0.024"/>
  <testcase name="val_cnamewctonodata" classname="org.jitsi.dnssec.unbound.rpl.UnboundTests" time="0.034"/>
  <testcase name="val_cnamewctonx" classname="org.jitsi.dnssec.unbound.rpl.UnboundTests" time="0.02"/>
  <testcase name="val_cnamewctoposwc" classname="org.jitsi.dnssec.unbound.rpl.UnboundTests" time="0.022"/>
  <testcase name="val_cname_loop1" classname="org.jitsi.dnssec.unbound.rpl.UnboundTests" time="0.014"/>
  <testcase name="val_cname_loop2" classname="org.jitsi.dnssec.unbound.rpl.UnboundTests" time="0.013"/>
  <testcase name="val_cname_loop3" classname="org.jitsi.dnssec.unbound.rpl.UnboundTests" time="0.017"/>
  <testcase name="val_dnametoolong" classname="org.jitsi.dnssec.unbound.rpl.UnboundTests" time="0.059"/>
  <testcase name="val_dnametopos" classname="org.jitsi.dnssec.unbound.rpl.UnboundTests" time="0.018"/>
  <testcase name="val_dnametoposwc" classname="org.jitsi.dnssec.unbound.rpl.UnboundTests" time="0.018"/>
  <testcase name="val_dnamewc" classname="org.jitsi.dnssec.unbound.rpl.UnboundTests" time="0.016"/>
  <testcase name="val_dsnsec" classname="org.jitsi.dnssec.unbound.rpl.UnboundTests" time="0">
    <skipped message="we don&apos;t do negative caching"/>
  </testcase>
  <testcase name="val_ds_afterprime" classname="org.jitsi.dnssec.unbound.rpl.UnboundTests" time="0.011"/>
  <testcase name="val_ds_cname" classname="org.jitsi.dnssec.unbound.rpl.UnboundTests" time="0.017"/>
  <testcase name="val_ds_cnamesub" classname="org.jitsi.dnssec.unbound.rpl.UnboundTests" time="0.023"/>
  <testcase name="val_ds_cnamesubbogus" classname="org.jitsi.dnssec.unbound.rpl.UnboundTests" time="0.018"/>
  <testcase name="val_ds_gost" classname="org.jitsi.dnssec.unbound.rpl.UnboundTests" time="0.553"/>
  <testcase name="val_ds_gost_downgrade" classname="org.jitsi.dnssec.unbound.rpl.UnboundTests" time="0.031"/>
  <testcase name="val_ds_sha2" classname="org.jitsi.dnssec.unbound.rpl.UnboundTests" time="0.027"/>
  <testcase name="val_ds_sha2_downgrade" classname="org.jitsi.dnssec.unbound.rpl.UnboundTests" time="0.02"/>
  <testcase name="val_ds_sha2_downgrade_override" classname="org.jitsi.dnssec.unbound.rpl.UnboundTests" time="0.034"/>
  <testcase name="val_ds_sha2_lenient" classname="org.jitsi.dnssec.unbound.rpl.UnboundTests" time="0.03"/>
  <testcase name="val_entds" classname="org.jitsi.dnssec.unbound.rpl.UnboundTests" time="0.034"/>
  <testcase name="val_faildnskey" classname="org.jitsi.dnssec.unbound.rpl.UnboundTests" time="0.016"/>
  <testcase name="val_faildnskey_ok" classname="org.jitsi.dnssec.unbound.rpl.UnboundTests" time="0">
    <skipped message="tests an unbound specific config option"/>
  </testcase>
  <testcase name="val_fwdds" classname="org.jitsi.dnssec.unbound.rpl.UnboundTests" time="0">
    <skipped message="irrelevant, we&apos;re not a recursive resolver"/>
  </testcase>
  <testcase name="val_keyprefetch" classname="org.jitsi.dnssec.unbound.rpl.UnboundTests" time="0.02"/>
  <testcase name="val_keyprefetch_verify" classname="org.jitsi.dnssec.unbound.rpl.UnboundTests" time="0.032"/>
  <testcase name="val_mal_wc" classname="org.jitsi.dnssec.unbound.rpl.UnboundTests" time="0.018"/>
  <testcase name="val_negcache_ds" classname="org.jitsi.dnssec.unbound.rpl.UnboundTests" time="0.019"/>
  <testcase name="val_negcache_dssoa" classname="org.jitsi.dnssec.unbound.rpl.UnboundTests" time="0">
    <skipped message="we don&apos;t do negative caching"/>
  </testcase>
  <testcase name="val_negcache_nodata" classname="org.jitsi.dnssec.unbound.rpl.UnboundTests" time="0">
    <skipped message="aggressive NSEC is not supported"/>
  </testcase>
  <testcase name="val_negcache_nta" classname="org.jitsi.dnssec.unbound.rpl.UnboundTests" time="0">
    <skipped message="tests unbound option domain-insecure, not available here"/>
  </testcase>
  <testcase name="val_negcache_nxdomain" classname="org.jitsi.dnssec.unbound.rpl.UnboundTests" time="0">
    <skipped message="aggressive NSEC is not supported"/>
  </testcase>
  <testcase name="val_noadwhennodo" classname="org.jitsi.dnssec.unbound.rpl.UnboundTests" time="0">
    <skipped message="irrelevant - if we wouldn&apos;t want AD, we wouldn&apos;t be using this stuff"/>
  </testcase>
  <testcase name="val_nodata" classname="org.jitsi.dnssec.unbound.rpl.UnboundTests" time="0.013"/>
  <testcase name="val_nodatawc" classname="org.jitsi.dnssec.unbound.rpl.UnboundTests" time="0.017"/>
  <testcase name="val_nodatawc_badce" classname="org.jitsi.dnssec.unbound.rpl.UnboundTests" time="0.017"/>
  <testcase name="val_nodatawc_nodeny" classname="org.jitsi.dnssec.unbound.rpl.UnboundTests" time="0.017"/>
  <testcase name="val_nodatawc_one" classname="org.jitsi.dnssec.unbound.rpl.UnboundTests" time="0.014"/>
  <testcase name="val_nodatawc_wcns" classname="org.jitsi.dnssec.unbound.rpl.UnboundTests" time="0.016"/>
  <testcase name="val_nodatawc_wrongdeleg" classname="org.jitsi.dnssec.unbound.rpl.UnboundTests" time="0.014"/>
  <testcase name="val_nodata_ent" classname="org.jitsi.dnssec.unbound.rpl.UnboundTests" time="0.016"/>
  <testcase name="val_nodata_entnx" classname="org.jitsi.dnssec.unbound.rpl.UnboundTests" time="0.014"/>
  <testcase name="val_nodata_entwc" classname="org.jitsi.dnssec.unbound.rpl.UnboundTests" time="0.014"/>
  <testcase name="val_nodata_failsig" classname="org.jitsi.dnssec.unbound.rpl.UnboundTests" time="0.015"/>
  <testcase name="val_nodata_failwc" classname="org.jitsi.dnssec.unbound.rpl.UnboundTests" time="0.006"/>
  <testcase name="val_nodata_hasdata" classname="org.jitsi.dnssec.unbound.rpl.UnboundTests" time="0.017"/>
  <testcase name="val_nodata_zonecut" classname="org.jitsi.dnssec.unbound.rpl.UnboundTests" time="0.016"/>
  <testcase name="val_nokeyprime" classname="org.jitsi.dnssec.unbound.rpl.UnboundTests" time="0.015"/>
  <testcase name="val_nsec3_b1_nameerror" classname="org.jitsi.dnssec.unbound.rpl.UnboundTests" time="0.026"/>
  <testcase name="val_nsec3_b1_nameerror_noce" classname="org.jitsi.dnssec.unbound.rpl.UnboundTests" time="0.017"/>
  <testcase name="val_nsec3_b1_nameerror_nonc" classname="org.jitsi.dnssec.unbound.rpl.UnboundTests" time="0.019"/>
  <testcase name="val_nsec3_b1_nameerror_nowc" classname="org.jitsi.dnssec.unbound.rpl.UnboundTests" time="0.019"/>
  <testcase name="val_nsec3_b21_nodataent" classname="org.jitsi.dnssec.unbound.rpl.UnboundTests" time="0.015"/>
  <testcase name="val_nsec3_b21_nodataent_wr" classname="org.jitsi.dnssec.unbound.rpl.UnboundTests" time="0.016"/>
  <testcase name="val_nsec3_b2_nodata" classname="org.jitsi.dnssec.unbound.rpl.UnboundTests" time="0.013"/>
  <testcase name="val_nsec3_b2_nodata_nons" classname="org.jitsi.dnssec.unbound.rpl.UnboundTests" time="0.017"/>
  <testcase name="val_nsec3_b3_optout" classname="org.jitsi.dnssec.unbound.rpl.UnboundTests" time="0.03"/>
  <testcase name="val_nsec3_b3_optout_negcache" classname="org.jitsi.dnssec.unbound.rpl.UnboundTests" time="0">
    <skipped message="we don&apos;t do negative caching"/>
  </testcase>
  <testcase name="val_nsec3_b3_optout_noce" classname="org.jitsi.dnssec.unbound.rpl.UnboundTests" time="0.023"/>
  <testcase name="val_nsec3_b3_optout_nonc" classname="org.jitsi.dnssec.unbound.rpl.UnboundTests" time="0.029"/>
  <testcase name="val_nsec3_b4_wild" classname="org.jitsi.dnssec.unbound.rpl.UnboundTests" time="0.012"/>
  <testcase name="val_nsec3_b4_wild_wr" classname="org.jitsi.dnssec.unbound.rpl.UnboundTests" time="0.014"/>
  <testcase name="val_nsec3_b5_wcnodata" classname="org.jitsi.dnssec.unbound.rpl.UnboundTests" time="0.013"/>
  <testcase name="val_nsec3_b5_wcnodata_noce" classname="org.jitsi.dnssec.unbound.rpl.UnboundTests" time="0.021"/>
  <testcase name="val_nsec3_b5_wcnodata_nonc" classname="org.jitsi.dnssec.unbound.rpl.UnboundTests" time="0.019"/>
  <testcase name="val_nsec3_b5_wcnodata_nowc" classname="org.jitsi.dnssec.unbound.rpl.UnboundTests" time="0.027"/>
  <testcase name="val_nsec3_cnametocnamewctoposwc" classname="org.jitsi.dnssec.unbound.rpl.UnboundTests" time="0.021"/>
  <testcase name="val_nsec3_cname_ds" classname="org.jitsi.dnssec.unbound.rpl.UnboundTests" time="0.033"/>
  <testcase name="val_nsec3_cname_par" classname="org.jitsi.dnssec.unbound.rpl.UnboundTests" time="0.022"/>
  <testcase name="val_nsec3_cname_sub" classname="org.jitsi.dnssec.unbound.rpl.UnboundTests" time="0.025"/>
  <testcase name="val_nsec3_entnodata_optout" classname="org.jitsi.dnssec.unbound.rpl.UnboundTests" time="0.029"/>
  <testcase name="val_nsec3_entnodata_optout_badopt" classname="org.jitsi.dnssec.unbound.rpl.UnboundTests" time="0.022"/>
  <testcase name="val_nsec3_entnodata_optout_match" classname="org.jitsi.dnssec.unbound.rpl.UnboundTests" time="0.021"/>
  <testcase name="val_nsec3_iter_high" classname="org.jitsi.dnssec.unbound.rpl.UnboundTests" time="0.016"/>
  <testcase name="val_nsec3_nodatawccname" classname="org.jitsi.dnssec.unbound.rpl.UnboundTests" time="0.019"/>
  <testcase name="val_nsec3_nods" classname="org.jitsi.dnssec.unbound.rpl.UnboundTests" time="0.026"/>
  <testcase name="val_nsec3_nods_badopt" classname="org.jitsi.dnssec.unbound.rpl.UnboundTests" time="0.029"/>
  <testcase name="val_nsec3_nods_badsig" classname="org.jitsi.dnssec.unbound.rpl.UnboundTests" time="0.039"/>
  <testcase name="val_nsec3_nods_negcache" classname="org.jitsi.dnssec.unbound.rpl.UnboundTests" time="0">
    <skipped message="we don&apos;t do negative caching"/>
  </testcase>
  <testcase name="val_nsec3_nods_soa" classname="org.jitsi.dnssec.unbound.rpl.UnboundTests" time="0.023"/>
  <testcase name="val_nsec3_optout_ad" classname="org.jitsi.dnssec.unbound.rpl.UnboundTests" time="0.024"/>
  <testcase name="val_nsec3_optout_cache" classname="org.jitsi.dnssec.unbound.rpl.UnboundTests" time="0">
    <skipped message="more cache stuff"/>
  </testcase>
  <testcase name="val_nsec3_wcany" classname="org.jitsi.dnssec.unbound.rpl.UnboundTests" time="0.013"/>
  <testcase name="val_nsec3_wcany_nodeny" classname="org.jitsi.dnssec.unbound.rpl.UnboundTests" time="0.015"/>
  <testcase name="val_nx" classname="org.jitsi.dnssec.unbound.rpl.UnboundTests" time="0.013"/>
  <testcase name="val_nx_failwc" classname="org.jitsi.dnssec.unbound.rpl.UnboundTests" time="0.006"/>
  <testcase name="val_nx_nodeny" classname="org.jitsi.dnssec.unbound.rpl.UnboundTests" time="0.015"/>
  <testcase name="val_nx_nowc" classname="org.jitsi.dnssec.unbound.rpl.UnboundTests" time="0.021"/>
  <testcase name="val_nx_nsec3_collision" classname="org.jitsi.dnssec.unbound.rpl.UnboundTests" time="0.016"/>
  <testcase name="val_nx_nsec3_collision2" classname="org.jitsi.dnssec.unbound.rpl.UnboundTests" time="0.013"/>
  <testcase name="val_nx_nsec3_collision3" classname="org.jitsi.dnssec.unbound.rpl.UnboundTests" time="0.014"/>
  <testcase name="val_nx_nsec3_collision4" classname="org.jitsi.dnssec.unbound.rpl.UnboundTests" time="0.016"/>
  <testcase name="val_nx_nsec3_hashalg" classname="org.jitsi.dnssec.unbound.rpl.UnboundTests" time="0.012"/>
  <testcase name="val_nx_nsec3_nsecmix" classname="org.jitsi.dnssec.unbound.rpl.UnboundTests" time="0.011"/>
  <testcase name="val_nx_nsec3_params" classname="org.jitsi.dnssec.unbound.rpl.UnboundTests" time="0.012"/>
  <testcase name="val_nx_overreach" classname="org.jitsi.dnssec.unbound.rpl.UnboundTests" time="0.015"/>
  <testcase name="val_positive" classname="org.jitsi.dnssec.unbound.rpl.UnboundTests" time="0.011"/>
  <testcase name="val_positive_nosigs" classname="org.jitsi.dnssec.unbound.rpl.UnboundTests" time="0.015"/>
  <testcase name="val_positive_wc" classname="org.jitsi.dnssec.unbound.rpl.UnboundTests" time="0.012"/>
  <testcase name="val_positive_wc_nodeny" classname="org.jitsi.dnssec.unbound.rpl.UnboundTests" time="0.013"/>
  <testcase name="val_pos_truncns" classname="org.jitsi.dnssec.unbound.rpl.UnboundTests" time="0.012"/>
  <testcase name="val_qds_badanc" classname="org.jitsi.dnssec.unbound.rpl.UnboundTests" time="0.017"/>
  <testcase name="val_qds_oneanc" classname="org.jitsi.dnssec.unbound.rpl.UnboundTests" time="0.017"/>
  <testcase name="val_qds_twoanc" classname="org.jitsi.dnssec.unbound.rpl.UnboundTests" time="0.02"/>
  <testcase name="val_referd" classname="org.jitsi.dnssec.unbound.rpl.UnboundTests" time="0">
    <skipped message="NSEC records missing for validation, tests caching stuff"/>
  </testcase>
  <testcase name="val_referglue" classname="org.jitsi.dnssec.unbound.rpl.UnboundTests" time="0">
    <skipped message="we don&apos;t do negative caching"/>
  </testcase>
  <testcase name="val_refer_unsignadd" classname="org.jitsi.dnssec.unbound.rpl.UnboundTests" time="0">
    <skipped message="we don&apos;t do negative caching"/>
  </testcase>
  <testcase name="val_rrsig" classname="org.jitsi.dnssec.unbound.rpl.UnboundTests" time="0.011"/>
  <testcase name="val_secds" classname="org.jitsi.dnssec.unbound.rpl.UnboundTests" time="0.021"/>
  <testcase name="val_secds_nosig" classname="org.jitsi.dnssec.unbound.rpl.UnboundTests" time="0.02"/>
  <testcase name="val_stubds" classname="org.jitsi.dnssec.unbound.rpl.UnboundTests" time="0">
    <skipped message="tests unbound specific config (stub zones)"/>
  </testcase>
  <testcase name="val_spurious_ns" classname="org.jitsi.dnssec.unbound.rpl.UnboundTests" time="0.014"/>
  <testcase name="val_stub_noroot" classname="org.jitsi.dnssec.unbound.rpl.UnboundTests" time="0.008"/>
  <testcase name="val_ta_algo_dnskey" classname="org.jitsi.dnssec.unbound.rpl.UnboundTests" time="0.015"/>
  <testcase name="val_ta_algo_dnskey_dp" classname="org.jitsi.dnssec.unbound.rpl.UnboundTests" time="0.03"/>
  <testcase name="val_ta_algo_missing" classname="org.jitsi.dnssec.unbound.rpl.UnboundTests" time="0.016"/>
  <testcase name="val_ta_algo_missing_dp" classname="org.jitsi.dnssec.unbound.rpl.UnboundTests" time="0.016"/>
  <testcase name="val_twocname" classname="org.jitsi.dnssec.unbound.rpl.UnboundTests" time="0.01"/>
  <testcase name="val_unalgo_anchor" classname="org.jitsi.dnssec.unbound.rpl.UnboundTests" time="0.016"/>
  <testcase name="val_unalgo_dlv" classname="org.jitsi.dnssec.unbound.rpl.UnboundTests" time="0.023"/>
  <testcase name="val_unalgo_ds" classname="org.jitsi.dnssec.unbound.rpl.UnboundTests" time="0.017"/>
  <testcase name="val_unsecds" classname="org.jitsi.dnssec.unbound.rpl.UnboundTests" time="0.083"/>
  <testcase name="val_unsecds_negcache" classname="org.jitsi.dnssec.unbound.rpl.UnboundTests" time="0">
    <skipped message="we don&apos;t do negative caching"/>
  </testcase>
  <testcase name="val_unsecds_qtypeds" classname="org.jitsi.dnssec.unbound.rpl.UnboundTests" time="0">
    <skipped message="tests the iterative resolver"/>
  </testcase>
  <testcase name="val_unsec_cname" classname="org.jitsi.dnssec.unbound.rpl.UnboundTests" time="0.045"/>
  <testcase name="val_wild_pos" classname="org.jitsi.dnssec.unbound.rpl.UnboundTests" time="0.013"/>
  <testcase name="val_adbit" classname="org.jitsi.dnssec.unbound.rpl.UnboundTests" time="0.013"/>
</testsuite>