<?xml version="1.0" encoding="UTF-8"?>
<testsuite xmlns:xsi="http://www.w3.org/2001/XMLSchema-instance" xsi:schemaLocation="https://maven.apache.org/surefire/maven-surefire-plugin/xsd/surefire-test-report.xsd" name="hudson.plugins.emailext.ExtendedEmailPublisherTest" time="71.455" tests="52" errors="0" skipped="0" failures="0">
  <properties>
    <property name="java.runtime.name" value="OpenJDK Runtime Environment"/>
    <property name="sun.boot.library.path" value="/usr/local/openjdk-8/jre/lib/amd64"/>
    <property name="java.vm.version" value="25.262-b10"/>
    <property name="animal.sniffer.skip" value="true"/>
    <property name="java.vm.vendor" value="Oracle Corporation"/>
    <property name="maven.multiModuleProjectDirectory" value="/tmp/tmplrezd90j/email-ext-plugin"/>
    <property name="maven.javadoc.skip" value="true"/>
    <property name="java.vendor.url" value="http://java.oracle.com/"/>
    <property name="path.separator" value=":"/>
    <property name="guice.disable.misplaced.annotation.check" value="true"/>
    <property name="java.vm.name" value="OpenJDK 64-Bit Server VM"/>
    <property name="file.encoding.pkg" value="sun.io"/>
    <property name="sun.java.launcher" value="SUN_STANDARD"/>
    <property name="sun.os.patch.level" value="unknown"/>
    <property name="source.skip" value="true"/>
    <property name="java.vm.specification.name" value="Java Virtual Machine Specification"/>
    <property name="user.dir" value="/tmp/tmplrezd90j/email-ext-plugin"/>
    <property name="java.runtime.version" value="1.8.0_262-b10"/>
    <property name="java.awt.graphicsenv" value="sun.awt.X11GraphicsEnvironment"/>
    <property name="java.endorsed.dirs" value="/usr/local/openjdk-8/jre/lib/endorsed"/>
    <property name="os.arch" value="amd64"/>
    <property name="java.io.tmpdir" value="/tmp"/>
    <property name="line.separator" value="&#10;"/>
    <property name="java.vm.specification.vendor" value="Oracle Corporation"/>
    <property name="os.name" value="Linux"/>
    <property name="classworlds.conf" value="/usr/share/maven/bin/m2.conf"/>
    <property name="sun.jnu.encoding" value="UTF-8"/>
    <property name="java.library.path" value="/usr/java/packages/lib/amd64:/usr/lib64:/lib64:/lib:/usr/lib"/>
    <property name="license.skip" value="true"/>
    <property name="maven.conf" value="/usr/share/maven/conf"/>
    <property name="java.specification.name" value="Java Platform API Specification"/>
    <property name="java.class.version" value="52.0"/>
    <property name="sun.management.compiler" value="HotSpot 64-Bit Tiered Compilers"/>
    <property name="maven.test.failure.ignore" value="true"/>
    <property name="os.version" value="4.15.0-109-generic"/>
    <property name="library.jansi.path" value="/usr/share/maven/lib/jansi-native"/>
    <property name="user.home" value="/home/jdbl"/>
    <property name="user.timezone" value="Etc/UTC"/>
    <property name="java.awt.printerjob" value="sun.print.PSPrinterJob"/>
    <property name="java.specification.version" value="1.8"/>
    <property name="file.encoding" value="UTF-8"/>
    <property name="user.name" value="jdbl"/>
    <property name="java.class.path" value="/usr/share/maven/boot/plexus-classworlds-2.6.0.jar"/>
    <property name="java.vm.specification.version" value="1.8"/>
    <property name="sun.arch.data.model" value="64"/>
    <property name="java.home" value="/usr/local/openjdk-8/jre"/>
    <property name="sun.java.command" value="org.codehaus.plexus.classworlds.launcher.Launcher test -e --fail-never -ntp -Dmaven.test.failure.ignore=true -B -Dmaven.javadoc.skip=true -Drat.skip=true -Danimal.sniffer.skip=true -Dmaven.javadoc.skip=true -Dlicense.skip=true -Dsource.skip=true"/>
    <property name="java.specification.vendor" value="Oracle Corporation"/>
    <property name="user.language" value="en"/>
    <property name="awt.toolkit" value="sun.awt.X11.XToolkit"/>
    <property name="java.vm.info" value="mixed mode"/>
    <property name="java.version" value="1.8.0_262"/>
    <property name="java.ext.dirs" value="/usr/local/openjdk-8/jre/lib/ext:/usr/java/packages/lib/ext"/>
    <property name="securerandom.source" value="file:/dev/./urandom"/>
    <property name="sun.boot.class.path" value="/usr/local/openjdk-8/jre/lib/resources.jar:/usr/local/openjdk-8/jre/lib/rt.jar:/usr/local/openjdk-8/jre/lib/sunrsasign.jar:/usr/local/openjdk-8/jre/lib/jsse.jar:/usr/local/openjdk-8/jre/lib/jce.jar:/usr/local/openjdk-8/jre/lib/charsets.jar:/usr/local/openjdk-8/jre/lib/jfr.jar:/usr/local/openjdk-8/jre/classes"/>
    <property name="java.vendor" value="Oracle Corporation"/>
    <property name="rat.skip" value="true"/>
    <property name="maven.home" value="/usr/share/maven"/>
    <property name="file.separator" value="/"/>
    <property name="java.vendor.url.bug" value="http://bugreport.sun.com/bugreport/"/>
    <property name="sun.cpu.endian" value="little"/>
    <property name="sun.io.unicode.encoding" value="UnicodeLittle"/>
    <property name="sun.cpu.isalist" value=""/>
  </properties>
  <testcase name="testMultipleTriggersOfSameType" classname="hudson.plugins.emailext.ExtendedEmailPublisherTest" time="0.392"/>
  <testcase name="testPostsendScriptModifiesMessageId" classname="hudson.plugins.emailext.ExtendedEmailPublisherTest" time="5.114"/>
  <testcase name="testNoReplyTo" classname="hudson.plugins.emailext.ExtendedEmailPublisherTest" time="0.488"/>
  <testcase name="testFixedTriggerShouldSendEmailWhenBuildIsFixed" classname="hudson.plugins.emailext.ExtendedEmailPublisherTest" time="0.746"/>
  <testcase name="testCancelFromPresendScriptCausesNoEmailSecured" classname="hudson.plugins.emailext.ExtendedEmailPublisherTest" time="1.323"/>
  <testcase name="testFixedUnhealthyTriggerShouldSendEmailWhenBuildSucceedsAfterAbortedBuild" classname="hudson.plugins.emailext.ExtendedEmailPublisherTest" time="0.285"/>
  <testcase name="testNoCancelFromPresendScriptCausesEmailSecure" classname="hudson.plugins.emailext.ExtendedEmailPublisherTest" time="0.345"/>
  <testcase name="testPresendScriptModifiesToUsingProjectExternalScriptSecured" classname="hudson.plugins.emailext.ExtendedEmailPublisherTest" time="0.66"/>
  <testcase name="testConfiguredStateNoTriggers" classname="hudson.plugins.emailext.ExtendedEmailPublisherTest" time="19.275"/>
  <testcase name="testAttachBuildLog" classname="hudson.plugins.emailext.ExtendedEmailPublisherTest" time="0.17"/>
  <testcase name="testEmergencyRerouteOverridesPresendScript" classname="hudson.plugins.emailext.ExtendedEmailPublisherTest" time="0.225"/>
  <testcase name="testAdditionalAccounts" classname="hudson.plugins.emailext.ExtendedEmailPublisherTest" time="0.141"/>
  <testcase name="testFirstFailureTriggerShouldNotSendEmailOnSecondFail" classname="hudson.plugins.emailext.ExtendedEmailPublisherTest" time="5.239"/>
  <testcase name="testShouldNotSendEmailWhenNoTriggerEnabled" classname="hudson.plugins.emailext.ExtendedEmailPublisherTest" time="0.155"/>
  <testcase name="testCancelFromPresendScriptCausesNoEmailWithCodeAfter" classname="hudson.plugins.emailext.ExtendedEmailPublisherTest" time="0.202"/>
  <testcase name="testPresendScriptModifiesToUsingGlobalExternalScript" classname="hudson.plugins.emailext.ExtendedEmailPublisherTest" time="0.419"/>
  <testcase name="testNotBuiltTriggerShouldNotSendEmailWhenBuildFails" classname="hudson.plugins.emailext.ExtendedEmailPublisherTest" time="0.338"/>
  <testcase name="testCancelFromPresendScriptCausesNoEmail" classname="hudson.plugins.emailext.ExtendedEmailPublisherTest" time="0.383"/>
  <testcase name="testFixedUnhealthyTriggerShouldSendEmailWhenBuildIsFixed" classname="hudson.plugins.emailext.ExtendedEmailPublisherTest" time="0.355"/>
  <testcase name="testSuccessTriggerShouldSendEmailWhenBuildSucceeds" classname="hudson.plugins.emailext.ExtendedEmailPublisherTest" time="0.21"/>
  <testcase name="testStillFailingTriggerShouldNotSendEmailWhenBuildFirstFails" classname="hudson.plugins.emailext.ExtendedEmailPublisherTest" time="0.184"/>
  <testcase name="testSendToRequesterLegacy" classname="hudson.plugins.emailext.ExtendedEmailPublisherTest" time="0.192"/>
  <testcase name="testPostsendScriptModifiesMessageIdUsingProjectExternalScript" classname="hudson.plugins.emailext.ExtendedEmailPublisherTest" time="2.598"/>
  <testcase name="testAbortedTriggerShouldNotSendEmailWhenBuildFails" classname="hudson.plugins.emailext.ExtendedEmailPublisherTest" time="0.426"/>
  <testcase name="testStillFailingTriggerShouldSendEmailWhenBuildContinuesToFail" classname="hudson.plugins.emailext.ExtendedEmailPublisherTest" time="0.283"/>
  <testcase name="testPresendScriptModifiesToUsingProjectExternalScript" classname="hudson.plugins.emailext.ExtendedEmailPublisherTest" time="2.438"/>
  <testcase name="testAllowedDomains1" classname="hudson.plugins.emailext.ExtendedEmailPublisherTest" time="1.001"/>
  <testcase name="testAllowedDomains2" classname="hudson.plugins.emailext.ExtendedEmailPublisherTest" time="1.022"/>
  <testcase name="testShouldSendEmailUsingUtf8ByDefault" classname="hudson.plugins.emailext.ExtendedEmailPublisherTest" time="0.767"/>
  <testcase name="testPlainTextAndHtml" classname="hudson.plugins.emailext.ExtendedEmailPublisherTest" time="0.605"/>
  <testcase name="testPresendScriptModifiesToSecured" classname="hudson.plugins.emailext.ExtendedEmailPublisherTest" time="0.489"/>
  <testcase name="testPostsendScriptModifiesToUsingGlobalExternalScript" classname="hudson.plugins.emailext.ExtendedEmailPublisherTest" time="3.366"/>
  <testcase name="testScriptConstructorsAreNotExecutedOutsideOfSandbox" classname="hudson.plugins.emailext.ExtendedEmailPublisherTest" time="1.424"/>
  <testcase name="testReplyTo" classname="hudson.plugins.emailext.ExtendedEmailPublisherTest" time="0.994"/>
  <testcase name="testFixedTriggerShouldNotSendEmailWhenBuildSucceedsAfterAbortedBuild" classname="hudson.plugins.emailext.ExtendedEmailPublisherTest" time="0.42"/>
  <testcase name="testPreBuildTriggerShouldAlwaysSendEmail" classname="hudson.plugins.emailext.ExtendedEmailPublisherTest" time="0.211"/>
  <testcase name="testSuccessTriggerShouldNotSendEmailWhenBuildFails" classname="hudson.plugins.emailext.ExtendedEmailPublisherTest" time="0.263"/>
  <testcase name="testProjectDisable" classname="hudson.plugins.emailext.ExtendedEmailPublisherTest" time="0.187"/>
  <testcase name="testNotBuiltTriggerShouldSendEmailWhenNotBuilt" classname="hudson.plugins.emailext.ExtendedEmailPublisherTest" time="0.205"/>
  <testcase name="testFixedTriggerShouldNotSendEmailWhenBuildFirstFails" classname="hudson.plugins.emailext.ExtendedEmailPublisherTest" time="0.18"/>
  <testcase name="testPresendScriptModifiesTo" classname="hudson.plugins.emailext.ExtendedEmailPublisherTest" time="0.235"/>
  <testcase name="testPostsendScriptModifiesMessageIdUsingProjectExternalScriptSecure" classname="hudson.plugins.emailext.ExtendedEmailPublisherTest" time="5.92"/>
  <testcase name="testNewInstance_shouldGetBasicInformation" classname="hudson.plugins.emailext.ExtendedEmailPublisherTest" time="0.284"/>
  <testcase name="testNoCancelFromPresendScriptCausesEmail" classname="hudson.plugins.emailext.ExtendedEmailPublisherTest" time="1.793"/>
  <testcase name="testAbortedTriggerShouldSendEmailWhenBuildAborts" classname="hudson.plugins.emailext.ExtendedEmailPublisherTest" time="1.37"/>
  <testcase name="testConcurrentBuilds" classname="hudson.plugins.emailext.ExtendedEmailPublisherTest" time="0.628"/>
  <testcase name="testStillFailingTriggerShouldNotSendEmailWhenBuildIsFixed" classname="hudson.plugins.emailext.ExtendedEmailPublisherTest" time="0.758"/>
  <testcase name="testPreBuildTriggerShouldAlwaysSendEmailSecured" classname="hudson.plugins.emailext.ExtendedEmailPublisherTest" time="0.565"/>
  <testcase name="testPresendScriptModifiesToUsingGlobalExternalScriptSecure" classname="hudson.plugins.emailext.ExtendedEmailPublisherTest" time="2.023"/>
  <testcase name="testFixedUnhealthyTriggerShouldNotSendEmailWhenBuildFirstFails" classname="hudson.plugins.emailext.ExtendedEmailPublisherTest" time="0.833"/>
  <testcase name="testStillFailingTriggerShouldNotSendEmailWhenBuildSucceeds" classname="hudson.plugins.emailext.ExtendedEmailPublisherTest" time="0.525"/>
  <testcase name="testCancelFromPresendScriptCausesNoEmailWithCodeAfterSecured" classname="hudson.plugins.emailext.ExtendedEmailPublisherTest" time="0.51"/>
</testsuite>