<?xml version="1.0" encoding="UTF-8"?>
<testsuite xmlns:xsi="http://www.w3.org/2001/XMLSchema-instance" xsi:noNamespaceSchemaLocation="https://maven.apache.org/surefire/maven-surefire-plugin/xsd/surefire-test-report-3.0.xsd" version="3.0" name="org.apache.ibatis.session.SqlSessionTest" time="1.861" tests="59" errors="0" skipped="0" failures="0">
  <properties>
    <property name="awt.toolkit" value="sun.awt.X11.XToolkit"/>
    <property name="maven.test.error.ignore" value="true"/>
    <property name="file.encoding.pkg" value="sun.io"/>
    <property name="java.specification.version" value="1.8"/>
    <property name="sun.cpu.isalist" value=""/>
    <property name="sun.jnu.encoding" value="UTF-8"/>
    <property name="java.class.path" value="/tmp/tmppvin91vx/mybatis-3/target/test-classes:/tmp/tmppvin91vx/mybatis-3/target/classes:/home/jdbl/.m2/repository/ognl/ognl/3.2.10/ognl-3.2.10.jar:/home/jdbl/.m2/repository/org/javassist/javassist/3.24.1-GA/javassist-3.24.1-GA.jar:/home/jdbl/.m2/repository/org/slf4j/slf4j-api/1.7.26/slf4j-api-1.7.26.jar:/home/jdbl/.m2/repository/org/slf4j/slf4j-log4j12/1.7.26/slf4j-log4j12-1.7.26.jar:/home/jdbl/.m2/repository/log4j/log4j/1.2.17/log4j-1.2.17.jar:/home/jdbl/.m2/repository/org/apache/logging/log4j/log4j-core/2.11.2/log4j-core-2.11.2.jar:/home/jdbl/.m2/repository/org/apache/logging/log4j/log4j-api/2.11.2/log4j-api-2.11.2.jar:/home/jdbl/.m2/repository/commons-logging/commons-logging/1.2/commons-logging-1.2.jar:/home/jdbl/.m2/repository/cglib/cglib/3.2.10/cglib-3.2.10.jar:/home/jdbl/.m2/repository/org/ow2/asm/asm/7.0/asm-7.0.jar:/home/jdbl/.m2/repository/org/apache/ant/ant/1.10.3/ant-1.10.3.jar:/home/jdbl/.m2/repository/org/apache/ant/ant-launcher/1.10.3/ant-launcher-1.10.3.jar:/home/jdbl/.m2/repository/org/junit/jupiter/junit-jupiter-engine/5.4.1/junit-jupiter-engine-5.4.1.jar:/home/jdbl/.m2/repository/org/apiguardian/apiguardian-api/1.0.0/apiguardian-api-1.0.0.jar:/home/jdbl/.m2/repository/org/junit/platform/junit-platform-engine/1.4.1/junit-platform-engine-1.4.1.jar:/home/jdbl/.m2/repository/org/opentest4j/opentest4j/1.1.1/opentest4j-1.1.1.jar:/home/jdbl/.m2/repository/org/junit/platform/junit-platform-commons/1.4.1/junit-platform-commons-1.4.1.jar:/home/jdbl/.m2/repository/org/junit/jupiter/junit-jupiter-api/5.4.1/junit-jupiter-api-5.4.1.jar:/home/jdbl/.m2/repository/org/hsqldb/hsqldb/2.4.1/hsqldb-2.4.1.jar:/home/jdbl/.m2/repository/org/apache/derby/derby/10.14.2.0/derby-10.14.2.0.jar:/home/jdbl/.m2/repository/org/mockito/mockito-core/2.25.1/mockito-core-2.25.1.jar:/home/jdbl/.m2/repository/net/bytebuddy/byte-buddy/1.9.7/byte-buddy-1.9.7.jar:/home/jdbl/.m2/repository/net/bytebuddy/byte-buddy-agent/1.9.7/byte-buddy-agent-1.9.7.jar:/home/jdbl/.m2/repository/org/objenesis/objenesis/2.6/objenesis-2.6.jar:/home/jdbl/.m2/repository/org/mockito/mockito-junit-jupiter/2.25.1/mockito-junit-jupiter-2.25.1.jar:/home/jdbl/.m2/repository/org/apache/commons/commons-dbcp2/2.6.0/commons-dbcp2-2.6.0.jar:/home/jdbl/.m2/repository/org/apache/commons/commons-pool2/2.6.1/commons-pool2-2.6.1.jar:/home/jdbl/.m2/repository/javax/transaction/javax.transaction-api/1.3/javax.transaction-api-1.3.jar:/home/jdbl/.m2/repository/org/apache/velocity/velocity-engine-core/2.0/velocity-engine-core-2.0.jar:/home/jdbl/.m2/repository/org/apache/commons/commons-lang3/3.5/commons-lang3-3.5.jar:/home/jdbl/.m2/repository/org/postgresql/postgresql/42.2.5/postgresql-42.2.5.jar:/home/jdbl/.m2/repository/org/assertj/assertj-core/3.12.2/assertj-core-3.12.2.jar:/home/jdbl/.m2/repository/eu/codearte/catch-exception/catch-exception/1.4.6/catch-exception-1.4.6.jar:/home/jdbl/.m2/repository/ru/yandex/qatools/embed/postgresql-embedded/2.10/postgresql-embedded-2.10.jar:/home/jdbl/.m2/repository/de/flapdoodle/embed/de.flapdoodle.embed.process/2.0.2/de.flapdoodle.embed.process-2.0.2.jar:/home/jdbl/.m2/repository/commons-io/commons-io/2.4/commons-io-2.4.jar:/home/jdbl/.m2/repository/net/java/dev/jna/jna/4.0.0/jna-4.0.0.jar:/home/jdbl/.m2/repository/net/java/dev/jna/jna-platform/4.0.0/jna-platform-4.0.0.jar:/home/jdbl/.m2/repository/org/apache/commons/commons-compress/1.10/commons-compress-1.10.jar:"/>
    <property name="java.vm.vendor" value="Oracle Corporation"/>
    <property name="maven.javadoc.skip" value="true"/>
    <property name="sun.arch.data.model" value="64"/>
    <property name="java.vendor.url" value="http://java.oracle.com/"/>
    <property name="user.timezone" value=""/>
    <property name="java.vm.specification.version" value="1.8"/>
    <property name="os.name" value="Linux"/>
    <property name="rat.skip" value="true"/>
    <property name="sun.java.launcher" value="SUN_STANDARD"/>
    <property name="sun.boot.library.path" value="/usr/local/openjdk-8/jre/lib/amd64"/>
    <property name="sun.java.command" value="/tmp/tmppvin91vx/mybatis-3/target/surefire/surefirebooter4755378126948150519.jar /tmp/tmppvin91vx/mybatis-3/target/surefire 2020-07-30T15-13-17_685-jvmRun1 surefire3091765463310968996tmp surefire_0798896064320808172tmp"/>
    <property name="surefire.test.class.path" value="/tmp/tmppvin91vx/mybatis-3/target/test-classes:/tmp/tmppvin91vx/mybatis-3/target/classes:/home/jdbl/.m2/repository/ognl/ognl/3.2.10/ognl-3.2.10.jar:/home/jdbl/.m2/repository/org/javassist/javassist/3.24.1-GA/javassist-3.24.1-GA.jar:/home/jdbl/.m2/repository/org/slf4j/slf4j-api/1.7.26/slf4j-api-1.7.26.jar:/home/jdbl/.m2/repository/org/slf4j/slf4j-log4j12/1.7.26/slf4j-log4j12-1.7.26.jar:/home/jdbl/.m2/repository/log4j/log4j/1.2.17/log4j-1.2.17.jar:/home/jdbl/.m2/repository/org/apache/logging/log4j/log4j-core/2.11.2/log4j-core-2.11.2.jar:/home/jdbl/.m2/repository/org/apache/logging/log4j/log4j-api/2.11.2/log4j-api-2.11.2.jar:/home/jdbl/.m2/repository/commons-logging/commons-logging/1.2/commons-logging-1.2.jar:/home/jdbl/.m2/repository/cglib/cglib/3.2.10/cglib-3.2.10.jar:/home/jdbl/.m2/repository/org/ow2/asm/asm/7.0/asm-7.0.jar:/home/jdbl/.m2/repository/org/apache/ant/ant/1.10.3/ant-1.10.3.jar:/home/jdbl/.m2/repository/org/apache/ant/ant-launcher/1.10.3/ant-launcher-1.10.3.jar:/home/jdbl/.m2/repository/org/junit/jupiter/junit-jupiter-engine/5.4.1/junit-jupiter-engine-5.4.1.jar:/home/jdbl/.m2/repository/org/apiguardian/apiguardian-api/1.0.0/apiguardian-api-1.0.0.jar:/home/jdbl/.m2/repository/org/junit/platform/junit-platform-engine/1.4.1/junit-platform-engine-1.4.1.jar:/home/jdbl/.m2/repository/org/opentest4j/opentest4j/1.1.1/opentest4j-1.1.1.jar:/home/jdbl/.m2/repository/org/junit/platform/junit-platform-commons/1.4.1/junit-platform-commons-1.4.1.jar:/home/jdbl/.m2/repository/org/junit/jupiter/junit-jupiter-api/5.4.1/junit-jupiter-api-5.4.1.jar:/home/jdbl/.m2/repository/org/hsqldb/hsqldb/2.4.1/hsqldb-2.4.1.jar:/home/jdbl/.m2/repository/org/apache/derby/derby/10.14.2.0/derby-10.14.2.0.jar:/home/jdbl/.m2/repository/org/mockito/mockito-core/2.25.1/mockito-core-2.25.1.jar:/home/jdbl/.m2/repository/net/bytebuddy/byte-buddy/1.9.7/byte-buddy-1.9.7.jar:/home/jdbl/.m2/repository/net/bytebuddy/byte-buddy-agent/1.9.7/byte-buddy-agent-1.9.7.jar:/home/jdbl/.m2/repository/org/objenesis/objenesis/2.6/objenesis-2.6.jar:/home/jdbl/.m2/repository/org/mockito/mockito-junit-jupiter/2.25.1/mockito-junit-jupiter-2.25.1.jar:/home/jdbl/.m2/repository/org/apache/commons/commons-dbcp2/2.6.0/commons-dbcp2-2.6.0.jar:/home/jdbl/.m2/repository/org/apache/commons/commons-pool2/2.6.1/commons-pool2-2.6.1.jar:/home/jdbl/.m2/repository/javax/transaction/javax.transaction-api/1.3/javax.transaction-api-1.3.jar:/home/jdbl/.m2/repository/org/apache/velocity/velocity-engine-core/2.0/velocity-engine-core-2.0.jar:/home/jdbl/.m2/repository/org/apache/commons/commons-lang3/3.5/commons-lang3-3.5.jar:/home/jdbl/.m2/repository/org/postgresql/postgresql/42.2.5/postgresql-42.2.5.jar:/home/jdbl/.m2/repository/org/assertj/assertj-core/3.12.2/assertj-core-3.12.2.jar:/home/jdbl/.m2/repository/eu/codearte/catch-exception/catch-exception/1.4.6/catch-exception-1.4.6.jar:/home/jdbl/.m2/repository/ru/yandex/qatools/embed/postgresql-embedded/2.10/postgresql-embedded-2.10.jar:/home/jdbl/.m2/repository/de/flapdoodle/embed/de.flapdoodle.embed.process/2.0.2/de.flapdoodle.embed.process-2.0.2.jar:/home/jdbl/.m2/repository/commons-io/commons-io/2.4/commons-io-2.4.jar:/home/jdbl/.m2/repository/net/java/dev/jna/jna/4.0.0/jna-4.0.0.jar:/home/jdbl/.m2/repository/net/java/dev/jna/jna-platform/4.0.0/jna-platform-4.0.0.jar:/home/jdbl/.m2/repository/org/apache/commons/commons-compress/1.10/commons-compress-1.10.jar:"/>
    <property name="sun.cpu.endian" value="little"/>
    <property name="user.home" value="/home/jdbl"/>
    <property name="user.language" value="en"/>
    <property name="java.specification.vendor" value="Oracle Corporation"/>
    <property name="java.home" value="/usr/local/openjdk-8/jre"/>
    <property name="basedir" value="/tmp/tmppvin91vx/mybatis-3"/>
    <property name="file.separator" value="/"/>
    <property name="line.separator" value="&#10;"/>
    <property name="source.skip" value="true"/>
    <property name="java.vm.specification.vendor" value="Oracle Corporation"/>
    <property name="java.specification.name" value="Java Platform API Specification"/>
    <property name="derby.stream.error.file" value="/tmp/tmppvin91vx/mybatis-3/target/derby.log"/>
    <property name="java.awt.graphicsenv" value="sun.awt.X11GraphicsEnvironment"/>
    <property name="surefire.real.class.path" value="/tmp/tmppvin91vx/mybatis-3/target/surefire/surefirebooter4755378126948150519.jar:/home/jdbl/.m2/repository/org/jacoco/org.jacoco.agent/0.8.2/org.jacoco.agent-0.8.2-runtime.jar"/>
    <property name="sun.boot.class.path" value="/usr/local/openjdk-8/jre/lib/resources.jar:/usr/local/openjdk-8/jre/lib/rt.jar:/usr/local/openjdk-8/jre/lib/sunrsasign.jar:/usr/local/openjdk-8/jre/lib/jsse.jar:/usr/local/openjdk-8/jre/lib/jce.jar:/usr/local/openjdk-8/jre/lib/charsets.jar:/usr/local/openjdk-8/jre/lib/jfr.jar:/usr/local/openjdk-8/jre/classes"/>
    <property name="sun.management.compiler" value="HotSpot 64-Bit Tiered Compilers"/>
    <property name="java.runtime.version" value="1.8.0_262-b10"/>
    <property name="user.name" value="jdbl"/>
    <property name="path.separator" value=":"/>
    <property name="os.version" value="4.15.0-109-generic"/>
    <property name="java.endorsed.dirs" value="/usr/local/openjdk-8/jre/lib/endorsed"/>
    <property name="java.runtime.name" value="OpenJDK Runtime Environment"/>
    <property name="file.encoding" value="UTF-8"/>
    <property name="java.vm.name" value="OpenJDK 64-Bit Server VM"/>
    <property name="derby.system.home" value="/tmp/tmppvin91vx/mybatis-3/target"/>
    <property name="localRepository" value="/home/jdbl/.m2/repository"/>
    <property name="java.vendor.url.bug" value="http://bugreport.sun.com/bugreport/"/>
    <property name="java.io.tmpdir" value="/tmp"/>
    <property name="java.version" value="1.8.0_262"/>
    <property name="user.dir" value="/tmp/tmppvin91vx/mybatis-3"/>
    <property name="os.arch" value="amd64"/>
    <property name="license.skip" value="true"/>
    <property name="animal.sniffer.skip" value="true"/>
    <property name="java.vm.specification.name" value="Java Virtual Machine Specification"/>
    <property name="java.awt.printerjob" value="sun.print.PSPrinterJob"/>
    <property name="sun.os.patch.level" value="unknown"/>
    <property name="java.library.path" value="/usr/java/packages/lib/amd64:/usr/lib64:/lib64:/lib:/usr/lib"/>
    <property name="java.vm.info" value="mixed mode"/>
    <property name="java.vendor" value="Oracle Corporation"/>
    <property name="java.vm.version" value="25.262-b10"/>
    <property name="java.ext.dirs" value="/usr/local/openjdk-8/jre/lib/ext:/usr/java/packages/lib/ext"/>
    <property name="sun.io.unicode.encoding" value="UnicodeLittle"/>
    <property name="java.class.version" value="52.0"/>
    <property name="maven.test.failure.ignore" value="true"/>
  </properties>
  <testcase name="shouldFindPostByIDWithDynamicSql" classname="org.apache.ibatis.session.SqlSessionTest" time="0.027"/>
  <testcase name="shouldExecuteSelectAllAuthorsUsingMapperClassThatReturnsSet" classname="org.apache.ibatis.session.SqlSessionTest" time="0.006"/>
  <testcase name="shouldExecuteSelectOneAuthorUsingMapperClassThatReturnsALinedHashMap" classname="org.apache.ibatis.session.SqlSessionTest" time="0.014"/>
  <testcase name="shouldExecuteSelectOneAuthorUsingMapperClassWithResultHandler" classname="org.apache.ibatis.session.SqlSessionTest" time="0.015"/>
  <testcase name="shouldThrowExceptionIfTryingToAddStatementWithSameNameInAnnotation" classname="org.apache.ibatis.session.SqlSessionTest" time="0.012"/>
  <testcase name="shouldFailSelectOneAuthorUsingMapperClassWithTwoResultHandlers" classname="org.apache.ibatis.session.SqlSessionTest" time="0.004"/>
  <testcase name="shouldUpdateAuthorImplicitRollback" classname="org.apache.ibatis.session.SqlSessionTest" time="0.026"/>
  <testcase name="shouldFindOddPostsInList" classname="org.apache.ibatis.session.SqlSessionTest" time="0.013"/>
  <testcase name="shouldUpdateAuthorCommit" classname="org.apache.ibatis.session.SqlSessionTest" time="0.009"/>
  <testcase name="shouldFailWithTooManyResultsException" classname="org.apache.ibatis.session.SqlSessionTest" time="0.022"/>
  <testcase name="shouldSelectOneImmutableAuthor" classname="org.apache.ibatis.session.SqlSessionTest" time="0"/>
  <testcase name="shouldCacheAllAuthors" classname="org.apache.ibatis.session.SqlSessionTest" time="0.008"/>
  <testcase name="shouldFindPostsAllPostsWithDynamicSql" classname="org.apache.ibatis.session.SqlSessionTest" time="0.016"/>
  <testcase name="shouldOpenAndClose" classname="org.apache.ibatis.session.SqlSessionTest" time="0"/>
  <testcase name="shouldSelectOneAuthor" classname="org.apache.ibatis.session.SqlSessionTest" time="0.005"/>
  <testcase name="shouldCommitAnUnUsedSqlSession" classname="org.apache.ibatis.session.SqlSessionTest" time="0"/>
  <testcase name="shouldSelectBlogWithPostsAndAuthorUsingSubSelectsLazily" classname="org.apache.ibatis.session.SqlSessionTest" time="0.026"/>
  <testcase name="shouldThrowExceptionIfTryingToAddStatementWithSameNameInXml" classname="org.apache.ibatis.session.SqlSessionTest" time="0.001"/>
  <testcase name="shouldSelectBlogWithPostsAndAuthorUsingJoin" classname="org.apache.ibatis.session.SqlSessionTest" time="0.029"/>
  <testcase name="shouldSelectNestedBlogWithPostsAndAuthorUsingJoin" classname="org.apache.ibatis.session.SqlSessionTest" time="0.021"/>
  <testcase name="shouldSelectAllPostsUsingMapperClass" classname="org.apache.ibatis.session.SqlSessionTest" time="0.011"/>
  <testcase name="shouldFindPostsInSetOfIDsWithDynamicSql" classname="org.apache.ibatis.session.SqlSessionTest" time="0.008"/>
  <testcase name="shouldExecuteSelectAllAuthorsUsingMapperClassThatReturnsVector" classname="org.apache.ibatis.session.SqlSessionTest" time="0.004"/>
  <testcase name="shouldRollbackAnUnUsedSqlSession" classname="org.apache.ibatis.session.SqlSessionTest" time="0.001"/>
  <testcase name="shouldSelectOneAuthorAsList" classname="org.apache.ibatis.session.SqlSessionTest" time="0.02"/>
  <testcase name="shouldSelectOddPostsInKeysList" classname="org.apache.ibatis.session.SqlSessionTest" time="0.019"/>
  <testcase name="shouldOffsetAndLimitResultsUsingMapperClass" classname="org.apache.ibatis.session.SqlSessionTest" time="0.003"/>
  <testcase name="shouldFindPostsWithBlogIdUsingDynamicSql" classname="org.apache.ibatis.session.SqlSessionTest" time="0.008"/>
  <testcase name="shouldResolveBothSimpleNameAndFullyQualifiedName" classname="org.apache.ibatis.session.SqlSessionTest" time="0"/>
  <testcase name="shouldDeleteAuthorUsingMapperClass" classname="org.apache.ibatis.session.SqlSessionTest" time="0.024"/>
  <testcase name="shouldSelectBlogWithPostsAndAuthorUsingSubSelects" classname="org.apache.ibatis.session.SqlSessionTest" time="0.024"/>
  <testcase name="shouldFindPostsInList" classname="org.apache.ibatis.session.SqlSessionTest" time="0.004"/>
  <testcase name="shouldSucceedWhenFullyQualifiedButFailDueToAmbiguity" classname="org.apache.ibatis.session.SqlSessionTest" time="0"/>
  <testcase name="shouldExecuteSelectAllAuthorsUsingMapperClassThatReturnsLinkedList" classname="org.apache.ibatis.session.SqlSessionTest" time="0.026"/>
  <testcase name="shouldLimitResultsUsingMapperClass" classname="org.apache.ibatis.session.SqlSessionTest" time="0.012"/>
  <testcase name="shouldSelectAllAuthorsAsMap" classname="org.apache.ibatis.session.SqlSessionTest" time="0.002"/>
  <testcase name="shouldExecuteSelectAllAuthorsUsingMapperClassThatReturnsAnArray" classname="org.apache.ibatis.session.SqlSessionTest" time="0.001"/>
  <testcase name="shouldEnsureThatBothEarlyAndLateResolutionOfNesteDiscriminatorsResolesToUseNestedResultSetHandler" classname="org.apache.ibatis.session.SqlSessionTest" time="0.001"/>
  <testcase name="shouldFailExecutingAnAnnotatedMapperClassWithResultHandler" classname="org.apache.ibatis.session.SqlSessionTest" time="0.001"/>
  <testcase name="shouldInsertAuthorUsingMapperClass" classname="org.apache.ibatis.session.SqlSessionTest" time="0.011"/>
  <testcase name="shouldSelectCountOfPosts" classname="org.apache.ibatis.session.SqlSessionTest" time="0.045"/>
  <testcase name="shouldHandleZeroParameters" classname="org.apache.ibatis.session.SqlSessionTest" time="0.011"/>
  <testcase name="shouldStopResultHandler" classname="org.apache.ibatis.session.SqlSessionTest" time="0.002"/>
  <testcase name="shouldSelectOneAuthorWithInlineParams" classname="org.apache.ibatis.session.SqlSessionTest" time="0.011"/>
  <testcase name="shouldDeleteAuthor" classname="org.apache.ibatis.session.SqlSessionTest" time="0.018"/>
  <testcase name="shouldFailOverToMostApplicableSimpleName" classname="org.apache.ibatis.session.SqlSessionTest" time="0.001"/>
  <testcase name="shouldUpdateAuthorIfNecessary" classname="org.apache.ibatis.session.SqlSessionTest" time="0.023"/>
  <testcase name="shouldSelectAuthorsUsingMapperClassWithResultHandler" classname="org.apache.ibatis.session.SqlSessionTest" time="0.002"/>
  <testcase name="shouldFindPostsWithAuthorIdUsingDynamicSql" classname="org.apache.ibatis.session.SqlSessionTest" time="0.018"/>
  <testcase name="shouldFailToAddDueToNameConflict" classname="org.apache.ibatis.session.SqlSessionTest" time="0"/>
  <testcase name="shouldUpdateAuthorUsingMapperClass" classname="org.apache.ibatis.session.SqlSessionTest" time="0.023"/>
  <testcase name="shouldThrowExceptionIfMappedStatementDoesNotExist" classname="org.apache.ibatis.session.SqlSessionTest" time="0"/>
  <testcase name="shouldFailSelectOneAuthorUsingMapperClassWithTwoRowBounds" classname="org.apache.ibatis.session.SqlSessionTest" time="0.003"/>
  <testcase name="shouldSelectAuthorsUsingMapperClass" classname="org.apache.ibatis.session.SqlSessionTest" time="0.009"/>
  <testcase name="shouldNotCacheAllAuthors" classname="org.apache.ibatis.session.SqlSessionTest" time="0.003"/>
  <testcase name="shouldExecuteSelectOneAuthorUsingMapperClass" classname="org.apache.ibatis.session.SqlSessionTest" time="0.009"/>
  <testcase name="shouldFindPostsWithAuthorAndBlogIdUsingDynamicSql" classname="org.apache.ibatis.session.SqlSessionTest" time="0.017"/>
  <testcase name="shouldSelectAllAuthors" classname="org.apache.ibatis.session.SqlSessionTest" time="0.001"/>
  <testcase name="shouldInsertAuthor" classname="org.apache.ibatis.session.SqlSessionTest" time="0.009"/>
</testsuite>