<?xml version="1.0" encoding="UTF-8"?>
<testsuite xmlns:xsi="http://www.w3.org/2001/XMLSchema-instance" xsi:schemaLocation="https://maven.apache.org/surefire/maven-surefire-plugin/xsd/surefire-test-report.xsd" name="org.se.lab.incontainer.CommunityServiceICTest" time="3.727" tests="18" errors="0" skipped="5" failures="0">
  <properties>
    <property name="java.runtime.name" value="OpenJDK Runtime Environment"/>
    <property name="sun.boot.library.path" value="/usr/local/openjdk-8/jre/lib/amd64"/>
    <property name="java.vm.version" value="25.262-b10"/>
    <property name="animal.sniffer.skip" value="true"/>
    <property name="java.vm.vendor" value="Oracle Corporation"/>
    <property name="maven.multiModuleProjectDirectory" value="/tmp/tmpuulwekf1/chr-krenn-fhj-ws2017-sd17-pse"/>
    <property name="maven.javadoc.skip" value="true"/>
    <property name="java.vendor.url" value="http://java.oracle.com/"/>
    <property name="path.separator" value=":"/>
    <property name="guice.disable.misplaced.annotation.check" value="true"/>
    <property name="java.vm.name" value="OpenJDK 64-Bit Server VM"/>
    <property name="file.encoding.pkg" value="sun.io"/>
    <property name="sun.java.launcher" value="SUN_STANDARD"/>
    <property name="sun.os.patch.level" value="unknown"/>
    <property name="source.skip" value="true"/>
    <property name="java.vm.specification.name" value="Java Virtual Machine Specification"/>
    <property name="user.dir" value="/tmp/tmpuulwekf1/chr-krenn-fhj-ws2017-sd17-pse"/>
    <property name="java.runtime.version" value="1.8.0_262-b10"/>
    <property name="java.awt.graphicsenv" value="sun.awt.X11GraphicsEnvironment"/>
    <property name="java.endorsed.dirs" value="/usr/local/openjdk-8/jre/lib/endorsed"/>
    <property name="os.arch" value="amd64"/>
    <property name="java.io.tmpdir" value="/tmp"/>
    <property name="line.separator" value="&#10;"/>
    <property name="java.vm.specification.vendor" value="Oracle Corporation"/>
    <property name="os.name" value="Linux"/>
    <property name="classworlds.conf" value="/usr/share/maven/bin/m2.conf"/>
    <property name="sun.jnu.encoding" value="UTF-8"/>
    <property name="java.library.path" value="/usr/java/packages/lib/amd64:/usr/lib64:/lib64:/lib:/usr/lib"/>
    <property name="license.skip" value="true"/>
    <property name="maven.conf" value="/usr/share/maven/conf"/>
    <property name="java.specification.name" value="Java Platform API Specification"/>
    <property name="java.class.version" value="52.0"/>
    <property name="sun.management.compiler" value="HotSpot 64-Bit Tiered Compilers"/>
    <property name="maven.test.failure.ignore" value="true"/>
    <property name="os.version" value="4.15.0-109-generic"/>
    <property name="library.jansi.path" value="/usr/share/maven/lib/jansi-native"/>
    <property name="user.home" value="/home/jdbl"/>
    <property name="user.timezone" value="Etc/UTC"/>
    <property name="java.awt.printerjob" value="sun.print.PSPrinterJob"/>
    <property name="java.specification.version" value="1.8"/>
    <property name="file.encoding" value="UTF-8"/>
    <property name="user.name" value="jdbl"/>
    <property name="java.class.path" value="/usr/share/maven/boot/plexus-classworlds-2.6.0.jar"/>
    <property name="java.vm.specification.version" value="1.8"/>
    <property name="sun.arch.data.model" value="64"/>
    <property name="java.home" value="/usr/local/openjdk-8/jre"/>
    <property name="sun.java.command" value="org.codehaus.plexus.classworlds.launcher.Launcher test -e --fail-never -ntp -Dmaven.test.failure.ignore=true -B -Dmaven.javadoc.skip=true -Drat.skip=true -Danimal.sniffer.skip=true -Dmaven.javadoc.skip=true -Dlicense.skip=true -Dsource.skip=true"/>
    <property name="java.specification.vendor" value="Oracle Corporation"/>
    <property name="user.language" value="en"/>
    <property name="awt.toolkit" value="sun.awt.X11.XToolkit"/>
    <property name="java.vm.info" value="mixed mode"/>
    <property name="java.version" value="1.8.0_262"/>
    <property name="java.ext.dirs" value="/usr/local/openjdk-8/jre/lib/ext:/usr/java/packages/lib/ext"/>
    <property name="securerandom.source" value="file:/dev/./urandom"/>
    <property name="sun.boot.class.path" value="/usr/local/openjdk-8/jre/lib/resources.jar:/usr/local/openjdk-8/jre/lib/rt.jar:/usr/local/openjdk-8/jre/lib/sunrsasign.jar:/usr/local/openjdk-8/jre/lib/jsse.jar:/usr/local/openjdk-8/jre/lib/jce.jar:/usr/local/openjdk-8/jre/lib/charsets.jar:/usr/local/openjdk-8/jre/lib/jfr.jar:/usr/local/openjdk-8/jre/classes"/>
    <property name="java.vendor" value="Oracle Corporation"/>
    <property name="rat.skip" value="true"/>
    <property name="maven.home" value="/usr/share/maven"/>
    <property name="file.separator" value="/"/>
    <property name="java.vendor.url.bug" value="http://bugreport.sun.com/bugreport/"/>
    <property name="sun.cpu.endian" value="little"/>
    <property name="sun.io.unicode.encoding" value="UnicodeLittle"/>
    <property name="sun.cpu.isalist" value=""/>
  </properties>
  <testcase name="uploadFileToCommunity" classname="org.se.lab.incontainer.CommunityServiceICTest" time="0">
    <skipped/>
    <system-out><![CDATA[PlainTextActionReporterSUCCESSNo monitoring data to report.
]]></system-out>
    <system-err><![CDATA[Jul 30, 2020 9:31:44 PM org.eclipse.persistence.session./file:/tmp/gfembed4579027370378168748tmp/applications/test/WEB-INF/lib/pse.jar_pse.connection
INFO: /file:/tmp/gfembed4579027370378168748tmp/applications/test/WEB-INF/lib/pse.jar_pse logout successful
Jul 30, 2020 9:31:44 PM org.eclipse.persistence.session./file:/tmp/gfembed4579027370378168748tmp/applications/test/WEB-INF/lib/pse.jar_pse
INFO: EclipseLink, version: Eclipse Persistence Services - 2.6.1.v20150605-31e8258
Jul 30, 2020 9:31:44 PM org.eclipse.persistence.session./file:/tmp/gfembed4579027370378168748tmp/applications/test/WEB-INF/lib/pse.jar_pse.connection
INFO: /file:/tmp/gfembed4579027370378168748tmp/applications/test/WEB-INF/lib/pse.jar_pse login successful
Jul 30, 2020 9:31:45 PM org.glassfish.persistence.common.Java2DBProcessorHelper executeDDLs
WARNING: PER01000: Got SQLException executing statement "CREATE TABLE post (id INTEGER GENERATED BY DEFAULT AS IDENTITY NOT NULL, created TIMESTAMP, text VARCHAR(1024), fk_community_id INTEGER, parent_post_id INTEGER, fk_user_id INTEGER, PRIMARY KEY (id))": java.sql.SQLException: Table/View 'POST' already exists in Schema 'SA'.
Jul 30, 2020 9:31:45 PM org.glassfish.persistence.common.Java2DBProcessorHelper executeDDLs
WARNING: PER01000: Got SQLException executing statement "CREATE TABLE community (id INTEGER GENERATED BY DEFAULT AS IDENTITY NOT NULL, description VARCHAR(255), is_private SMALLINT DEFAULT 0, name VARCHAR(255) NOT NULL UNIQUE, picture BLOB(2147483647), portaladmin_id INTEGER, enumeration_id INTEGER, PRIMARY KEY (id))": java.sql.SQLException: Table/View 'COMMUNITY' already exists in Schema 'SA'.
Jul 30, 2020 9:31:45 PM org.glassfish.persistence.common.Java2DBProcessorHelper executeDDLs
WARNING: PER01000: Got SQLException executing statement "CREATE TABLE enumeration (id INTEGER GENERATED BY DEFAULT AS IDENTITY NOT NULL, name VARCHAR(255), PRIMARY KEY (id))": java.sql.SQLException: Table/View 'ENUMERATION' already exists in Schema 'SA'.
Jul 30, 2020 9:31:45 PM org.glassfish.persistence.common.Java2DBProcessorHelper executeDDLs
WARNING: PER01000: Got SQLException executing statement "CREATE TABLE users (id INTEGER GENERATED BY DEFAULT AS IDENTITY NOT NULL, password VARCHAR(255), username VARCHAR(255) NOT NULL UNIQUE, fk_userprofile INTEGER, PRIMARY KEY (id))": java.sql.SQLException: Table/View 'USERS' already exists in Schema 'SA'.
Jul 30, 2020 9:31:45 PM org.glassfish.persistence.common.Java2DBProcessorHelper executeDDLs
WARNING: PER01000: Got SQLException executing statement "CREATE TABLE contact (id INTEGER GENERATED BY DEFAULT AS IDENTITY NOT NULL, fk_contact_id INTEGER, user_id INTEGER, PRIMARY KEY (id))": java.sql.SQLException: Table/View 'CONTACT' already exists in Schema 'SA'.
Jul 30, 2020 9:31:45 PM org.glassfish.persistence.common.Java2DBProcessorHelper executeDDLs
WARNING: PER01000: Got SQLException executing statement "CREATE TABLE userprofile (id INTEGER GENERATED BY DEFAULT AS IDENTITY NOT NULL, address VARCHAR(255), city VARCHAR(255), country VARCHAR(255), description VARCHAR(255), email VARCHAR(255), firstname VARCHAR(255), lastname VARCHAR(255), mobile VARCHAR(255), phone VARCHAR(255), picture mediumblob, plz VARCHAR(255), room VARCHAR(255), team VARCHAR(255), PRIMARY KEY (id))": java.sql.SQLSyntaxErrorException: TYPE 'MEDIUMBLOB' does not exist.
Jul 30, 2020 9:31:45 PM org.glassfish.persistence.common.Java2DBProcessorHelper executeDDLs
WARNING: PER01000: Got SQLException executing statement "CREATE TABLE private_message (id INTEGER GENERATED BY DEFAULT AS IDENTITY NOT NULL, text VARCHAR(255), fk_user_id_receiver INTEGER, fk_user_id_sender INTEGER, PRIMARY KEY (id))": java.sql.SQLException: Table/View 'PRIVATE_MESSAGE' already exists in Schema 'SA'.
Jul 30, 2020 9:31:45 PM org.glassfish.persistence.common.Java2DBProcessorHelper executeDDLs
WARNING: PER01000: Got SQLException executing statement "CREATE TABLE file (id INTEGER GENERATED BY DEFAULT AS IDENTITY NOT NULL, data mediumblob, filename VARCHAR(255) NOT NULL UNIQUE, community_id INTEGER, user_id INTEGER, PRIMARY KEY (id))": java.sql.SQLSyntaxErrorException: TYPE 'MEDIUMBLOB' does not exist.
Jul 30, 2020 9:31:45 PM org.glassfish.persistence.common.Java2DBProcessorHelper executeDDLs
WARNING: PER01000: Got SQLException executing statement "CREATE TABLE post_users (Post_id INTEGER NOT NULL, likedByUsers_id INTEGER NOT NULL, PRIMARY KEY (Post_id, likedByUsers_id))": java.sql.SQLException: Table/View 'POST_USERS' already exists in Schema 'SA'.
Jul 30, 2020 9:31:45 PM org.glassfish.persistence.common.Java2DBProcessorHelper executeDDLs
WARNING: PER01000: Got SQLException executing statement "CREATE TABLE user_community (community_id INTEGER NOT NULL, users_id INTEGER NOT NULL, PRIMARY KEY (community_id, users_id))": java.sql.SQLException: Table/View 'USER_COMMUNITY' already exists in Schema 'SA'.
Jul 30, 2020 9:31:45 PM org.glassfish.persistence.common.Java2DBProcessorHelper executeDDLs
WARNING: PER01000: Got SQLException executing statement "CREATE TABLE likes (enumeration_id INTEGER NOT NULL, post_id INTEGER NOT NULL, user_id INTEGER NOT NULL, PRIMARY KEY (enumeration_id, post_id, user_id))": java.sql.SQLException: Table/View 'LIKES' already exists in Schema 'SA'.
Jul 30, 2020 9:31:45 PM org.glassfish.persistence.common.Java2DBProcessorHelper executeDDLs
WARNING: PER01000: Got SQLException executing statement "CREATE TABLE enumeration_item (enumeration_id INTEGER NOT NULL, users_id INTEGER NOT NULL, PRIMARY KEY (enumeration_id, users_id))": java.sql.SQLException: Table/View 'ENUMERATION_ITEM' already exists in Schema 'SA'.
Jul 30, 2020 9:31:45 PM org.glassfish.persistence.common.Java2DBProcessorHelper executeDDLs
WARNING: PER01000: Got SQLException executing statement "ALTER TABLE post ADD CONSTRAINT postfkcommunity_id FOREIGN KEY (fk_community_id) REFERENCES community (id)": java.sql.SQLException: Constraint 'POSTFKCOMMUNITY_ID' already exists in Schema 'SA'.
Jul 30, 2020 9:31:45 PM org.glassfish.persistence.common.Java2DBProcessorHelper executeDDLs
WARNING: PER01000: Got SQLException executing statement "ALTER TABLE post ADD CONSTRAINT FK_post_fk_user_id FOREIGN KEY (fk_user_id) REFERENCES users (id)": java.sql.SQLException: Constraint 'FK_POST_FK_USER_ID' already exists in Schema 'SA'.
Jul 30, 2020 9:31:45 PM org.glassfish.persistence.common.Java2DBProcessorHelper executeDDLs
WARNING: PER01000: Got SQLException executing statement "ALTER TABLE post ADD CONSTRAINT postparent_post_id FOREIGN KEY (parent_post_id) REFERENCES post (id)": java.sql.SQLException: Constraint 'POSTPARENT_POST_ID' already exists in Schema 'SA'.
Jul 30, 2020 9:31:45 PM org.glassfish.persistence.common.Java2DBProcessorHelper executeDDLs
WARNING: PER01000: Got SQLException executing statement "ALTER TABLE community ADD CONSTRAINT cmmnitynmerationid FOREIGN KEY (enumeration_id) REFERENCES enumeration (id)": java.sql.SQLException: Constraint 'CMMNITYNMERATIONID' already exists in Schema 'SA'.
Jul 30, 2020 9:31:45 PM org.glassfish.persistence.common.Java2DBProcessorHelper executeDDLs
WARNING: PER01000: Got SQLException executing statement "ALTER TABLE users ADD CONSTRAINT usersfkuserprofile FOREIGN KEY (fk_userprofile) REFERENCES userprofile (id)": java.sql.SQLException: Constraint 'USERSFKUSERPROFILE' is invalid: referenced table USERPROFILE does not exist.
Jul 30, 2020 9:31:45 PM org.glassfish.persistence.common.Java2DBProcessorHelper executeDDLs
WARNING: PER01000: Got SQLException executing statement "ALTER TABLE contact ADD CONSTRAINT FK_contact_user_id FOREIGN KEY (user_id) REFERENCES users (id)": java.sql.SQLException: Constraint 'FK_CONTACT_USER_ID' already exists in Schema 'SA'.
Jul 30, 2020 9:31:45 PM org.glassfish.persistence.common.Java2DBProcessorHelper executeDDLs
WARNING: PER01000: Got SQLException executing statement "ALTER TABLE private_message ADD CONSTRAINT prvtmssgfksrdrcver FOREIGN KEY (fk_user_id_receiver) REFERENCES users (id)": java.sql.SQLException: Constraint 'PRVTMSSGFKSRDRCVER' already exists in Schema 'SA'.
Jul 30, 2020 9:31:45 PM org.glassfish.persistence.common.Java2DBProcessorHelper executeDDLs
WARNING: PER01000: Got SQLException executing statement "ALTER TABLE private_message ADD CONSTRAINT prvtmssgefksrdsndr FOREIGN KEY (fk_user_id_sender) REFERENCES users (id)": java.sql.SQLException: Constraint 'PRVTMSSGEFKSRDSNDR' already exists in Schema 'SA'.
Jul 30, 2020 9:31:45 PM org.glassfish.persistence.common.Java2DBProcessorHelper executeDDLs
WARNING: PER01000: Got SQLException executing statement "ALTER TABLE file ADD CONSTRAINT file_community_id FOREIGN KEY (community_id) REFERENCES community (id)": java.sql.SQLSyntaxErrorException: 'ALTER TABLE' cannot be performed on 'FILE' because it does not exist.
Jul 30, 2020 9:31:45 PM org.glassfish.persistence.common.Java2DBProcessorHelper executeDDLs
WARNING: PER01000: Got SQLException executing statement "ALTER TABLE file ADD CONSTRAINT FK_file_user_id FOREIGN KEY (user_id) REFERENCES users (id)": java.sql.SQLSyntaxErrorException: 'ALTER TABLE' cannot be performed on 'FILE' because it does not exist.
Jul 30, 2020 9:31:45 PM org.glassfish.persistence.common.Java2DBProcessorHelper executeDDLs
WARNING: PER01000: Got SQLException executing statement "ALTER TABLE post_users ADD CONSTRAINT pstsrslkdByUsersid FOREIGN KEY (likedByUsers_id) REFERENCES users (id)": java.sql.SQLException: Constraint 'PSTSRSLKDBYUSERSID' already exists in Schema 'SA'.
Jul 30, 2020 9:31:45 PM org.glassfish.persistence.common.Java2DBProcessorHelper executeDDLs
WARNING: PER01000: Got SQLException executing statement "ALTER TABLE post_users ADD CONSTRAINT post_users_Post_id FOREIGN KEY (Post_id) REFERENCES post (id)": java.sql.SQLException: Constraint 'POST_USERS_POST_ID' already exists in Schema 'SA'.
Jul 30, 2020 9:31:45 PM org.glassfish.persistence.common.Java2DBProcessorHelper executeDDLs
WARNING: PER01000: Got SQLException executing statement "ALTER TABLE user_community ADD CONSTRAINT sercommunitysersid FOREIGN KEY (users_id) REFERENCES users (id)": java.sql.SQLException: Constraint 'SERCOMMUNITYSERSID' already exists in Schema 'SA'.
Jul 30, 2020 9:31:45 PM org.glassfish.persistence.common.Java2DBProcessorHelper executeDDLs
WARNING: PER01000: Got SQLException executing statement "ALTER TABLE user_community ADD CONSTRAINT srcmmunitycmmntyid FOREIGN KEY (community_id) REFERENCES community (id)": java.sql.SQLException: Constraint 'SRCMMUNITYCMMNTYID' already exists in Schema 'SA'.
Jul 30, 2020 9:31:45 PM org.glassfish.persistence.common.Java2DBProcessorHelper executeDDLs
WARNING: PER01000: Got SQLException executing statement "ALTER TABLE likes ADD CONSTRAINT likesenumerationid FOREIGN KEY (enumeration_id) REFERENCES enumeration (id)": java.sql.SQLException: Constraint 'LIKESENUMERATIONID' already exists in Schema 'SA'.
Jul 30, 2020 9:31:45 PM org.glassfish.persistence.common.Java2DBProcessorHelper executeDDLs
WARNING: PER01000: Got SQLException executing statement "ALTER TABLE likes ADD CONSTRAINT FK_likes_post_id FOREIGN KEY (post_id) REFERENCES post (id)": java.sql.SQLException: Constraint 'FK_LIKES_POST_ID' already exists in Schema 'SA'.
Jul 30, 2020 9:31:45 PM org.glassfish.persistence.common.Java2DBProcessorHelper executeDDLs
WARNING: PER01000: Got SQLException executing statement "ALTER TABLE likes ADD CONSTRAINT FK_likes_user_id FOREIGN KEY (user_id) REFERENCES users (id)": java.sql.SQLException: Constraint 'FK_LIKES_USER_ID' already exists in Schema 'SA'.
Jul 30, 2020 9:31:45 PM org.glassfish.persistence.common.Java2DBProcessorHelper executeDDLs
WARNING: PER01000: Got SQLException executing statement "ALTER TABLE enumeration_item ADD CONSTRAINT nmrtonitemnmrtonid FOREIGN KEY (enumeration_id) REFERENCES enumeration (id)": java.sql.SQLException: Constraint 'NMRTONITEMNMRTONID' already exists in Schema 'SA'.
Jul 30, 2020 9:31:45 PM org.glassfish.persistence.common.Java2DBProcessorHelper executeDDLs
WARNING: PER01000: Got SQLException executing statement "ALTER TABLE enumeration_item ADD CONSTRAINT nmerationitemsrsid FOREIGN KEY (users_id) REFERENCES users (id)": java.sql.SQLException: Constraint 'NMERATIONITEMSRSID' already exists in Schema 'SA'.
Jul 30, 2020 9:31:45 PM com.sun.ejb.containers.BaseContainer initializeHome
INFO: Portable JNDI names for EJB ActivityStreamServiceImpl: [java:global/test/ActivityStreamServiceImpl, java:global/test/ActivityStreamServiceImpl!org.se.lab.service.ActivityStreamService]
Jul 30, 2020 9:31:45 PM com.sun.ejb.containers.BaseContainer initializeHome
INFO: Portable JNDI names for EJB UserServiceImpl: [java:global/test/UserServiceImpl, java:global/test/UserServiceImpl!org.se.lab.service.UserService]
Jul 30, 2020 9:31:45 PM com.sun.ejb.containers.BaseContainer initializeHome
INFO: Portable JNDI names for EJB PostServiceImpl: [java:global/test/PostServiceImpl, java:global/test/PostServiceImpl!org.se.lab.service.PostService]
Jul 30, 2020 9:31:45 PM com.sun.ejb.containers.BaseContainer initializeHome
INFO: Portable JNDI names for EJB EnumerationServiceImpl: [java:global/test/EnumerationServiceImpl!org.se.lab.service.EnumerationService, java:global/test/EnumerationServiceImpl]
Jul 30, 2020 9:31:45 PM com.sun.ejb.containers.BaseContainer initializeHome
INFO: Portable JNDI names for EJB PrivateMessageServiceImpl: [java:global/test/PrivateMessageServiceImpl, java:global/test/PrivateMessageServiceImpl!org.se.lab.service.PrivateMessageService]
Jul 30, 2020 9:31:45 PM com.sun.ejb.containers.BaseContainer initializeHome
INFO: Portable JNDI names for EJB CommunityServiceImpl: [java:global/test/CommunityServiceImpl, java:global/test/CommunityServiceImpl!org.se.lab.service.CommunityService]
Jul 30, 2020 9:31:46 PM com.sun.enterprise.web.WebApplication start
INFO: Loading application [test] at [/test]
]]></system-err>
  </testcase>
  <testcase name="requestPublicCommunity" classname="org.se.lab.incontainer.CommunityServiceICTest" time="0.208"/>
  <testcase name="getApproved" classname="org.se.lab.incontainer.CommunityServiceICTest" time="0.22"/>
  <testcase name="joinCommunityWithUser" classname="org.se.lab.incontainer.CommunityServiceICTest" time="0.211"/>
  <testcase name="findAll" classname="org.se.lab.incontainer.CommunityServiceICTest" time="0.128"/>
  <testcase name="deleteCommunity" classname="org.se.lab.incontainer.CommunityServiceICTest" time="0.087"/>
  <testcase name="findById" classname="org.se.lab.incontainer.CommunityServiceICTest" time="0.116"/>
  <testcase name="getFilesFromCommunity" classname="org.se.lab.incontainer.CommunityServiceICTest" time="0">
    <skipped/>
  </testcase>
  <testcase name="findByName" classname="org.se.lab.incontainer.CommunityServiceICTest" time="0.149"/>
  <testcase name="updateCommunity" classname="org.se.lab.incontainer.CommunityServiceICTest" time="0.075"/>
  <testcase name="uploadFile" classname="org.se.lab.incontainer.CommunityServiceICTest" time="0">
    <skipped/>
  </testcase>
  <testcase name="refuseCommunity" classname="org.se.lab.incontainer.CommunityServiceICTest" time="0.07"/>
  <testcase name="getPending" classname="org.se.lab.incontainer.CommunityServiceICTest" time="0.075"/>
  <testcase name="approveCommunity" classname="org.se.lab.incontainer.CommunityServiceICTest" time="0.156"/>
  <testcase name="requestCommunity" classname="org.se.lab.incontainer.CommunityServiceICTest" time="0.059"/>
  <testcase name="deleteFile" classname="org.se.lab.incontainer.CommunityServiceICTest" time="0">
    <skipped/>
  </testcase>
  <testcase name="leaveCommunity" classname="org.se.lab.incontainer.CommunityServiceICTest" time="0.147"/>
  <testcase name="getFilesFromUser" classname="org.se.lab.incontainer.CommunityServiceICTest" time="0">
    <skipped/>
  </testcase>
</testsuite>