<?xml version="1.0" encoding="UTF-8" ?>
<testsuite tests="46" failures="0" name="org.apache.ibatis.session.SqlSessionManagerTest" time="37.227" errors="0" skipped="0">
  <properties>
    <property name="java.runtime.name" value="OpenJDK Runtime Environment"/>
    <property name="sun.boot.library.path" value="/usr/local/openjdk-8/jre/lib/amd64"/>
    <property name="java.vm.version" value="25.262-b10"/>
    <property name="animal.sniffer.skip" value="true"/>
    <property name="java.vm.vendor" value="Oracle Corporation"/>
    <property name="maven.multiModuleProjectDirectory" value="/tmp/tmpqlwc9tlz/mybatis-3"/>
    <property name="maven.javadoc.skip" value="true"/>
    <property name="java.vendor.url" value="http://java.oracle.com/"/>
    <property name="path.separator" value=":"/>
    <property name="guice.disable.misplaced.annotation.check" value="true"/>
    <property name="java.vm.name" value="OpenJDK 64-Bit Server VM"/>
    <property name="file.encoding.pkg" value="sun.io"/>
    <property name="sun.java.launcher" value="SUN_STANDARD"/>
    <property name="sun.os.patch.level" value="unknown"/>
    <property name="source.skip" value="true"/>
    <property name="java.vm.specification.name" value="Java Virtual Machine Specification"/>
    <property name="user.dir" value="/tmp/tmpqlwc9tlz/mybatis-3"/>
    <property name="java.runtime.version" value="1.8.0_262-b10"/>
    <property name="java.awt.graphicsenv" value="sun.awt.X11GraphicsEnvironment"/>
    <property name="java.endorsed.dirs" value="/usr/local/openjdk-8/jre/lib/endorsed"/>
    <property name="os.arch" value="amd64"/>
    <property name="java.io.tmpdir" value="/tmp"/>
    <property name="line.separator" value="
"/>
    <property name="java.vm.specification.vendor" value="Oracle Corporation"/>
    <property name="os.name" value="Linux"/>
    <property name="classworlds.conf" value="/usr/share/maven/bin/m2.conf"/>
    <property name="maven.test.error.ignore" value="true"/>
    <property name="sun.jnu.encoding" value="UTF-8"/>
    <property name="java.library.path" value="/usr/java/packages/lib/amd64:/usr/lib64:/lib64:/lib:/usr/lib"/>
    <property name="license.skip" value="true"/>
    <property name="maven.conf" value="/usr/share/maven/conf"/>
    <property name="java.specification.name" value="Java Platform API Specification"/>
    <property name="java.class.version" value="52.0"/>
    <property name="sun.management.compiler" value="HotSpot 64-Bit Tiered Compilers"/>
    <property name="maven.test.failure.ignore" value="true"/>
    <property name="os.version" value="4.15.0-109-generic"/>
    <property name="library.jansi.path" value="/usr/share/maven/lib/jansi-native"/>
    <property name="user.home" value="/home/jdbl"/>
    <property name="user.timezone" value="Etc/UTC"/>
    <property name="java.awt.printerjob" value="sun.print.PSPrinterJob"/>
    <property name="java.specification.version" value="1.8"/>
    <property name="file.encoding" value="UTF-8"/>
    <property name="user.name" value="jdbl"/>
    <property name="java.class.path" value="/usr/share/maven/boot/plexus-classworlds-2.6.0.jar"/>
    <property name="java.vm.specification.version" value="1.8"/>
    <property name="sun.arch.data.model" value="64"/>
    <property name="java.home" value="/usr/local/openjdk-8/jre"/>
    <property name="sun.java.command" value="org.codehaus.plexus.classworlds.launcher.Launcher package -e --fail-never -ntp -Dmaven.test.error.ignore=true -Dmaven.test.failure.ignore=true -B -Dmaven.javadoc.skip=true -Drat.skip=true -Danimal.sniffer.skip=true -Dmaven.javadoc.skip=true -Dlicense.skip=true -Dsource.skip=true"/>
    <property name="java.specification.vendor" value="Oracle Corporation"/>
    <property name="user.language" value="en"/>
    <property name="awt.toolkit" value="sun.awt.X11.XToolkit"/>
    <property name="java.vm.info" value="mixed mode"/>
    <property name="java.version" value="1.8.0_262"/>
    <property name="java.ext.dirs" value="/usr/local/openjdk-8/jre/lib/ext:/usr/java/packages/lib/ext"/>
    <property name="securerandom.source" value="file:/dev/./urandom"/>
    <property name="sun.boot.class.path" value="/usr/local/openjdk-8/jre/lib/resources.jar:/usr/local/openjdk-8/jre/lib/rt.jar:/usr/local/openjdk-8/jre/lib/sunrsasign.jar:/usr/local/openjdk-8/jre/lib/jsse.jar:/usr/local/openjdk-8/jre/lib/jce.jar:/usr/local/openjdk-8/jre/lib/charsets.jar:/usr/local/openjdk-8/jre/lib/jfr.jar:/usr/local/openjdk-8/jre/classes"/>
    <property name="java.vendor" value="Oracle Corporation"/>
    <property name="rat.skip" value="true"/>
    <property name="maven.home" value="/usr/share/maven"/>
    <property name="file.separator" value="/"/>
    <property name="java.vendor.url.bug" value="http://bugreport.sun.com/bugreport/"/>
    <property name="sun.cpu.endian" value="little"/>
    <property name="sun.io.unicode.encoding" value="UnicodeLittle"/>
    <property name="sun.cpu.isalist" value=""/>
  </properties>
  <testcase classname="org.apache.ibatis.session.SqlSessionManagerTest" name="shouldFindPostByIDWithDynamicSql" time="1.832"/>
  <testcase classname="org.apache.ibatis.session.SqlSessionManagerTest" name="shouldFindAllMutablePostLites" time="0.718"/>
  <testcase classname="org.apache.ibatis.session.SqlSessionManagerTest" name="shouldCommitInsertedAuthor" time="0.714"/>
  <testcase classname="org.apache.ibatis.session.SqlSessionManagerTest" name="shouldFindOddPostsInList" time="0.664"/>
  <testcase classname="org.apache.ibatis.session.SqlSessionManagerTest" name="shouldThrowExceptionIfTryingToAddStatementWithSameName" time="0.669"/>
  <testcase classname="org.apache.ibatis.session.SqlSessionManagerTest" name="shouldSelectOneImmutableAuthor" time="0.635"/>
  <testcase classname="org.apache.ibatis.session.SqlSessionManagerTest" name="shouldSelectAllComplexAuthors" time="2.267"/>
  <testcase classname="org.apache.ibatis.session.SqlSessionManagerTest" name="shouldCacheAllAuthors" time="0.637"/>
  <testcase classname="org.apache.ibatis.session.SqlSessionManagerTest" name="shouldFindPostsAllPostsWithDynamicSql" time="0.659"/>
  <testcase classname="org.apache.ibatis.session.SqlSessionManagerTest" name="shouldRollbackInsertedAuthor" time="0.644"/>
  <testcase classname="org.apache.ibatis.session.SqlSessionManagerTest" name="shouldSelectOneAuthor" time="0.63"/>
  <testcase classname="org.apache.ibatis.session.SqlSessionManagerTest" name="shouldSelectBlogWithPostsAndAuthorUsingJoin" time="0.668"/>
  <testcase classname="org.apache.ibatis.session.SqlSessionManagerTest" name="shouldSelectNestedBlogWithPostsAndAuthorUsingJoin" time="0.94"/>
  <testcase classname="org.apache.ibatis.session.SqlSessionManagerTest" name="shouldSelectAllPostsUsingMapperClass" time="0.684"/>
  <testcase classname="org.apache.ibatis.session.SqlSessionManagerTest" name="shouldFindPostsInSetOfIDsWithDynamicSql" time="0.639"/>
  <testcase classname="org.apache.ibatis.session.SqlSessionManagerTest" name="shouldSelectOneAuthorAsList" time="0.689"/>
  <testcase classname="org.apache.ibatis.session.SqlSessionManagerTest" name="shouldSelectOddPostsInKeysList" time="0.62"/>
  <testcase classname="org.apache.ibatis.session.SqlSessionManagerTest" name="shouldFindAllPostLites" time="0.601"/>
  <testcase classname="org.apache.ibatis.session.SqlSessionManagerTest" name="shouldOffsetAndLimitResultsUsingMapperClass" time="0.637"/>
  <testcase classname="org.apache.ibatis.session.SqlSessionManagerTest" name="shouldFindPostsWithBlogIdUsingDynamicSql" time="0.554"/>
  <testcase classname="org.apache.ibatis.session.SqlSessionManagerTest" name="shouldResolveBothSimpleNameAndFullyQualifiedName" time="2.523"/>
  <testcase classname="org.apache.ibatis.session.SqlSessionManagerTest" name="shouldDeleteAuthorUsingMapperClass" time="0.658"/>
  <testcase classname="org.apache.ibatis.session.SqlSessionManagerTest" name="shouldSelectBlogWithPostsAndAuthorUsingSubSelects" time="0.665"/>
  <testcase classname="org.apache.ibatis.session.SqlSessionManagerTest" name="shouldFindPostsInList" time="0.65"/>
  <testcase classname="org.apache.ibatis.session.SqlSessionManagerTest" name="shouldSucceedWhenFullyQualifiedButFailDueToAmbiguity" time="0.635"/>
  <testcase classname="org.apache.ibatis.session.SqlSessionManagerTest" name="shouldLimitResultsUsingMapperClass" time="0.658"/>
  <testcase classname="org.apache.ibatis.session.SqlSessionManagerTest" name="shouldEnsureThatBothEarlyAndLateResolutionOfNesteDiscriminatorsResolesToUseNestedResultSetHandler" time="0.599"/>
  <testcase classname="org.apache.ibatis.session.SqlSessionManagerTest" name="shouldInsertAuthorUsingMapperClass" time="2.112"/>
  <testcase classname="org.apache.ibatis.session.SqlSessionManagerTest" name="shouldSelectCountOfPosts" time="0.656"/>
  <testcase classname="org.apache.ibatis.session.SqlSessionManagerTest" name="shouldHandleZeroParameters" time="0.636"/>
  <testcase classname="org.apache.ibatis.session.SqlSessionManagerTest" name="shouldStopResultHandler" time="0.663"/>
  <testcase classname="org.apache.ibatis.session.SqlSessionManagerTest" name="shouldSelectOneAuthorWithInlineParams" time="0.61"/>
  <testcase classname="org.apache.ibatis.session.SqlSessionManagerTest" name="shouldDeleteAuthor" time="0.623"/>
  <testcase classname="org.apache.ibatis.session.SqlSessionManagerTest" name="shouldFailOverToMostApplicableSimpleName" time="0.937"/>
  <testcase classname="org.apache.ibatis.session.SqlSessionManagerTest" name="shouldFindPostsWithAuthorIdUsingDynamicSql" time="0.612"/>
  <testcase classname="org.apache.ibatis.session.SqlSessionManagerTest" name="shouldFailToAddDueToNameConflict" time="0.612"/>
  <testcase classname="org.apache.ibatis.session.SqlSessionManagerTest" name="shouldUpdateAuthorUsingMapperClass" time="0.623"/>
  <testcase classname="org.apache.ibatis.session.SqlSessionManagerTest" name="shouldImplicitlyRollbackInsertedAuthor" time="0.671"/>
  <testcase classname="org.apache.ibatis.session.SqlSessionManagerTest" name="shouldThrowExceptionIfMappedStatementDoesNotExistAndSqlSessionIsOpen" time="0.607"/>
  <testcase classname="org.apache.ibatis.session.SqlSessionManagerTest" name="shouldThrowExceptionIfMappedStatementDoesNotExist" time="0.65"/>
  <testcase classname="org.apache.ibatis.session.SqlSessionManagerTest" name="shouldSelectAuthorsUsingMapperClass" time="1.47"/>
  <testcase classname="org.apache.ibatis.session.SqlSessionManagerTest" name="shouldNotCacheAllAuthors" time="0.684"/>
  <testcase classname="org.apache.ibatis.session.SqlSessionManagerTest" name="shouldExecuteSelectOneAuthorUsingMapperClass" time="0.64"/>
  <testcase classname="org.apache.ibatis.session.SqlSessionManagerTest" name="shouldFindPostsWithAuthorAndBlogIdUsingDynamicSql" time="0.625"/>
  <testcase classname="org.apache.ibatis.session.SqlSessionManagerTest" name="shouldSelectAllAuthors" time="0.676"/>
  <testcase classname="org.apache.ibatis.session.SqlSessionManagerTest" name="shouldInsertAuthor" time="0.631"/>
</testsuite>