<?xml version="1.0" encoding="UTF-8" ?>
<testsuite tests="51" failures="0" name="org.apache.commons.codec.binary.Base64Test" time="0.026" errors="0" skipped="0">
  <properties>
    <property name="java.runtime.name" value="OpenJDK Runtime Environment"/>
    <property name="sun.boot.library.path" value="/usr/local/openjdk-8/jre/lib/amd64"/>
    <property name="java.vm.version" value="25.262-b10"/>
    <property name="animal.sniffer.skip" value="true"/>
    <property name="java.vm.vendor" value="Oracle Corporation"/>
    <property name="maven.javadoc.skip" value="true"/>
    <property name="java.vendor.url" value="http://java.oracle.com/"/>
    <property name="path.separator" value=":"/>
    <property name="java.vm.name" value="OpenJDK 64-Bit Server VM"/>
    <property name="file.encoding.pkg" value="sun.io"/>
    <property name="sun.java.launcher" value="SUN_STANDARD"/>
    <property name="sun.os.patch.level" value="unknown"/>
    <property name="source.skip" value="true"/>
    <property name="java.vm.specification.name" value="Java Virtual Machine Specification"/>
    <property name="user.dir" value="/tmp/tmp6pr5adpm/commons-codec"/>
    <property name="java.runtime.version" value="1.8.0_262-b10"/>
    <property name="java.awt.graphicsenv" value="sun.awt.X11GraphicsEnvironment"/>
    <property name="basedir" value="/tmp/tmp6pr5adpm/commons-codec"/>
    <property name="java.endorsed.dirs" value="/usr/local/openjdk-8/jre/lib/endorsed"/>
    <property name="os.arch" value="amd64"/>
    <property name="surefire.real.class.path" value="/tmp/tmp6pr5adpm/commons-codec/target/surefire/surefirebooter1689802739801166283.jar"/>
    <property name="java.io.tmpdir" value="/tmp"/>
    <property name="line.separator" value="
"/>
    <property name="java.vm.specification.vendor" value="Oracle Corporation"/>
    <property name="os.name" value="Linux"/>
    <property name="maven.test.error.ignore" value="true"/>
    <property name="sun.jnu.encoding" value="UTF-8"/>
    <property name="java.library.path" value="/usr/java/packages/lib/amd64:/usr/lib64:/lib64:/lib:/usr/lib"/>
    <property name="license.skip" value="true"/>
    <property name="surefire.test.class.path" value="/tmp/tmp6pr5adpm/commons-codec/target/test-classes:/tmp/tmp6pr5adpm/commons-codec/target/classes:/home/jdbl/.m2/repository/junit/junit/3.8.2/junit-3.8.2.jar:"/>
    <property name="java.specification.name" value="Java Platform API Specification"/>
    <property name="java.class.version" value="52.0"/>
    <property name="sun.management.compiler" value="HotSpot 64-Bit Tiered Compilers"/>
    <property name="maven.test.failure.ignore" value="true"/>
    <property name="os.version" value="4.15.0-109-generic"/>
    <property name="user.home" value="/home/jdbl"/>
    <property name="user.timezone" value=""/>
    <property name="java.awt.printerjob" value="sun.print.PSPrinterJob"/>
    <property name="java.specification.version" value="1.8"/>
    <property name="file.encoding" value="UTF-8"/>
    <property name="user.name" value="jdbl"/>
    <property name="java.class.path" value="/tmp/tmp6pr5adpm/commons-codec/target/test-classes:/tmp/tmp6pr5adpm/commons-codec/target/classes:/home/jdbl/.m2/repository/junit/junit/3.8.2/junit-3.8.2.jar:"/>
    <property name="java.vm.specification.version" value="1.8"/>
    <property name="sun.arch.data.model" value="64"/>
    <property name="java.home" value="/usr/local/openjdk-8/jre"/>
    <property name="sun.java.command" value="/tmp/tmp6pr5adpm/commons-codec/target/surefire/surefirebooter1689802739801166283.jar /tmp/tmp6pr5adpm/commons-codec/target/surefire/surefire1309690352793830189tmp /tmp/tmp6pr5adpm/commons-codec/target/surefire/surefire1072989299354551184tmp"/>
    <property name="java.specification.vendor" value="Oracle Corporation"/>
    <property name="user.language" value="en"/>
    <property name="awt.toolkit" value="sun.awt.X11.XToolkit"/>
    <property name="java.vm.info" value="mixed mode"/>
    <property name="java.version" value="1.8.0_262"/>
    <property name="java.ext.dirs" value="/usr/local/openjdk-8/jre/lib/ext:/usr/java/packages/lib/ext"/>
    <property name="sun.boot.class.path" value="/usr/local/openjdk-8/jre/lib/resources.jar:/usr/local/openjdk-8/jre/lib/rt.jar:/usr/local/openjdk-8/jre/lib/sunrsasign.jar:/usr/local/openjdk-8/jre/lib/jsse.jar:/usr/local/openjdk-8/jre/lib/jce.jar:/usr/local/openjdk-8/jre/lib/charsets.jar:/usr/local/openjdk-8/jre/lib/jfr.jar:/usr/local/openjdk-8/jre/classes"/>
    <property name="java.vendor" value="Oracle Corporation"/>
    <property name="rat.skip" value="true"/>
    <property name="localRepository" value="/home/jdbl/.m2/repository"/>
    <property name="file.separator" value="/"/>
    <property name="java.vendor.url.bug" value="http://bugreport.sun.com/bugreport/"/>
    <property name="sun.cpu.endian" value="little"/>
    <property name="sun.io.unicode.encoding" value="UnicodeLittle"/>
    <property name="sun.cpu.isalist" value=""/>
  </properties>
  <testcase classname="org.apache.commons.codec.binary.Base64Test" name="testBase64" time="0"/>
  <testcase classname="org.apache.commons.codec.binary.Base64Test" name="testIsStringBase64" time="0"/>
  <testcase classname="org.apache.commons.codec.binary.Base64Test" name="testChunkedEncodeMultipleOf76" time="0.001"/>
  <testcase classname="org.apache.commons.codec.binary.Base64Test" name="testCodec68" time="0"/>
  <testcase classname="org.apache.commons.codec.binary.Base64Test" name="testCodeInteger1" time="0.001"/>
  <testcase classname="org.apache.commons.codec.binary.Base64Test" name="testCodeInteger2" time="0"/>
  <testcase classname="org.apache.commons.codec.binary.Base64Test" name="testCodeInteger3" time="0"/>
  <testcase classname="org.apache.commons.codec.binary.Base64Test" name="testCodeInteger4" time="0"/>
  <testcase classname="org.apache.commons.codec.binary.Base64Test" name="testCodeIntegerEdgeCases" time="0"/>
  <testcase classname="org.apache.commons.codec.binary.Base64Test" name="testCodeIntegerNull" time="0"/>
  <testcase classname="org.apache.commons.codec.binary.Base64Test" name="testConstructors" time="0.002"/>
  <testcase classname="org.apache.commons.codec.binary.Base64Test" name="testConstructor_Int_ByteArray_Boolean" time="0"/>
  <testcase classname="org.apache.commons.codec.binary.Base64Test" name="testConstructor_Int_ByteArray_Boolean_UrlSafe" time="0"/>
  <testcase classname="org.apache.commons.codec.binary.Base64Test" name="testDecodePadMarkerIndex2" time="0.001"/>
  <testcase classname="org.apache.commons.codec.binary.Base64Test" name="testDecodePadMarkerIndex3" time="0"/>
  <testcase classname="org.apache.commons.codec.binary.Base64Test" name="testDecodePadOnly" time="0"/>
  <testcase classname="org.apache.commons.codec.binary.Base64Test" name="testDecodePadOnlyChunked" time="0"/>
  <testcase classname="org.apache.commons.codec.binary.Base64Test" name="testDecodeWithWhitespace" time="0"/>
  <testcase classname="org.apache.commons.codec.binary.Base64Test" name="testEmptyBase64" time="0"/>
  <testcase classname="org.apache.commons.codec.binary.Base64Test" name="testEncodeDecodeRandom" time="0.006"/>
  <testcase classname="org.apache.commons.codec.binary.Base64Test" name="testEncodeDecodeSmall" time="0"/>
  <testcase classname="org.apache.commons.codec.binary.Base64Test" name="testEncodeOverMaxSize" time="0"/>
  <testcase classname="org.apache.commons.codec.binary.Base64Test" name="testCodec112" time="0"/>
  <testcase classname="org.apache.commons.codec.binary.Base64Test" name="testIgnoringNonBase64InDecode" time="0"/>
  <testcase classname="org.apache.commons.codec.binary.Base64Test" name="testIsArrayByteBase64" time="0"/>
  <testcase classname="org.apache.commons.codec.binary.Base64Test" name="testIsUrlSafe" time="0.001"/>
  <testcase classname="org.apache.commons.codec.binary.Base64Test" name="testKnownDecodings" time="0"/>
  <testcase classname="org.apache.commons.codec.binary.Base64Test" name="testKnownEncodings" time="0"/>
  <testcase classname="org.apache.commons.codec.binary.Base64Test" name="testNonBase64Test" time="0"/>
  <testcase classname="org.apache.commons.codec.binary.Base64Test" name="testObjectDecodeWithInvalidParameter" time="0"/>
  <testcase classname="org.apache.commons.codec.binary.Base64Test" name="testObjectDecodeWithValidParameter" time="0"/>
  <testcase classname="org.apache.commons.codec.binary.Base64Test" name="testObjectEncodeWithInvalidParameter" time="0"/>
  <testcase classname="org.apache.commons.codec.binary.Base64Test" name="testObjectEncodeWithValidParameter" time="0"/>
  <testcase classname="org.apache.commons.codec.binary.Base64Test" name="testObjectEncode" time="0"/>
  <testcase classname="org.apache.commons.codec.binary.Base64Test" name="testPairs" time="0.002"/>
  <testcase classname="org.apache.commons.codec.binary.Base64Test" name="testRfc2045Section2Dot1CrLfDefinition" time="0"/>
  <testcase classname="org.apache.commons.codec.binary.Base64Test" name="testRfc2045Section6Dot8ChunkSizeDefinition" time="0"/>
  <testcase classname="org.apache.commons.codec.binary.Base64Test" name="testRfc1421Section6Dot8ChunkSizeDefinition" time="0"/>
  <testcase classname="org.apache.commons.codec.binary.Base64Test" name="testRfc4648Section10Decode" time="0"/>
  <testcase classname="org.apache.commons.codec.binary.Base64Test" name="testRfc4648Section10DecodeWithCrLf" time="0"/>
  <testcase classname="org.apache.commons.codec.binary.Base64Test" name="testRfc4648Section10Encode" time="0.001"/>
  <testcase classname="org.apache.commons.codec.binary.Base64Test" name="testRfc4648Section10DecodeEncode" time="0"/>
  <testcase classname="org.apache.commons.codec.binary.Base64Test" name="testRfc4648Section10EncodeDecode" time="0"/>
  <testcase classname="org.apache.commons.codec.binary.Base64Test" name="testSingletons" time="0.002"/>
  <testcase classname="org.apache.commons.codec.binary.Base64Test" name="testSingletonsChunked" time="0"/>
  <testcase classname="org.apache.commons.codec.binary.Base64Test" name="testTriplets" time="0.001"/>
  <testcase classname="org.apache.commons.codec.binary.Base64Test" name="testTripletsChunked" time="0"/>
  <testcase classname="org.apache.commons.codec.binary.Base64Test" name="testUrlSafe" time="0.003"/>
  <testcase classname="org.apache.commons.codec.binary.Base64Test" name="testUUID" time="0"/>
  <testcase classname="org.apache.commons.codec.binary.Base64Test" name="testByteToStringVariations" time="0"/>
  <testcase classname="org.apache.commons.codec.binary.Base64Test" name="testStringToByteVariations" time="0"/>
</testsuite>