<?xml version="1.0" encoding="UTF-8" ?>
<testsuite tests="50" failures="0" name="org.apache.commons.jxpath.ri.model.dynabeans.DynaBeanModelTest" time="0.214" errors="0" skipped="0">
  <properties>
    <property name="java.runtime.name" value="OpenJDK Runtime Environment"/>
    <property name="sun.boot.library.path" value="/usr/local/openjdk-8/jre/lib/amd64"/>
    <property name="java.vm.version" value="25.262-b10"/>
    <property name="java.vm.vendor" value="Oracle Corporation"/>
    <property name="java.vendor.url" value="http://java.oracle.com/"/>
    <property name="path.separator" value=":"/>
    <property name="java.vm.name" value="OpenJDK 64-Bit Server VM"/>
    <property name="file.encoding.pkg" value="sun.io"/>
    <property name="sun.java.launcher" value="SUN_STANDARD"/>
    <property name="sun.os.patch.level" value="unknown"/>
    <property name="java.vm.specification.name" value="Java Virtual Machine Specification"/>
    <property name="user.dir" value="/tmp/tmpthb2bbbz/commons-jxpath"/>
    <property name="java.runtime.version" value="1.8.0_262-b10"/>
    <property name="java.awt.graphicsenv" value="sun.awt.X11GraphicsEnvironment"/>
    <property name="basedir" value="/tmp/tmpthb2bbbz/commons-jxpath"/>
    <property name="java.endorsed.dirs" value="/usr/local/openjdk-8/jre/lib/endorsed"/>
    <property name="os.arch" value="amd64"/>
    <property name="surefire.real.class.path" value="/tmp/surefirebooter3453414882878509512.jar"/>
    <property name="java.io.tmpdir" value="/tmp"/>
    <property name="line.separator" value="
"/>
    <property name="java.vm.specification.vendor" value="Oracle Corporation"/>
    <property name="os.name" value="Linux"/>
    <property name="sun.jnu.encoding" value="UTF-8"/>
    <property name="java.library.path" value="/usr/java/packages/lib/amd64:/usr/lib64:/lib64:/lib:/usr/lib"/>
    <property name="surefire.test.class.path" value="/tmp/tmpthb2bbbz/commons-jxpath/target/test-classes:/tmp/tmpthb2bbbz/commons-jxpath/target/classes:/home/jdbl/.m2/repository/xerces/xercesImpl/2.4.0/xercesImpl-2.4.0.jar:/home/jdbl/.m2/repository/javax/servlet/servlet-api/2.4/servlet-api-2.4.jar:/home/jdbl/.m2/repository/javax/servlet/jsp-api/2.0/jsp-api-2.0.jar:/home/jdbl/.m2/repository/junit/junit/3.8.1/junit-3.8.1.jar:/home/jdbl/.m2/repository/xml-apis/xml-apis/1.3.04/xml-apis-1.3.04.jar:/home/jdbl/.m2/repository/jdom/jdom/1.0/jdom-1.0.jar:/home/jdbl/.m2/repository/commons-beanutils/commons-beanutils/1.7.0/commons-beanutils-1.7.0.jar:/home/jdbl/.m2/repository/commons-logging/commons-logging/1.1.1/commons-logging-1.1.1.jar:/home/jdbl/.m2/repository/com/mockrunner/mockrunner-jdk1.3-j2ee1.3/0.4/mockrunner-jdk1.3-j2ee1.3-0.4.jar:/home/jdbl/.m2/repository/org/mockejb/mockejb/0.6-beta2/mockejb-0.6-beta2.jar:/home/jdbl/.m2/repository/cglib/cglib-full/2.0.2/cglib-full-2.0.2.jar:"/>
    <property name="java.specification.name" value="Java Platform API Specification"/>
    <property name="java.class.version" value="52.0"/>
    <property name="sun.management.compiler" value="HotSpot 64-Bit Tiered Compilers"/>
    <property name="os.version" value="4.15.0-109-generic"/>
    <property name="user.home" value="/home/jdbl"/>
    <property name="user.timezone" value=""/>
    <property name="java.awt.printerjob" value="sun.print.PSPrinterJob"/>
    <property name="file.encoding" value="UTF-8"/>
    <property name="java.specification.version" value="1.8"/>
    <property name="user.name" value="jdbl"/>
    <property name="java.class.path" value="/tmp/tmpthb2bbbz/commons-jxpath/target/test-classes:/tmp/tmpthb2bbbz/commons-jxpath/target/classes:/home/jdbl/.m2/repository/xerces/xercesImpl/2.4.0/xercesImpl-2.4.0.jar:/home/jdbl/.m2/repository/javax/servlet/servlet-api/2.4/servlet-api-2.4.jar:/home/jdbl/.m2/repository/javax/servlet/jsp-api/2.0/jsp-api-2.0.jar:/home/jdbl/.m2/repository/junit/junit/3.8.1/junit-3.8.1.jar:/home/jdbl/.m2/repository/xml-apis/xml-apis/1.3.04/xml-apis-1.3.04.jar:/home/jdbl/.m2/repository/jdom/jdom/1.0/jdom-1.0.jar:/home/jdbl/.m2/repository/commons-beanutils/commons-beanutils/1.7.0/commons-beanutils-1.7.0.jar:/home/jdbl/.m2/repository/commons-logging/commons-logging/1.1.1/commons-logging-1.1.1.jar:/home/jdbl/.m2/repository/com/mockrunner/mockrunner-jdk1.3-j2ee1.3/0.4/mockrunner-jdk1.3-j2ee1.3-0.4.jar:/home/jdbl/.m2/repository/org/mockejb/mockejb/0.6-beta2/mockejb-0.6-beta2.jar:/home/jdbl/.m2/repository/cglib/cglib-full/2.0.2/cglib-full-2.0.2.jar:"/>
    <property name="java.vm.specification.version" value="1.8"/>
    <property name="sun.arch.data.model" value="64"/>
    <property name="java.home" value="/usr/local/openjdk-8/jre"/>
    <property name="sun.java.command" value="/tmp/surefirebooter3453414882878509512.jar /tmp/surefire5918876347735406862tmp /tmp/surefire8368867835820728825tmp"/>
    <property name="java.specification.vendor" value="Oracle Corporation"/>
    <property name="user.language" value="en"/>
    <property name="awt.toolkit" value="sun.awt.X11.XToolkit"/>
    <property name="java.vm.info" value="mixed mode"/>
    <property name="java.version" value="1.8.0_262"/>
    <property name="java.ext.dirs" value="/usr/local/openjdk-8/jre/lib/ext:/usr/java/packages/lib/ext"/>
    <property name="sun.boot.class.path" value="/usr/local/openjdk-8/jre/lib/resources.jar:/usr/local/openjdk-8/jre/lib/rt.jar:/usr/local/openjdk-8/jre/lib/sunrsasign.jar:/usr/local/openjdk-8/jre/lib/jsse.jar:/usr/local/openjdk-8/jre/lib/jce.jar:/usr/local/openjdk-8/jre/lib/charsets.jar:/usr/local/openjdk-8/jre/lib/jfr.jar:/usr/local/openjdk-8/jre/classes"/>
    <property name="java.vendor" value="Oracle Corporation"/>
    <property name="localRepository" value="/home/jdbl/.m2/repository"/>
    <property name="file.separator" value="/"/>
    <property name="java.vendor.url.bug" value="http://bugreport.sun.com/bugreport/"/>
    <property name="sun.cpu.endian" value="little"/>
    <property name="sun.io.unicode.encoding" value="UnicodeLittle"/>
    <property name="sun.cpu.isalist" value=""/>
  </properties>
  <testcase classname="org.apache.commons.jxpath.ri.model.dynabeans.DynaBeanModelTest" name="testRemovePathArrayElement" time="0.144"/>
  <testcase classname="org.apache.commons.jxpath.ri.model.dynabeans.DynaBeanModelTest" name="testCreatePath" time="0"/>
  <testcase classname="org.apache.commons.jxpath.ri.model.dynabeans.DynaBeanModelTest" name="testCreatePathAndSetValue" time="0"/>
  <testcase classname="org.apache.commons.jxpath.ri.model.dynabeans.DynaBeanModelTest" name="testAxisChild" time="0.007"/>
  <testcase classname="org.apache.commons.jxpath.ri.model.dynabeans.DynaBeanModelTest" name="testAxisDescendant" time="0.004"/>
  <testcase classname="org.apache.commons.jxpath.ri.model.dynabeans.DynaBeanModelTest" name="testAttributeName" time="0"/>
  <testcase classname="org.apache.commons.jxpath.ri.model.dynabeans.DynaBeanModelTest" name="testAxisAncestor" time="0.001"/>
  <testcase classname="org.apache.commons.jxpath.ri.model.dynabeans.DynaBeanModelTest" name="testAxisParent" time="0.004"/>
  <testcase classname="org.apache.commons.jxpath.ri.model.dynabeans.DynaBeanModelTest" name="testDocumentOrder" time="0"/>
  <testcase classname="org.apache.commons.jxpath.ri.model.dynabeans.DynaBeanModelTest" name="testAxisFollowingSibling" time="0.015"/>
  <testcase classname="org.apache.commons.jxpath.ri.model.dynabeans.DynaBeanModelTest" name="testAxisPrecedingSibling" time="0.001"/>
  <testcase classname="org.apache.commons.jxpath.ri.model.dynabeans.DynaBeanModelTest" name="testAxisPreceding" time="0"/>
  <testcase classname="org.apache.commons.jxpath.ri.model.dynabeans.DynaBeanModelTest" name="testAxisAttribute" time="0.001"/>
  <testcase classname="org.apache.commons.jxpath.ri.model.dynabeans.DynaBeanModelTest" name="testAxisFollowing" time="0"/>
  <testcase classname="org.apache.commons.jxpath.ri.model.dynabeans.DynaBeanModelTest" name="testAxisSelf" time="0"/>
  <testcase classname="org.apache.commons.jxpath.ri.model.dynabeans.DynaBeanModelTest" name="testUnion" time="0.013"/>
  <testcase classname="org.apache.commons.jxpath.ri.model.dynabeans.DynaBeanModelTest" name="testIndividualIterators" time="0"/>
  <testcase classname="org.apache.commons.jxpath.ri.model.dynabeans.DynaBeanModelTest" name="testMultipleIterators" time="0.001"/>
  <testcase classname="org.apache.commons.jxpath.ri.model.dynabeans.DynaBeanModelTest" name="testIteratePropertyArrayWithHasNext" time="0"/>
  <testcase classname="org.apache.commons.jxpath.ri.model.dynabeans.DynaBeanModelTest" name="testIteratePropertyArrayWithoutHasNext" time="0"/>
  <testcase classname="org.apache.commons.jxpath.ri.model.dynabeans.DynaBeanModelTest" name="testIterateAndSet" time="0.001"/>
  <testcase classname="org.apache.commons.jxpath.ri.model.dynabeans.DynaBeanModelTest" name="testIteratePointerSetValue" time="0"/>
  <testcase classname="org.apache.commons.jxpath.ri.model.dynabeans.DynaBeanModelTest" name="testRoot" time="0"/>
  <testcase classname="org.apache.commons.jxpath.ri.model.dynabeans.DynaBeanModelTest" name="testAxisChildNestedBean" time="0"/>
  <testcase classname="org.apache.commons.jxpath.ri.model.dynabeans.DynaBeanModelTest" name="testAxisChildNestedCollection" time="0"/>
  <testcase classname="org.apache.commons.jxpath.ri.model.dynabeans.DynaBeanModelTest" name="testIndexPredicate" time="0.001"/>
  <testcase classname="org.apache.commons.jxpath.ri.model.dynabeans.DynaBeanModelTest" name="testAxisDescendantOrSelf" time="0.002"/>
  <testcase classname="org.apache.commons.jxpath.ri.model.dynabeans.DynaBeanModelTest" name="testAttributeLang" time="0"/>
  <testcase classname="org.apache.commons.jxpath.ri.model.dynabeans.DynaBeanModelTest" name="testCoreFunctions" time="0.001"/>
  <testcase classname="org.apache.commons.jxpath.ri.model.dynabeans.DynaBeanModelTest" name="testBooleanPredicate" time="0.002"/>
  <testcase classname="org.apache.commons.jxpath.ri.model.dynabeans.DynaBeanModelTest" name="testSetPropertyValue" time="0"/>
  <testcase classname="org.apache.commons.jxpath.ri.model.dynabeans.DynaBeanModelTest" name="testSetCollectionElement" time="0.001"/>
  <testcase classname="org.apache.commons.jxpath.ri.model.dynabeans.DynaBeanModelTest" name="testSetContextDependentNode" time="0"/>
  <testcase classname="org.apache.commons.jxpath.ri.model.dynabeans.DynaBeanModelTest" name="testSetNonPrimitiveValue" time="0"/>
  <testcase classname="org.apache.commons.jxpath.ri.model.dynabeans.DynaBeanModelTest" name="testCreatePathExpandNewCollection" time="0"/>
  <testcase classname="org.apache.commons.jxpath.ri.model.dynabeans.DynaBeanModelTest" name="testCreatePathAndSetValueExpandNewCollection" time="0"/>
  <testcase classname="org.apache.commons.jxpath.ri.model.dynabeans.DynaBeanModelTest" name="testCreatePathExpandExistingCollection" time="0.001"/>
  <testcase classname="org.apache.commons.jxpath.ri.model.dynabeans.DynaBeanModelTest" name="testCreatePathExpandExistingCollectionAndSetProperty" time="0"/>
  <testcase classname="org.apache.commons.jxpath.ri.model.dynabeans.DynaBeanModelTest" name="testCreatePathAndSetValueExpandExistingCollection" time="0"/>
  <testcase classname="org.apache.commons.jxpath.ri.model.dynabeans.DynaBeanModelTest" name="testCreatePathCreateBeanExpandCollection" time="0"/>
  <testcase classname="org.apache.commons.jxpath.ri.model.dynabeans.DynaBeanModelTest" name="testCreatePathAndSetValueCreateBeanExpandCollection" time="0"/>
  <testcase classname="org.apache.commons.jxpath.ri.model.dynabeans.DynaBeanModelTest" name="testRemovePathPropertyValue" time="0"/>
  <testcase classname="org.apache.commons.jxpath.ri.model.dynabeans.DynaBeanModelTest" name="testRemoveAllArrayElements" time="0.001"/>
  <testcase classname="org.apache.commons.jxpath.ri.model.dynabeans.DynaBeanModelTest" name="testRemoveAllListElements" time="0"/>
  <testcase classname="org.apache.commons.jxpath.ri.model.dynabeans.DynaBeanModelTest" name="testRemoveAllMapEntries" time="0"/>
  <testcase classname="org.apache.commons.jxpath.ri.model.dynabeans.DynaBeanModelTest" name="testRemovePathBeanValue" time="0"/>
  <testcase classname="org.apache.commons.jxpath.ri.model.dynabeans.DynaBeanModelTest" name="testRelativeContextRelativePath" time="0"/>
  <testcase classname="org.apache.commons.jxpath.ri.model.dynabeans.DynaBeanModelTest" name="testRelativeContextAbsolutePath" time="0"/>
  <testcase classname="org.apache.commons.jxpath.ri.model.dynabeans.DynaBeanModelTest" name="testRelativeContextParent" time="0"/>
  <testcase classname="org.apache.commons.jxpath.ri.model.dynabeans.DynaBeanModelTest" name="testRelativeContextInheritance" time="0.001"/>
</testsuite>