<?xml version="1.0" encoding="UTF-8"?>
<testsuite xmlns:xsi="http://www.w3.org/2001/XMLSchema-instance" xsi:schemaLocation="https://maven.apache.org/surefire/maven-surefire-plugin/xsd/surefire-test-report.xsd" name="com.datastax.oss.protocol.internal.ResponseFrameCodecTest" time="1.942" tests="144" errors="0" skipped="0" failures="0">
  <properties>
    <property name="java.runtime.name" value="OpenJDK Runtime Environment"/>
    <property name="sun.boot.library.path" value="/usr/local/openjdk-8/jre/lib/amd64"/>
    <property name="java.vm.version" value="25.262-b10"/>
    <property name="animal.sniffer.skip" value="true"/>
    <property name="java.vm.vendor" value="Oracle Corporation"/>
    <property name="maven.multiModuleProjectDirectory" value="/tmp/tmp51kdt9cv/native-protocol"/>
    <property name="maven.javadoc.skip" value="true"/>
    <property name="java.vendor.url" value="http://java.oracle.com/"/>
    <property name="path.separator" value=":"/>
    <property name="guice.disable.misplaced.annotation.check" value="true"/>
    <property name="java.vm.name" value="OpenJDK 64-Bit Server VM"/>
    <property name="file.encoding.pkg" value="sun.io"/>
    <property name="sun.java.launcher" value="SUN_STANDARD"/>
    <property name="sun.os.patch.level" value="unknown"/>
    <property name="source.skip" value="true"/>
    <property name="java.vm.specification.name" value="Java Virtual Machine Specification"/>
    <property name="user.dir" value="/tmp/tmp51kdt9cv/native-protocol"/>
    <property name="java.runtime.version" value="1.8.0_262-b10"/>
    <property name="java.awt.graphicsenv" value="sun.awt.X11GraphicsEnvironment"/>
    <property name="java.endorsed.dirs" value="/usr/local/openjdk-8/jre/lib/endorsed"/>
    <property name="os.arch" value="amd64"/>
    <property name="java.io.tmpdir" value="/tmp"/>
    <property name="line.separator" value="&#10;"/>
    <property name="java.vm.specification.vendor" value="Oracle Corporation"/>
    <property name="os.name" value="Linux"/>
    <property name="classworlds.conf" value="/usr/share/maven/bin/m2.conf"/>
    <property name="sun.jnu.encoding" value="UTF-8"/>
    <property name="java.library.path" value="/usr/java/packages/lib/amd64:/usr/lib64:/lib64:/lib:/usr/lib"/>
    <property name="license.skip" value="true"/>
    <property name="maven.conf" value="/usr/share/maven/conf"/>
    <property name="java.specification.name" value="Java Platform API Specification"/>
    <property name="java.class.version" value="52.0"/>
    <property name="sun.management.compiler" value="HotSpot 64-Bit Tiered Compilers"/>
    <property name="maven.test.failure.ignore" value="true"/>
    <property name="os.version" value="4.15.0-109-generic"/>
    <property name="library.jansi.path" value="/usr/share/maven/lib/jansi-native"/>
    <property name="user.home" value="/home/jdbl"/>
    <property name="user.timezone" value="Etc/UTC"/>
    <property name="java.awt.printerjob" value="sun.print.PSPrinterJob"/>
    <property name="java.specification.version" value="1.8"/>
    <property name="file.encoding" value="UTF-8"/>
    <property name="user.name" value="jdbl"/>
    <property name="java.class.path" value="/usr/share/maven/boot/plexus-classworlds-2.6.0.jar"/>
    <property name="java.vm.specification.version" value="1.8"/>
    <property name="sun.arch.data.model" value="64"/>
    <property name="java.home" value="/usr/local/openjdk-8/jre"/>
    <property name="sun.java.command" value="org.codehaus.plexus.classworlds.launcher.Launcher test -e --fail-never -ntp -Dmaven.test.failure.ignore=true -B -Dmaven.javadoc.skip=true -Drat.skip=true -Danimal.sniffer.skip=true -Dmaven.javadoc.skip=true -Dlicense.skip=true -Dsource.skip=true"/>
    <property name="java.specification.vendor" value="Oracle Corporation"/>
    <property name="user.language" value="en"/>
    <property name="awt.toolkit" value="sun.awt.X11.XToolkit"/>
    <property name="java.vm.info" value="mixed mode"/>
    <property name="java.version" value="1.8.0_262"/>
    <property name="java.ext.dirs" value="/usr/local/openjdk-8/jre/lib/ext:/usr/java/packages/lib/ext"/>
    <property name="securerandom.source" value="file:/dev/./urandom"/>
    <property name="sun.boot.class.path" value="/usr/local/openjdk-8/jre/lib/resources.jar:/usr/local/openjdk-8/jre/lib/rt.jar:/usr/local/openjdk-8/jre/lib/sunrsasign.jar:/usr/local/openjdk-8/jre/lib/jsse.jar:/usr/local/openjdk-8/jre/lib/jce.jar:/usr/local/openjdk-8/jre/lib/charsets.jar:/usr/local/openjdk-8/jre/lib/jfr.jar:/usr/local/openjdk-8/jre/classes"/>
    <property name="java.vendor" value="Oracle Corporation"/>
    <property name="rat.skip" value="true"/>
    <property name="maven.home" value="/usr/share/maven"/>
    <property name="file.separator" value="/"/>
    <property name="java.vendor.url.bug" value="http://bugreport.sun.com/bugreport/"/>
    <property name="sun.cpu.endian" value="little"/>
    <property name="sun.io.unicode.encoding" value="UnicodeLittle"/>
    <property name="sun.cpu.isalist" value=""/>
  </properties>
  <testcase name="should_decode_response_frame[0: 3, 2, com.datastax.oss.protocol.internal.NoopCompressor@1f52eb6f, false, {}, []]" classname="com.datastax.oss.protocol.internal.ResponseFrameCodecTest" time="1.657"/>
  <testcase name="should_decode_response_frame[1: 3, 2, com.datastax.oss.protocol.internal.NoopCompressor@1f52eb6f, true, {}, []]" classname="com.datastax.oss.protocol.internal.ResponseFrameCodecTest" time="0.001"/>
  <testcase name="should_decode_response_frame[2: 3, 2, com.datastax.oss.protocol.internal.binary.MockCompressor@57d0fc89, false, {}, []]" classname="com.datastax.oss.protocol.internal.ResponseFrameCodecTest" time="0"/>
  <testcase name="should_decode_response_frame[3: 3, 2, com.datastax.oss.protocol.internal.binary.MockCompressor@57d0fc89, true, {}, []]" classname="com.datastax.oss.protocol.internal.ResponseFrameCodecTest" time="0.001"/>
  <testcase name="should_decode_response_frame[4: 3, -1, com.datastax.oss.protocol.internal.NoopCompressor@1f52eb6f, false, {}, []]" classname="com.datastax.oss.protocol.internal.ResponseFrameCodecTest" time="0.001"/>
  <testcase name="should_decode_response_frame[5: 3, -1, com.datastax.oss.protocol.internal.NoopCompressor@1f52eb6f, true, {}, []]" classname="com.datastax.oss.protocol.internal.ResponseFrameCodecTest" time="0"/>
  <testcase name="should_decode_response_frame[6: 3, -1, com.datastax.oss.protocol.internal.binary.MockCompressor@57d0fc89, false, {}, []]" classname="com.datastax.oss.protocol.internal.ResponseFrameCodecTest" time="0"/>
  <testcase name="should_decode_response_frame[7: 3, -1, com.datastax.oss.protocol.internal.binary.MockCompressor@57d0fc89, true, {}, []]" classname="com.datastax.oss.protocol.internal.ResponseFrameCodecTest" time="0"/>
  <testcase name="should_decode_response_frame[8: 4, 2, com.datastax.oss.protocol.internal.NoopCompressor@58294867, false, {}, []]" classname="com.datastax.oss.protocol.internal.ResponseFrameCodecTest" time="0"/>
  <testcase name="should_decode_response_frame[9: 4, 2, com.datastax.oss.protocol.internal.NoopCompressor@58294867, false, {}, [warning 1, warning 2]]" classname="com.datastax.oss.protocol.internal.ResponseFrameCodecTest" time="0"/>
  <testcase name="should_decode_response_frame[10: 4, 2, com.datastax.oss.protocol.internal.NoopCompressor@58294867, false, {foo=java.nio.HeapByteBuffer[pos=0 lim=1 cap=1], bar=java.nio.HeapByteBuffer[pos=0 lim=1 cap=1]}, []]" classname="com.datastax.oss.protocol.internal.ResponseFrameCodecTest" time="0"/>
  <testcase name="should_decode_response_frame[11: 4, 2, com.datastax.oss.protocol.internal.NoopCompressor@58294867, false, {foo=java.nio.HeapByteBuffer[pos=0 lim=1 cap=1], bar=java.nio.HeapByteBuffer[pos=0 lim=1 cap=1]}, [warning 1, warning 2]]" classname="com.datastax.oss.protocol.internal.ResponseFrameCodecTest" time="0.006"/>
  <testcase name="should_decode_response_frame[12: 4, 2, com.datastax.oss.protocol.internal.NoopCompressor@58294867, true, {}, []]" classname="com.datastax.oss.protocol.internal.ResponseFrameCodecTest" time="0.001"/>
  <testcase name="should_decode_response_frame[13: 4, 2, com.datastax.oss.protocol.internal.NoopCompressor@58294867, true, {}, [warning 1, warning 2]]" classname="com.datastax.oss.protocol.internal.ResponseFrameCodecTest" time="0.001"/>
  <testcase name="should_decode_response_frame[14: 4, 2, com.datastax.oss.protocol.internal.NoopCompressor@58294867, true, {foo=java.nio.HeapByteBuffer[pos=0 lim=1 cap=1], bar=java.nio.HeapByteBuffer[pos=0 lim=1 cap=1]}, []]" classname="com.datastax.oss.protocol.internal.ResponseFrameCodecTest" time="0.001"/>
  <testcase name="should_decode_response_frame[15: 4, 2, com.datastax.oss.protocol.internal.NoopCompressor@58294867, true, {foo=java.nio.HeapByteBuffer[pos=0 lim=1 cap=1], bar=java.nio.HeapByteBuffer[pos=0 lim=1 cap=1]}, [warning 1, warning 2]]" classname="com.datastax.oss.protocol.internal.ResponseFrameCodecTest" time="0.028"/>
  <testcase name="should_decode_response_frame[16: 4, 2, com.datastax.oss.protocol.internal.binary.MockCompressor@67c277a0, false, {}, []]" classname="com.datastax.oss.protocol.internal.ResponseFrameCodecTest" time="0.001"/>
  <testcase name="should_decode_response_frame[17: 4, 2, com.datastax.oss.protocol.internal.binary.MockCompressor@67c277a0, false, {}, [warning 1, warning 2]]" classname="com.datastax.oss.protocol.internal.ResponseFrameCodecTest" time="0.001"/>
  <testcase name="should_decode_response_frame[18: 4, 2, com.datastax.oss.protocol.internal.binary.MockCompressor@67c277a0, false, {foo=java.nio.HeapByteBuffer[pos=0 lim=1 cap=1], bar=java.nio.HeapByteBuffer[pos=0 lim=1 cap=1]}, []]" classname="com.datastax.oss.protocol.internal.ResponseFrameCodecTest" time="0"/>
  <testcase name="should_decode_response_frame[19: 4, 2, com.datastax.oss.protocol.internal.binary.MockCompressor@67c277a0, false, {foo=java.nio.HeapByteBuffer[pos=0 lim=1 cap=1], bar=java.nio.HeapByteBuffer[pos=0 lim=1 cap=1]}, [warning 1, warning 2]]" classname="com.datastax.oss.protocol.internal.ResponseFrameCodecTest" time="0.003"/>
  <testcase name="should_decode_response_frame[20: 4, 2, com.datastax.oss.protocol.internal.binary.MockCompressor@67c277a0, true, {}, []]" classname="com.datastax.oss.protocol.internal.ResponseFrameCodecTest" time="0"/>
  <testcase name="should_decode_response_frame[21: 4, 2, com.datastax.oss.protocol.internal.binary.MockCompressor@67c277a0, true, {}, [warning 1, warning 2]]" classname="com.datastax.oss.protocol.internal.ResponseFrameCodecTest" time="0"/>
  <testcase name="should_decode_response_frame[22: 4, 2, com.datastax.oss.protocol.internal.binary.MockCompressor@67c277a0, true, {foo=java.nio.HeapByteBuffer[pos=0 lim=1 cap=1], bar=java.nio.HeapByteBuffer[pos=0 lim=1 cap=1]}, []]" classname="com.datastax.oss.protocol.internal.ResponseFrameCodecTest" time="0.006"/>
  <testcase name="should_decode_response_frame[23: 4, 2, com.datastax.oss.protocol.internal.binary.MockCompressor@67c277a0, true, {foo=java.nio.HeapByteBuffer[pos=0 lim=1 cap=1], bar=java.nio.HeapByteBuffer[pos=0 lim=1 cap=1]}, [warning 1, warning 2]]" classname="com.datastax.oss.protocol.internal.ResponseFrameCodecTest" time="0"/>
  <testcase name="should_decode_response_frame[24: 4, -1, com.datastax.oss.protocol.internal.NoopCompressor@58294867, false, {}, []]" classname="com.datastax.oss.protocol.internal.ResponseFrameCodecTest" time="0"/>
  <testcase name="should_decode_response_frame[25: 4, -1, com.datastax.oss.protocol.internal.NoopCompressor@58294867, false, {}, [warning 1, warning 2]]" classname="com.datastax.oss.protocol.internal.ResponseFrameCodecTest" time="0.006"/>
  <testcase name="should_decode_response_frame[26: 4, -1, com.datastax.oss.protocol.internal.NoopCompressor@58294867, false, {foo=java.nio.HeapByteBuffer[pos=0 lim=1 cap=1], bar=java.nio.HeapByteBuffer[pos=0 lim=1 cap=1]}, []]" classname="com.datastax.oss.protocol.internal.ResponseFrameCodecTest" time="0.001"/>
  <testcase name="should_decode_response_frame[27: 4, -1, com.datastax.oss.protocol.internal.NoopCompressor@58294867, false, {foo=java.nio.HeapByteBuffer[pos=0 lim=1 cap=1], bar=java.nio.HeapByteBuffer[pos=0 lim=1 cap=1]}, [warning 1, warning 2]]" classname="com.datastax.oss.protocol.internal.ResponseFrameCodecTest" time="0.009"/>
  <testcase name="should_decode_response_frame[28: 4, -1, com.datastax.oss.protocol.internal.NoopCompressor@58294867, true, {}, []]" classname="com.datastax.oss.protocol.internal.ResponseFrameCodecTest" time="0"/>
  <testcase name="should_decode_response_frame[29: 4, -1, com.datastax.oss.protocol.internal.NoopCompressor@58294867, true, {}, [warning 1, warning 2]]" classname="com.datastax.oss.protocol.internal.ResponseFrameCodecTest" time="0"/>
  <testcase name="should_decode_response_frame[30: 4, -1, com.datastax.oss.protocol.internal.NoopCompressor@58294867, true, {foo=java.nio.HeapByteBuffer[pos=0 lim=1 cap=1], bar=java.nio.HeapByteBuffer[pos=0 lim=1 cap=1]}, []]" classname="com.datastax.oss.protocol.internal.ResponseFrameCodecTest" time="0"/>
  <testcase name="should_decode_response_frame[31: 4, -1, com.datastax.oss.protocol.internal.NoopCompressor@58294867, true, {foo=java.nio.HeapByteBuffer[pos=0 lim=1 cap=1], bar=java.nio.HeapByteBuffer[pos=0 lim=1 cap=1]}, [warning 1, warning 2]]" classname="com.datastax.oss.protocol.internal.ResponseFrameCodecTest" time="0"/>
  <testcase name="should_decode_response_frame[32: 4, -1, com.datastax.oss.protocol.internal.binary.MockCompressor@67c277a0, false, {}, []]" classname="com.datastax.oss.protocol.internal.ResponseFrameCodecTest" time="0.008"/>
  <testcase name="should_decode_response_frame[33: 4, -1, com.datastax.oss.protocol.internal.binary.MockCompressor@67c277a0, false, {}, [warning 1, warning 2]]" classname="com.datastax.oss.protocol.internal.ResponseFrameCodecTest" time="0.003"/>
  <testcase name="should_decode_response_frame[34: 4, -1, com.datastax.oss.protocol.internal.binary.MockCompressor@67c277a0, false, {foo=java.nio.HeapByteBuffer[pos=0 lim=1 cap=1], bar=java.nio.HeapByteBuffer[pos=0 lim=1 cap=1]}, []]" classname="com.datastax.oss.protocol.internal.ResponseFrameCodecTest" time="0"/>
  <testcase name="should_decode_response_frame[35: 4, -1, com.datastax.oss.protocol.internal.binary.MockCompressor@67c277a0, false, {foo=java.nio.HeapByteBuffer[pos=0 lim=1 cap=1], bar=java.nio.HeapByteBuffer[pos=0 lim=1 cap=1]}, [warning 1, warning 2]]" classname="com.datastax.oss.protocol.internal.ResponseFrameCodecTest" time="0"/>
  <testcase name="should_decode_response_frame[36: 4, -1, com.datastax.oss.protocol.internal.binary.MockCompressor@67c277a0, true, {}, []]" classname="com.datastax.oss.protocol.internal.ResponseFrameCodecTest" time="0"/>
  <testcase name="should_decode_response_frame[37: 4, -1, com.datastax.oss.protocol.internal.binary.MockCompressor@67c277a0, true, {}, [warning 1, warning 2]]" classname="com.datastax.oss.protocol.internal.ResponseFrameCodecTest" time="0"/>
  <testcase name="should_decode_response_frame[38: 4, -1, com.datastax.oss.protocol.internal.binary.MockCompressor@67c277a0, true, {foo=java.nio.HeapByteBuffer[pos=0 lim=1 cap=1], bar=java.nio.HeapByteBuffer[pos=0 lim=1 cap=1]}, []]" classname="com.datastax.oss.protocol.internal.ResponseFrameCodecTest" time="0.001"/>
  <testcase name="should_decode_response_frame[39: 4, -1, com.datastax.oss.protocol.internal.binary.MockCompressor@67c277a0, true, {foo=java.nio.HeapByteBuffer[pos=0 lim=1 cap=1], bar=java.nio.HeapByteBuffer[pos=0 lim=1 cap=1]}, [warning 1, warning 2]]" classname="com.datastax.oss.protocol.internal.ResponseFrameCodecTest" time="0"/>
  <testcase name="should_decode_response_frame[40: 5, 2, com.datastax.oss.protocol.internal.NoopCompressor@58294867, false, {}, []]" classname="com.datastax.oss.protocol.internal.ResponseFrameCodecTest" time="0"/>
  <testcase name="should_decode_response_frame[41: 5, 2, com.datastax.oss.protocol.internal.NoopCompressor@58294867, false, {}, [warning 1, warning 2]]" classname="com.datastax.oss.protocol.internal.ResponseFrameCodecTest" time="0.001"/>
  <testcase name="should_decode_response_frame[42: 5, 2, com.datastax.oss.protocol.internal.NoopCompressor@58294867, false, {foo=java.nio.HeapByteBuffer[pos=0 lim=1 cap=1], bar=java.nio.HeapByteBuffer[pos=0 lim=1 cap=1]}, []]" classname="com.datastax.oss.protocol.internal.ResponseFrameCodecTest" time="0.001"/>
  <testcase name="should_decode_response_frame[43: 5, 2, com.datastax.oss.protocol.internal.NoopCompressor@58294867, false, {foo=java.nio.HeapByteBuffer[pos=0 lim=1 cap=1], bar=java.nio.HeapByteBuffer[pos=0 lim=1 cap=1]}, [warning 1, warning 2]]" classname="com.datastax.oss.protocol.internal.ResponseFrameCodecTest" time="0.001"/>
  <testcase name="should_decode_response_frame[44: 5, 2, com.datastax.oss.protocol.internal.NoopCompressor@58294867, true, {}, []]" classname="com.datastax.oss.protocol.internal.ResponseFrameCodecTest" time="0"/>
  <testcase name="should_decode_response_frame[45: 5, 2, com.datastax.oss.protocol.internal.NoopCompressor@58294867, true, {}, [warning 1, warning 2]]" classname="com.datastax.oss.protocol.internal.ResponseFrameCodecTest" time="0.002"/>
  <testcase name="should_decode_response_frame[46: 5, 2, com.datastax.oss.protocol.internal.NoopCompressor@58294867, true, {foo=java.nio.HeapByteBuffer[pos=0 lim=1 cap=1], bar=java.nio.HeapByteBuffer[pos=0 lim=1 cap=1]}, []]" classname="com.datastax.oss.protocol.internal.ResponseFrameCodecTest" time="0"/>
  <testcase name="should_decode_response_frame[47: 5, 2, com.datastax.oss.protocol.internal.NoopCompressor@58294867, true, {foo=java.nio.HeapByteBuffer[pos=0 lim=1 cap=1], bar=java.nio.HeapByteBuffer[pos=0 lim=1 cap=1]}, [warning 1, warning 2]]" classname="com.datastax.oss.protocol.internal.ResponseFrameCodecTest" time="0.007"/>
  <testcase name="should_decode_response_frame[48: 5, 2, com.datastax.oss.protocol.internal.binary.MockCompressor@67c277a0, false, {}, []]" classname="com.datastax.oss.protocol.internal.ResponseFrameCodecTest" time="0.001"/>
  <testcase name="should_decode_response_frame[49: 5, 2, com.datastax.oss.protocol.internal.binary.MockCompressor@67c277a0, false, {}, [warning 1, warning 2]]" classname="com.datastax.oss.protocol.internal.ResponseFrameCodecTest" time="0"/>
  <testcase name="should_decode_response_frame[50: 5, 2, com.datastax.oss.protocol.internal.binary.MockCompressor@67c277a0, false, {foo=java.nio.HeapByteBuffer[pos=0 lim=1 cap=1], bar=java.nio.HeapByteBuffer[pos=0 lim=1 cap=1]}, []]" classname="com.datastax.oss.protocol.internal.ResponseFrameCodecTest" time="0.001"/>
  <testcase name="should_decode_response_frame[51: 5, 2, com.datastax.oss.protocol.internal.binary.MockCompressor@67c277a0, false, {foo=java.nio.HeapByteBuffer[pos=0 lim=1 cap=1], bar=java.nio.HeapByteBuffer[pos=0 lim=1 cap=1]}, [warning 1, warning 2]]" classname="com.datastax.oss.protocol.internal.ResponseFrameCodecTest" time="0"/>
  <testcase name="should_decode_response_frame[52: 5, 2, com.datastax.oss.protocol.internal.binary.MockCompressor@67c277a0, true, {}, []]" classname="com.datastax.oss.protocol.internal.ResponseFrameCodecTest" time="0.001"/>
  <testcase name="should_decode_response_frame[53: 5, 2, com.datastax.oss.protocol.internal.binary.MockCompressor@67c277a0, true, {}, [warning 1, warning 2]]" classname="com.datastax.oss.protocol.internal.ResponseFrameCodecTest" time="0.009"/>
  <testcase name="should_decode_response_frame[54: 5, 2, com.datastax.oss.protocol.internal.binary.MockCompressor@67c277a0, true, {foo=java.nio.HeapByteBuffer[pos=0 lim=1 cap=1], bar=java.nio.HeapByteBuffer[pos=0 lim=1 cap=1]}, []]" classname="com.datastax.oss.protocol.internal.ResponseFrameCodecTest" time="0"/>
  <testcase name="should_decode_response_frame[55: 5, 2, com.datastax.oss.protocol.internal.binary.MockCompressor@67c277a0, true, {foo=java.nio.HeapByteBuffer[pos=0 lim=1 cap=1], bar=java.nio.HeapByteBuffer[pos=0 lim=1 cap=1]}, [warning 1, warning 2]]" classname="com.datastax.oss.protocol.internal.ResponseFrameCodecTest" time="0.001"/>
  <testcase name="should_decode_response_frame[56: 5, -1, com.datastax.oss.protocol.internal.NoopCompressor@58294867, false, {}, []]" classname="com.datastax.oss.protocol.internal.ResponseFrameCodecTest" time="0"/>
  <testcase name="should_decode_response_frame[57: 5, -1, com.datastax.oss.protocol.internal.NoopCompressor@58294867, false, {}, [warning 1, warning 2]]" classname="com.datastax.oss.protocol.internal.ResponseFrameCodecTest" time="0.001"/>
  <testcase name="should_decode_response_frame[58: 5, -1, com.datastax.oss.protocol.internal.NoopCompressor@58294867, false, {foo=java.nio.HeapByteBuffer[pos=0 lim=1 cap=1], bar=java.nio.HeapByteBuffer[pos=0 lim=1 cap=1]}, []]" classname="com.datastax.oss.protocol.internal.ResponseFrameCodecTest" time="0"/>
  <testcase name="should_decode_response_frame[59: 5, -1, com.datastax.oss.protocol.internal.NoopCompressor@58294867, false, {foo=java.nio.HeapByteBuffer[pos=0 lim=1 cap=1], bar=java.nio.HeapByteBuffer[pos=0 lim=1 cap=1]}, [warning 1, warning 2]]" classname="com.datastax.oss.protocol.internal.ResponseFrameCodecTest" time="0.001"/>
  <testcase name="should_decode_response_frame[60: 5, -1, com.datastax.oss.protocol.internal.NoopCompressor@58294867, true, {}, []]" classname="com.datastax.oss.protocol.internal.ResponseFrameCodecTest" time="0"/>
  <testcase name="should_decode_response_frame[61: 5, -1, com.datastax.oss.protocol.internal.NoopCompressor@58294867, true, {}, [warning 1, warning 2]]" classname="com.datastax.oss.protocol.internal.ResponseFrameCodecTest" time="0"/>
  <testcase name="should_decode_response_frame[62: 5, -1, com.datastax.oss.protocol.internal.NoopCompressor@58294867, true, {foo=java.nio.HeapByteBuffer[pos=0 lim=1 cap=1], bar=java.nio.HeapByteBuffer[pos=0 lim=1 cap=1]}, []]" classname="com.datastax.oss.protocol.internal.ResponseFrameCodecTest" time="0.001"/>
  <testcase name="should_decode_response_frame[63: 5, -1, com.datastax.oss.protocol.internal.NoopCompressor@58294867, true, {foo=java.nio.HeapByteBuffer[pos=0 lim=1 cap=1], bar=java.nio.HeapByteBuffer[pos=0 lim=1 cap=1]}, [warning 1, warning 2]]" classname="com.datastax.oss.protocol.internal.ResponseFrameCodecTest" time="0"/>
  <testcase name="should_decode_response_frame[64: 5, -1, com.datastax.oss.protocol.internal.binary.MockCompressor@67c277a0, false, {}, []]" classname="com.datastax.oss.protocol.internal.ResponseFrameCodecTest" time="0"/>
  <testcase name="should_decode_response_frame[65: 5, -1, com.datastax.oss.protocol.internal.binary.MockCompressor@67c277a0, false, {}, [warning 1, warning 2]]" classname="com.datastax.oss.protocol.internal.ResponseFrameCodecTest" time="0.001"/>
  <testcase name="should_decode_response_frame[66: 5, -1, com.datastax.oss.protocol.internal.binary.MockCompressor@67c277a0, false, {foo=java.nio.HeapByteBuffer[pos=0 lim=1 cap=1], bar=java.nio.HeapByteBuffer[pos=0 lim=1 cap=1]}, []]" classname="com.datastax.oss.protocol.internal.ResponseFrameCodecTest" time="0"/>
  <testcase name="should_decode_response_frame[67: 5, -1, com.datastax.oss.protocol.internal.binary.MockCompressor@67c277a0, false, {foo=java.nio.HeapByteBuffer[pos=0 lim=1 cap=1], bar=java.nio.HeapByteBuffer[pos=0 lim=1 cap=1]}, [warning 1, warning 2]]" classname="com.datastax.oss.protocol.internal.ResponseFrameCodecTest" time="0.002"/>
  <testcase name="should_decode_response_frame[68: 5, -1, com.datastax.oss.protocol.internal.binary.MockCompressor@67c277a0, true, {}, []]" classname="com.datastax.oss.protocol.internal.ResponseFrameCodecTest" time="0"/>
  <testcase name="should_decode_response_frame[69: 5, -1, com.datastax.oss.protocol.internal.binary.MockCompressor@67c277a0, true, {}, [warning 1, warning 2]]" classname="com.datastax.oss.protocol.internal.ResponseFrameCodecTest" time="0.001"/>
  <testcase name="should_decode_response_frame[70: 5, -1, com.datastax.oss.protocol.internal.binary.MockCompressor@67c277a0, true, {foo=java.nio.HeapByteBuffer[pos=0 lim=1 cap=1], bar=java.nio.HeapByteBuffer[pos=0 lim=1 cap=1]}, []]" classname="com.datastax.oss.protocol.internal.ResponseFrameCodecTest" time="0"/>
  <testcase name="should_decode_response_frame[71: 5, -1, com.datastax.oss.protocol.internal.binary.MockCompressor@67c277a0, true, {foo=java.nio.HeapByteBuffer[pos=0 lim=1 cap=1], bar=java.nio.HeapByteBuffer[pos=0 lim=1 cap=1]}, [warning 1, warning 2]]" classname="com.datastax.oss.protocol.internal.ResponseFrameCodecTest" time="0"/>
  <testcase name="should_encode_response_frame[0: 3, 2, com.datastax.oss.protocol.internal.NoopCompressor@6fc3e1a4, false, {}, []]" classname="com.datastax.oss.protocol.internal.ResponseFrameCodecTest" time="0.013"/>
  <testcase name="should_encode_response_frame[1: 3, 2, com.datastax.oss.protocol.internal.NoopCompressor@6fc3e1a4, true, {}, []]" classname="com.datastax.oss.protocol.internal.ResponseFrameCodecTest" time="0.001"/>
  <testcase name="should_encode_response_frame[2: 3, 2, com.datastax.oss.protocol.internal.binary.MockCompressor@3fa76c61, false, {}, []]" classname="com.datastax.oss.protocol.internal.ResponseFrameCodecTest" time="0.001"/>
  <testcase name="should_encode_response_frame[3: 3, 2, com.datastax.oss.protocol.internal.binary.MockCompressor@3fa76c61, true, {}, []]" classname="com.datastax.oss.protocol.internal.ResponseFrameCodecTest" time="0.001"/>
  <testcase name="should_encode_response_frame[4: 3, -1, com.datastax.oss.protocol.internal.NoopCompressor@6fc3e1a4, false, {}, []]" classname="com.datastax.oss.protocol.internal.ResponseFrameCodecTest" time="0"/>
  <testcase name="should_encode_response_frame[5: 3, -1, com.datastax.oss.protocol.internal.NoopCompressor@6fc3e1a4, true, {}, []]" classname="com.datastax.oss.protocol.internal.ResponseFrameCodecTest" time="0"/>
  <testcase name="should_encode_response_frame[6: 3, -1, com.datastax.oss.protocol.internal.binary.MockCompressor@3fa76c61, false, {}, []]" classname="com.datastax.oss.protocol.internal.ResponseFrameCodecTest" time="0.001"/>
  <testcase name="should_encode_response_frame[7: 3, -1, com.datastax.oss.protocol.internal.binary.MockCompressor@3fa76c61, true, {}, []]" classname="com.datastax.oss.protocol.internal.ResponseFrameCodecTest" time="0.002"/>
  <testcase name="should_encode_response_frame[8: 4, 2, com.datastax.oss.protocol.internal.NoopCompressor@2d5f7182, false, {}, []]" classname="com.datastax.oss.protocol.internal.ResponseFrameCodecTest" time="0"/>
  <testcase name="should_encode_response_frame[9: 4, 2, com.datastax.oss.protocol.internal.NoopCompressor@2d5f7182, false, {}, [warning 1, warning 2]]" classname="com.datastax.oss.protocol.internal.ResponseFrameCodecTest" time="0"/>
  <testcase name="should_encode_response_frame[10: 4, 2, com.datastax.oss.protocol.internal.NoopCompressor@2d5f7182, false, {foo=java.nio.HeapByteBuffer[pos=0 lim=1 cap=1], bar=java.nio.HeapByteBuffer[pos=0 lim=1 cap=1]}, []]" classname="com.datastax.oss.protocol.internal.ResponseFrameCodecTest" time="0.004"/>
  <testcase name="should_encode_response_frame[11: 4, 2, com.datastax.oss.protocol.internal.NoopCompressor@2d5f7182, false, {foo=java.nio.HeapByteBuffer[pos=0 lim=1 cap=1], bar=java.nio.HeapByteBuffer[pos=0 lim=1 cap=1]}, [warning 1, warning 2]]" classname="com.datastax.oss.protocol.internal.ResponseFrameCodecTest" time="0.001"/>
  <testcase name="should_encode_response_frame[12: 4, 2, com.datastax.oss.protocol.internal.NoopCompressor@2d5f7182, true, {}, []]" classname="com.datastax.oss.protocol.internal.ResponseFrameCodecTest" time="0"/>
  <testcase name="should_encode_response_frame[13: 4, 2, com.datastax.oss.protocol.internal.NoopCompressor@2d5f7182, true, {}, [warning 1, warning 2]]" classname="com.datastax.oss.protocol.internal.ResponseFrameCodecTest" time="0.001"/>
  <testcase name="should_encode_response_frame[14: 4, 2, com.datastax.oss.protocol.internal.NoopCompressor@2d5f7182, true, {foo=java.nio.HeapByteBuffer[pos=0 lim=1 cap=1], bar=java.nio.HeapByteBuffer[pos=0 lim=1 cap=1]}, []]" classname="com.datastax.oss.protocol.internal.ResponseFrameCodecTest" time="0"/>
  <testcase name="should_encode_response_frame[15: 4, 2, com.datastax.oss.protocol.internal.NoopCompressor@2d5f7182, true, {foo=java.nio.HeapByteBuffer[pos=0 lim=1 cap=1], bar=java.nio.HeapByteBuffer[pos=0 lim=1 cap=1]}, [warning 1, warning 2]]" classname="com.datastax.oss.protocol.internal.ResponseFrameCodecTest" time="0.001"/>
  <testcase name="should_encode_response_frame[16: 4, 2, com.datastax.oss.protocol.internal.binary.MockCompressor@59546cfe, false, {}, []]" classname="com.datastax.oss.protocol.internal.ResponseFrameCodecTest" time="0.001"/>
  <testcase name="should_encode_response_frame[17: 4, 2, com.datastax.oss.protocol.internal.binary.MockCompressor@59546cfe, false, {}, [warning 1, warning 2]]" classname="com.datastax.oss.protocol.internal.ResponseFrameCodecTest" time="0"/>
  <testcase name="should_encode_response_frame[18: 4, 2, com.datastax.oss.protocol.internal.binary.MockCompressor@59546cfe, false, {foo=java.nio.HeapByteBuffer[pos=0 lim=1 cap=1], bar=java.nio.HeapByteBuffer[pos=0 lim=1 cap=1]}, []]" classname="com.datastax.oss.protocol.internal.ResponseFrameCodecTest" time="0.001"/>
  <testcase name="should_encode_response_frame[19: 4, 2, com.datastax.oss.protocol.internal.binary.MockCompressor@59546cfe, false, {foo=java.nio.HeapByteBuffer[pos=0 lim=1 cap=1], bar=java.nio.HeapByteBuffer[pos=0 lim=1 cap=1]}, [warning 1, warning 2]]" classname="com.datastax.oss.protocol.internal.ResponseFrameCodecTest" time="0.001"/>
  <testcase name="should_encode_response_frame[20: 4, 2, com.datastax.oss.protocol.internal.binary.MockCompressor@59546cfe, true, {}, []]" classname="com.datastax.oss.protocol.internal.ResponseFrameCodecTest" time="0.001"/>
  <testcase name="should_encode_response_frame[21: 4, 2, com.datastax.oss.protocol.internal.binary.MockCompressor@59546cfe, true, {}, [warning 1, warning 2]]" classname="com.datastax.oss.protocol.internal.ResponseFrameCodecTest" time="0.003"/>
  <testcase name="should_encode_response_frame[22: 4, 2, com.datastax.oss.protocol.internal.binary.MockCompressor@59546cfe, true, {foo=java.nio.HeapByteBuffer[pos=0 lim=1 cap=1], bar=java.nio.HeapByteBuffer[pos=0 lim=1 cap=1]}, []]" classname="com.datastax.oss.protocol.internal.ResponseFrameCodecTest" time="0"/>
  <testcase name="should_encode_response_frame[23: 4, 2, com.datastax.oss.protocol.internal.binary.MockCompressor@59546cfe, true, {foo=java.nio.HeapByteBuffer[pos=0 lim=1 cap=1], bar=java.nio.HeapByteBuffer[pos=0 lim=1 cap=1]}, [warning 1, warning 2]]" classname="com.datastax.oss.protocol.internal.ResponseFrameCodecTest" time="0"/>
  <testcase name="should_encode_response_frame[24: 4, -1, com.datastax.oss.protocol.internal.NoopCompressor@2d5f7182, false, {}, []]" classname="com.datastax.oss.protocol.internal.ResponseFrameCodecTest" time="0.001"/>
  <testcase name="should_encode_response_frame[25: 4, -1, com.datastax.oss.protocol.internal.NoopCompressor@2d5f7182, false, {}, [warning 1, warning 2]]" classname="com.datastax.oss.protocol.internal.ResponseFrameCodecTest" time="0"/>
  <testcase name="should_encode_response_frame[26: 4, -1, com.datastax.oss.protocol.internal.NoopCompressor@2d5f7182, false, {foo=java.nio.HeapByteBuffer[pos=0 lim=1 cap=1], bar=java.nio.HeapByteBuffer[pos=0 lim=1 cap=1]}, []]" classname="com.datastax.oss.protocol.internal.ResponseFrameCodecTest" time="0.001"/>
  <testcase name="should_encode_response_frame[27: 4, -1, com.datastax.oss.protocol.internal.NoopCompressor@2d5f7182, false, {foo=java.nio.HeapByteBuffer[pos=0 lim=1 cap=1], bar=java.nio.HeapByteBuffer[pos=0 lim=1 cap=1]}, [warning 1, warning 2]]" classname="com.datastax.oss.protocol.internal.ResponseFrameCodecTest" time="0"/>
  <testcase name="should_encode_response_frame[28: 4, -1, com.datastax.oss.protocol.internal.NoopCompressor@2d5f7182, true, {}, []]" classname="com.datastax.oss.protocol.internal.ResponseFrameCodecTest" time="0.001"/>
  <testcase name="should_encode_response_frame[29: 4, -1, com.datastax.oss.protocol.internal.NoopCompressor@2d5f7182, true, {}, [warning 1, warning 2]]" classname="com.datastax.oss.protocol.internal.ResponseFrameCodecTest" time="0"/>
  <testcase name="should_encode_response_frame[30: 4, -1, com.datastax.oss.protocol.internal.NoopCompressor@2d5f7182, true, {foo=java.nio.HeapByteBuffer[pos=0 lim=1 cap=1], bar=java.nio.HeapByteBuffer[pos=0 lim=1 cap=1]}, []]" classname="com.datastax.oss.protocol.internal.ResponseFrameCodecTest" time="0.002"/>
  <testcase name="should_encode_response_frame[31: 4, -1, com.datastax.oss.protocol.internal.NoopCompressor@2d5f7182, true, {foo=java.nio.HeapByteBuffer[pos=0 lim=1 cap=1], bar=java.nio.HeapByteBuffer[pos=0 lim=1 cap=1]}, [warning 1, warning 2]]" classname="com.datastax.oss.protocol.internal.ResponseFrameCodecTest" time="0.001"/>
  <testcase name="should_encode_response_frame[32: 4, -1, com.datastax.oss.protocol.internal.binary.MockCompressor@59546cfe, false, {}, []]" classname="com.datastax.oss.protocol.internal.ResponseFrameCodecTest" time="0"/>
  <testcase name="should_encode_response_frame[33: 4, -1, com.datastax.oss.protocol.internal.binary.MockCompressor@59546cfe, false, {}, [warning 1, warning 2]]" classname="com.datastax.oss.protocol.internal.ResponseFrameCodecTest" time="0.001"/>
  <testcase name="should_encode_response_frame[34: 4, -1, com.datastax.oss.protocol.internal.binary.MockCompressor@59546cfe, false, {foo=java.nio.HeapByteBuffer[pos=0 lim=1 cap=1], bar=java.nio.HeapByteBuffer[pos=0 lim=1 cap=1]}, []]" classname="com.datastax.oss.protocol.internal.ResponseFrameCodecTest" time="0.005"/>
  <testcase name="should_encode_response_frame[35: 4, -1, com.datastax.oss.protocol.internal.binary.MockCompressor@59546cfe, false, {foo=java.nio.HeapByteBuffer[pos=0 lim=1 cap=1], bar=java.nio.HeapByteBuffer[pos=0 lim=1 cap=1]}, [warning 1, warning 2]]" classname="com.datastax.oss.protocol.internal.ResponseFrameCodecTest" time="0"/>
  <testcase name="should_encode_response_frame[36: 4, -1, com.datastax.oss.protocol.internal.binary.MockCompressor@59546cfe, true, {}, []]" classname="com.datastax.oss.protocol.internal.ResponseFrameCodecTest" time="0.001"/>
  <testcase name="should_encode_response_frame[37: 4, -1, com.datastax.oss.protocol.internal.binary.MockCompressor@59546cfe, true, {}, [warning 1, warning 2]]" classname="com.datastax.oss.protocol.internal.ResponseFrameCodecTest" time="0.002"/>
  <testcase name="should_encode_response_frame[38: 4, -1, com.datastax.oss.protocol.internal.binary.MockCompressor@59546cfe, true, {foo=java.nio.HeapByteBuffer[pos=0 lim=1 cap=1], bar=java.nio.HeapByteBuffer[pos=0 lim=1 cap=1]}, []]" classname="com.datastax.oss.protocol.internal.ResponseFrameCodecTest" time="0"/>
  <testcase name="should_encode_response_frame[39: 4, -1, com.datastax.oss.protocol.internal.binary.MockCompressor@59546cfe, true, {foo=java.nio.HeapByteBuffer[pos=0 lim=1 cap=1], bar=java.nio.HeapByteBuffer[pos=0 lim=1 cap=1]}, [warning 1, warning 2]]" classname="com.datastax.oss.protocol.internal.ResponseFrameCodecTest" time="0.011"/>
  <testcase name="should_encode_response_frame[40: 5, 2, com.datastax.oss.protocol.internal.NoopCompressor@2d5f7182, false, {}, []]" classname="com.datastax.oss.protocol.internal.ResponseFrameCodecTest" time="0"/>
  <testcase name="should_encode_response_frame[41: 5, 2, com.datastax.oss.protocol.internal.NoopCompressor@2d5f7182, false, {}, [warning 1, warning 2]]" classname="com.datastax.oss.protocol.internal.ResponseFrameCodecTest" time="0"/>
  <testcase name="should_encode_response_frame[42: 5, 2, com.datastax.oss.protocol.internal.NoopCompressor@2d5f7182, false, {foo=java.nio.HeapByteBuffer[pos=0 lim=1 cap=1], bar=java.nio.HeapByteBuffer[pos=0 lim=1 cap=1]}, []]" classname="com.datastax.oss.protocol.internal.ResponseFrameCodecTest" time="0"/>
  <testcase name="should_encode_response_frame[43: 5, 2, com.datastax.oss.protocol.internal.NoopCompressor@2d5f7182, false, {foo=java.nio.HeapByteBuffer[pos=0 lim=1 cap=1], bar=java.nio.HeapByteBuffer[pos=0 lim=1 cap=1]}, [warning 1, warning 2]]" classname="com.datastax.oss.protocol.internal.ResponseFrameCodecTest" time="0.001"/>
  <testcase name="should_encode_response_frame[44: 5, 2, com.datastax.oss.protocol.internal.NoopCompressor@2d5f7182, true, {}, []]" classname="com.datastax.oss.protocol.internal.ResponseFrameCodecTest" time="0"/>
  <testcase name="should_encode_response_frame[45: 5, 2, com.datastax.oss.protocol.internal.NoopCompressor@2d5f7182, true, {}, [warning 1, warning 2]]" classname="com.datastax.oss.protocol.internal.ResponseFrameCodecTest" time="0"/>
  <testcase name="should_encode_response_frame[46: 5, 2, com.datastax.oss.protocol.internal.NoopCompressor@2d5f7182, true, {foo=java.nio.HeapByteBuffer[pos=0 lim=1 cap=1], bar=java.nio.HeapByteBuffer[pos=0 lim=1 cap=1]}, []]" classname="com.datastax.oss.protocol.internal.ResponseFrameCodecTest" time="0.001"/>
  <testcase name="should_encode_response_frame[47: 5, 2, com.datastax.oss.protocol.internal.NoopCompressor@2d5f7182, true, {foo=java.nio.HeapByteBuffer[pos=0 lim=1 cap=1], bar=java.nio.HeapByteBuffer[pos=0 lim=1 cap=1]}, [warning 1, warning 2]]" classname="com.datastax.oss.protocol.internal.ResponseFrameCodecTest" time="0"/>
  <testcase name="should_encode_response_frame[48: 5, 2, com.datastax.oss.protocol.internal.binary.MockCompressor@59546cfe, false, {}, []]" classname="com.datastax.oss.protocol.internal.ResponseFrameCodecTest" time="0.001"/>
  <testcase name="should_encode_response_frame[49: 5, 2, com.datastax.oss.protocol.internal.binary.MockCompressor@59546cfe, false, {}, [warning 1, warning 2]]" classname="com.datastax.oss.protocol.internal.ResponseFrameCodecTest" time="0"/>
  <testcase name="should_encode_response_frame[50: 5, 2, com.datastax.oss.protocol.internal.binary.MockCompressor@59546cfe, false, {foo=java.nio.HeapByteBuffer[pos=0 lim=1 cap=1], bar=java.nio.HeapByteBuffer[pos=0 lim=1 cap=1]}, []]" classname="com.datastax.oss.protocol.internal.ResponseFrameCodecTest" time="0"/>
  <testcase name="should_encode_response_frame[51: 5, 2, com.datastax.oss.protocol.internal.binary.MockCompressor@59546cfe, false, {foo=java.nio.HeapByteBuffer[pos=0 lim=1 cap=1], bar=java.nio.HeapByteBuffer[pos=0 lim=1 cap=1]}, [warning 1, warning 2]]" classname="com.datastax.oss.protocol.internal.ResponseFrameCodecTest" time="0.002"/>
  <testcase name="should_encode_response_frame[52: 5, 2, com.datastax.oss.protocol.internal.binary.MockCompressor@59546cfe, true, {}, []]" classname="com.datastax.oss.protocol.internal.ResponseFrameCodecTest" time="0"/>
  <testcase name="should_encode_response_frame[53: 5, 2, com.datastax.oss.protocol.internal.binary.MockCompressor@59546cfe, true, {}, [warning 1, warning 2]]" classname="com.datastax.oss.protocol.internal.ResponseFrameCodecTest" time="0"/>
  <testcase name="should_encode_response_frame[54: 5, 2, com.datastax.oss.protocol.internal.binary.MockCompressor@59546cfe, true, {foo=java.nio.HeapByteBuffer[pos=0 lim=1 cap=1], bar=java.nio.HeapByteBuffer[pos=0 lim=1 cap=1]}, []]" classname="com.datastax.oss.protocol.internal.ResponseFrameCodecTest" time="0"/>
  <testcase name="should_encode_response_frame[55: 5, 2, com.datastax.oss.protocol.internal.binary.MockCompressor@59546cfe, true, {foo=java.nio.HeapByteBuffer[pos=0 lim=1 cap=1], bar=java.nio.HeapByteBuffer[pos=0 lim=1 cap=1]}, [warning 1, warning 2]]" classname="com.datastax.oss.protocol.internal.ResponseFrameCodecTest" time="0"/>
  <testcase name="should_encode_response_frame[56: 5, -1, com.datastax.oss.protocol.internal.NoopCompressor@2d5f7182, false, {}, []]" classname="com.datastax.oss.protocol.internal.ResponseFrameCodecTest" time="0"/>
  <testcase name="should_encode_response_frame[57: 5, -1, com.datastax.oss.protocol.internal.NoopCompressor@2d5f7182, false, {}, [warning 1, warning 2]]" classname="com.datastax.oss.protocol.internal.ResponseFrameCodecTest" time="0.002"/>
  <testcase name="should_encode_response_frame[58: 5, -1, com.datastax.oss.protocol.internal.NoopCompressor@2d5f7182, false, {foo=java.nio.HeapByteBuffer[pos=0 lim=1 cap=1], bar=java.nio.HeapByteBuffer[pos=0 lim=1 cap=1]}, []]" classname="com.datastax.oss.protocol.internal.ResponseFrameCodecTest" time="0.001"/>
  <testcase name="should_encode_response_frame[59: 5, -1, com.datastax.oss.protocol.internal.NoopCompressor@2d5f7182, false, {foo=java.nio.HeapByteBuffer[pos=0 lim=1 cap=1], bar=java.nio.HeapByteBuffer[pos=0 lim=1 cap=1]}, [warning 1, warning 2]]" classname="com.datastax.oss.protocol.internal.ResponseFrameCodecTest" time="0.001"/>
  <testcase name="should_encode_response_frame[60: 5, -1, com.datastax.oss.protocol.internal.NoopCompressor@2d5f7182, true, {}, []]" classname="com.datastax.oss.protocol.internal.ResponseFrameCodecTest" time="0"/>
  <testcase name="should_encode_response_frame[61: 5, -1, com.datastax.oss.protocol.internal.NoopCompressor@2d5f7182, true, {}, [warning 1, warning 2]]" classname="com.datastax.oss.protocol.internal.ResponseFrameCodecTest" time="0.001"/>
  <testcase name="should_encode_response_frame[62: 5, -1, com.datastax.oss.protocol.internal.NoopCompressor@2d5f7182, true, {foo=java.nio.HeapByteBuffer[pos=0 lim=1 cap=1], bar=java.nio.HeapByteBuffer[pos=0 lim=1 cap=1]}, []]" classname="com.datastax.oss.protocol.internal.ResponseFrameCodecTest" time="0"/>
  <testcase name="should_encode_response_frame[63: 5, -1, com.datastax.oss.protocol.internal.NoopCompressor@2d5f7182, true, {foo=java.nio.HeapByteBuffer[pos=0 lim=1 cap=1], bar=java.nio.HeapByteBuffer[pos=0 lim=1 cap=1]}, [warning 1, warning 2]]" classname="com.datastax.oss.protocol.internal.ResponseFrameCodecTest" time="0"/>
  <testcase name="should_encode_response_frame[64: 5, -1, com.datastax.oss.protocol.internal.binary.MockCompressor@59546cfe, false, {}, []]" classname="com.datastax.oss.protocol.internal.ResponseFrameCodecTest" time="0"/>
  <testcase name="should_encode_response_frame[65: 5, -1, com.datastax.oss.protocol.internal.binary.MockCompressor@59546cfe, false, {}, [warning 1, warning 2]]" classname="com.datastax.oss.protocol.internal.ResponseFrameCodecTest" time="0"/>
  <testcase name="should_encode_response_frame[66: 5, -1, com.datastax.oss.protocol.internal.binary.MockCompressor@59546cfe, false, {foo=java.nio.HeapByteBuffer[pos=0 lim=1 cap=1], bar=java.nio.HeapByteBuffer[pos=0 lim=1 cap=1]}, []]" classname="com.datastax.oss.protocol.internal.ResponseFrameCodecTest" time="0.001"/>
  <testcase name="should_encode_response_frame[67: 5, -1, com.datastax.oss.protocol.internal.binary.MockCompressor@59546cfe, false, {foo=java.nio.HeapByteBuffer[pos=0 lim=1 cap=1], bar=java.nio.HeapByteBuffer[pos=0 lim=1 cap=1]}, [warning 1, warning 2]]" classname="com.datastax.oss.protocol.internal.ResponseFrameCodecTest" time="0.001"/>
  <testcase name="should_encode_response_frame[68: 5, -1, com.datastax.oss.protocol.internal.binary.MockCompressor@59546cfe, true, {}, []]" classname="com.datastax.oss.protocol.internal.ResponseFrameCodecTest" time="0"/>
  <testcase name="should_encode_response_frame[69: 5, -1, com.datastax.oss.protocol.internal.binary.MockCompressor@59546cfe, true, {}, [warning 1, warning 2]]" classname="com.datastax.oss.protocol.internal.ResponseFrameCodecTest" time="0.001"/>
  <testcase name="should_encode_response_frame[70: 5, -1, com.datastax.oss.protocol.internal.binary.MockCompressor@59546cfe, true, {foo=java.nio.HeapByteBuffer[pos=0 lim=1 cap=1], bar=java.nio.HeapByteBuffer[pos=0 lim=1 cap=1]}, []]" classname="com.datastax.oss.protocol.internal.ResponseFrameCodecTest" time="0.001"/>
  <testcase name="should_encode_response_frame[71: 5, -1, com.datastax.oss.protocol.internal.binary.MockCompressor@59546cfe, true, {foo=java.nio.HeapByteBuffer[pos=0 lim=1 cap=1], bar=java.nio.HeapByteBuffer[pos=0 lim=1 cap=1]}, [warning 1, warning 2]]" classname="com.datastax.oss.protocol.internal.ResponseFrameCodecTest" time="0.001"/>
</testsuite>